Determining if the pthread_create exist failed with the following output:
Change Dir: /home/kenneth/nao/devtools/naoqi-sdk/doc/examples/core/wbredball/build-cross-atom/CMakeFiles/CMakeTmp

Run Build Command:/usr/bin/make "cmTryCompileExec4127158521/fast"
/usr/bin/make -f CMakeFiles/cmTryCompileExec4127158521.dir/build.make CMakeFiles/cmTryCompileExec4127158521.dir/build
make[1]: Entering directory `/home/kenneth/nao/devtools/naoqi-sdk/doc/examples/core/wbredball/build-cross-atom/CMakeFiles/CMakeTmp'
/usr/bin/cmake -E cmake_progress_report /home/kenneth/nao/devtools/naoqi-sdk/doc/examples/core/wbredball/build-cross-atom/CMakeFiles/CMakeTmp/CMakeFiles 1
Building C object CMakeFiles/cmTryCompileExec4127158521.dir/CheckSymbolExists.c.o
/home/kenneth/nao/devtools/nao-atom-cross-toolchain/cross/bin/i686-aldebaran-linux-gnu-gcc   --sysroot /home/kenneth/nao/devtools/nao-atom-cross-toolchain//sysroot/ -pipe -fomit-frame-pointer -fno-align-jumps -fno-align-functions -fno-align-labels -fno-align-loops -m32 -mtune=generic -DOE_CROSS_BUILD    -o CMakeFiles/cmTryCompileExec4127158521.dir/CheckSymbolExists.c.o   -c /home/kenneth/nao/devtools/naoqi-sdk/doc/examples/core/wbredball/build-cross-atom/CMakeFiles/CMakeTmp/CheckSymbolExists.c
Linking C executable cmTryCompileExec4127158521
/usr/bin/cmake -E cmake_link_script CMakeFiles/cmTryCompileExec4127158521.dir/link.txt --verbose=1
/home/kenneth/nao/devtools/nao-atom-cross-toolchain/cross/bin/i686-aldebaran-linux-gnu-gcc   --sysroot /home/kenneth/nao/devtools/nao-atom-cross-toolchain//sysroot/ -pipe -fomit-frame-pointer -fno-align-jumps -fno-align-functions -fno-align-labels -fno-align-loops -m32 -mtune=generic -DOE_CROSS_BUILD   -Wl,--sysroot,/home/kenneth/nao/devtools/nao-atom-cross-toolchain//sysroot/ CMakeFiles/cmTryCompileExec4127158521.dir/CheckSymbolExists.c.o  -o cmTryCompileExec4127158521 -rdynamic 
CMakeFiles/cmTryCompileExec4127158521.dir/CheckSymbolExists.c.o: In function `main':
CheckSymbolExists.c:(.text+0x1): undefined reference to `pthread_create'
collect2: ld returned 1 exit status
make[1]: *** [cmTryCompileExec4127158521] Error 1
make[1]: Leaving directory `/home/kenneth/nao/devtools/naoqi-sdk/doc/examples/core/wbredball/build-cross-atom/CMakeFiles/CMakeTmp'
make: *** [cmTryCompileExec4127158521/fast] Error 2

File /home/kenneth/nao/devtools/naoqi-sdk/doc/examples/core/wbredball/build-cross-atom/CMakeFiles/CMakeTmp/CheckSymbolExists.c:
/* */
#include <pthread.h>

int main(int argc, char** argv)
{
  (void)argv;
#ifndef pthread_create
  return ((int*)(&pthread_create))[argc];
#else
  (void)argc;
  return 0;
#endif
}

Determining if the function pthread_create exists in the pthreads failed with the following output:
Change Dir: /home/kenneth/nao/devtools/naoqi-sdk/doc/examples/core/wbredball/build-cross-atom/CMakeFiles/CMakeTmp

Run Build Command:/usr/bin/make "cmTryCompileExec3305163798/fast"
/usr/bin/make -f CMakeFiles/cmTryCompileExec3305163798.dir/build.make CMakeFiles/cmTryCompileExec3305163798.dir/build
make[1]: Entering directory `/home/kenneth/nao/devtools/naoqi-sdk/doc/examples/core/wbredball/build-cross-atom/CMakeFiles/CMakeTmp'
/usr/bin/cmake -E cmake_progress_report /home/kenneth/nao/devtools/naoqi-sdk/doc/examples/core/wbredball/build-cross-atom/CMakeFiles/CMakeTmp/CMakeFiles 1
Building C object CMakeFiles/cmTryCompileExec3305163798.dir/CheckFunctionExists.c.o
/home/kenneth/nao/devtools/nao-atom-cross-toolchain/cross/bin/i686-aldebaran-linux-gnu-gcc   --sysroot /home/kenneth/nao/devtools/nao-atom-cross-toolchain//sysroot/ -pipe -fomit-frame-pointer -fno-align-jumps -fno-align-functions -fno-align-labels -fno-align-loops -m32 -mtune=generic -DOE_CROSS_BUILD -DCHECK_FUNCTION_EXISTS=pthread_create   -o CMakeFiles/cmTryCompileExec3305163798.dir/CheckFunctionExists.c.o   -c /usr/share/cmake-2.8/Modules/CheckFunctionExists.c
Linking C executable cmTryCompileExec3305163798
/usr/bin/cmake -E cmake_link_script CMakeFiles/cmTryCompileExec3305163798.dir/link.txt --verbose=1
/home/kenneth/nao/devtools/nao-atom-cross-toolchain/cross/bin/i686-aldebaran-linux-gnu-gcc   --sysroot /home/kenneth/nao/devtools/nao-atom-cross-toolchain//sysroot/ -pipe -fomit-frame-pointer -fno-align-jumps -fno-align-functions -fno-align-labels -fno-align-loops -m32 -mtune=generic -DOE_CROSS_BUILD -DCHECK_FUNCTION_EXISTS=pthread_create  -Wl,--sysroot,/home/kenneth/nao/devtools/nao-atom-cross-toolchain//sysroot/ CMakeFiles/cmTryCompileExec3305163798.dir/CheckFunctionExists.c.o  -o cmTryCompileExec3305163798 -rdynamic -lpthreads 
/home/kenneth/nao/devtools/nao-atom-cross-toolchain/cross/bin/../lib/gcc/i686-aldebaran-linux-gnu/4.5.3/../../../../i686-aldebaran-linux-gnu/bin/ld: cannot find -lpthreads
collect2: ld returned 1 exit status
make[1]: *** [cmTryCompileExec3305163798] Error 1
make[1]: Leaving directory `/home/kenneth/nao/devtools/naoqi-sdk/doc/examples/core/wbredball/build-cross-atom/CMakeFiles/CMakeTmp'
make: *** [cmTryCompileExec3305163798/fast] Error 2


