The target system is: Linux -  - i486
The host system is: Linux - 3.16.0-38-generic - x86_64
Determining if files pthread.h exist passed with the following output:
Change Dir: /home/kenneth/nao/devtools/naoqi-sdk/doc/examples/core/wbredball/build-cross-atom/CMakeFiles/CMakeTmp

Run Build Command:/usr/bin/make "cmTryCompileExec46508234/fast"
/usr/bin/make -f CMakeFiles/cmTryCompileExec46508234.dir/build.make CMakeFiles/cmTryCompileExec46508234.dir/build
make[1]: Entering directory `/home/kenneth/nao/devtools/naoqi-sdk/doc/examples/core/wbredball/build-cross-atom/CMakeFiles/CMakeTmp'
/usr/bin/cmake -E cmake_progress_report /home/kenneth/nao/devtools/naoqi-sdk/doc/examples/core/wbredball/build-cross-atom/CMakeFiles/CMakeTmp/CMakeFiles 1
Building C object CMakeFiles/cmTryCompileExec46508234.dir/CheckIncludeFiles.c.o
/home/kenneth/nao/devtools/nao-atom-cross-toolchain/cross/bin/i686-aldebaran-linux-gnu-gcc   --sysroot /home/kenneth/nao/devtools/nao-atom-cross-toolchain//sysroot/ -pipe -fomit-frame-pointer -fno-align-jumps -fno-align-functions -fno-align-labels -fno-align-loops -m32 -mtune=generic -DOE_CROSS_BUILD    -o CMakeFiles/cmTryCompileExec46508234.dir/CheckIncludeFiles.c.o   -c /home/kenneth/nao/devtools/naoqi-sdk/doc/examples/core/wbredball/build-cross-atom/CMakeFiles/CMakeTmp/CheckIncludeFiles.c
Linking C executable cmTryCompileExec46508234
/usr/bin/cmake -E cmake_link_script CMakeFiles/cmTryCompileExec46508234.dir/link.txt --verbose=1
/home/kenneth/nao/devtools/nao-atom-cross-toolchain/cross/bin/i686-aldebaran-linux-gnu-gcc   --sysroot /home/kenneth/nao/devtools/nao-atom-cross-toolchain//sysroot/ -pipe -fomit-frame-pointer -fno-align-jumps -fno-align-functions -fno-align-labels -fno-align-loops -m32 -mtune=generic -DOE_CROSS_BUILD   -Wl,--sysroot,/home/kenneth/nao/devtools/nao-atom-cross-toolchain//sysroot/ CMakeFiles/cmTryCompileExec46508234.dir/CheckIncludeFiles.c.o  -o cmTryCompileExec46508234 -rdynamic 
make[1]: Leaving directory `/home/kenneth/nao/devtools/naoqi-sdk/doc/examples/core/wbredball/build-cross-atom/CMakeFiles/CMakeTmp'


Determining if the function pthread_create exists in the pthread passed with the following output:
Change Dir: /home/kenneth/nao/devtools/naoqi-sdk/doc/examples/core/wbredball/build-cross-atom/CMakeFiles/CMakeTmp

Run Build Command:/usr/bin/make "cmTryCompileExec1555196543/fast"
/usr/bin/make -f CMakeFiles/cmTryCompileExec1555196543.dir/build.make CMakeFiles/cmTryCompileExec1555196543.dir/build
make[1]: Entering directory `/home/kenneth/nao/devtools/naoqi-sdk/doc/examples/core/wbredball/build-cross-atom/CMakeFiles/CMakeTmp'
/usr/bin/cmake -E cmake_progress_report /home/kenneth/nao/devtools/naoqi-sdk/doc/examples/core/wbredball/build-cross-atom/CMakeFiles/CMakeTmp/CMakeFiles 1
Building C object CMakeFiles/cmTryCompileExec1555196543.dir/CheckFunctionExists.c.o
/home/kenneth/nao/devtools/nao-atom-cross-toolchain/cross/bin/i686-aldebaran-linux-gnu-gcc   --sysroot /home/kenneth/nao/devtools/nao-atom-cross-toolchain//sysroot/ -pipe -fomit-frame-pointer -fno-align-jumps -fno-align-functions -fno-align-labels -fno-align-loops -m32 -mtune=generic -DOE_CROSS_BUILD -DCHECK_FUNCTION_EXISTS=pthread_create   -o CMakeFiles/cmTryCompileExec1555196543.dir/CheckFunctionExists.c.o   -c /usr/share/cmake-2.8/Modules/CheckFunctionExists.c
Linking C executable cmTryCompileExec1555196543
/usr/bin/cmake -E cmake_link_script CMakeFiles/cmTryCompileExec1555196543.dir/link.txt --verbose=1
/home/kenneth/nao/devtools/nao-atom-cross-toolchain/cross/bin/i686-aldebaran-linux-gnu-gcc   --sysroot /home/kenneth/nao/devtools/nao-atom-cross-toolchain//sysroot/ -pipe -fomit-frame-pointer -fno-align-jumps -fno-align-functions -fno-align-labels -fno-align-loops -m32 -mtune=generic -DOE_CROSS_BUILD -DCHECK_FUNCTION_EXISTS=pthread_create  -Wl,--sysroot,/home/kenneth/nao/devtools/nao-atom-cross-toolchain//sysroot/ CMakeFiles/cmTryCompileExec1555196543.dir/CheckFunctionExists.c.o  -o cmTryCompileExec1555196543 -rdynamic -lpthread 
make[1]: Leaving directory `/home/kenneth/nao/devtools/naoqi-sdk/doc/examples/core/wbredball/build-cross-atom/CMakeFiles/CMakeTmp'


Determining if files pthread.h exist passed with the following output:
Change Dir: /home/kenneth/nao/devtools/naoqi-sdk/doc/examples/core/wbredball/build-cross-atom/CMakeFiles/CMakeTmp

Run Build Command:/usr/bin/make "cmTryCompileExec3407465837/fast"
/usr/bin/make -f CMakeFiles/cmTryCompileExec3407465837.dir/build.make CMakeFiles/cmTryCompileExec3407465837.dir/build
make[1]: Entering directory `/home/kenneth/nao/devtools/naoqi-sdk/doc/examples/core/wbredball/build-cross-atom/CMakeFiles/CMakeTmp'
/usr/bin/cmake -E cmake_progress_report /home/kenneth/nao/devtools/naoqi-sdk/doc/examples/core/wbredball/build-cross-atom/CMakeFiles/CMakeTmp/CMakeFiles 1
Building C object CMakeFiles/cmTryCompileExec3407465837.dir/CheckIncludeFiles.c.o
/home/kenneth/nao/devtools/nao-atom-cross-toolchain/cross/bin/i686-aldebaran-linux-gnu-gcc   --sysroot /home/kenneth/nao/devtools/nao-atom-cross-toolchain//sysroot/ -pipe -fomit-frame-pointer -fno-align-jumps -fno-align-functions -fno-align-labels -fno-align-loops -m32 -mtune=generic -DOE_CROSS_BUILD    -o CMakeFiles/cmTryCompileExec3407465837.dir/CheckIncludeFiles.c.o   -c /home/kenneth/nao/devtools/naoqi-sdk/doc/examples/core/wbredball/build-cross-atom/CMakeFiles/CMakeTmp/CheckIncludeFiles.c
Linking C executable cmTryCompileExec3407465837
/usr/bin/cmake -E cmake_link_script CMakeFiles/cmTryCompileExec3407465837.dir/link.txt --verbose=1
/home/kenneth/nao/devtools/nao-atom-cross-toolchain/cross/bin/i686-aldebaran-linux-gnu-gcc   --sysroot /home/kenneth/nao/devtools/nao-atom-cross-toolchain//sysroot/ -pipe -fomit-frame-pointer -fno-align-jumps -fno-align-functions -fno-align-labels -fno-align-loops -m32 -mtune=generic -DOE_CROSS_BUILD   -Wl,--sysroot,/home/kenneth/nao/devtools/nao-atom-cross-toolchain//sysroot/ CMakeFiles/cmTryCompileExec3407465837.dir/CheckIncludeFiles.c.o  -o cmTryCompileExec3407465837 -rdynamic 
make[1]: Leaving directory `/home/kenneth/nao/devtools/naoqi-sdk/doc/examples/core/wbredball/build-cross-atom/CMakeFiles/CMakeTmp'


Determining if the function pthread_create exists in the pthread passed with the following output:
Change Dir: /home/kenneth/nao/devtools/naoqi-sdk/doc/examples/core/wbredball/build-cross-atom/CMakeFiles/CMakeTmp

Run Build Command:/usr/bin/make "cmTryCompileExec3407505574/fast"
/usr/bin/make -f CMakeFiles/cmTryCompileExec3407505574.dir/build.make CMakeFiles/cmTryCompileExec3407505574.dir/build
make[1]: Entering directory `/home/kenneth/nao/devtools/naoqi-sdk/doc/examples/core/wbredball/build-cross-atom/CMakeFiles/CMakeTmp'
/usr/bin/cmake -E cmake_progress_report /home/kenneth/nao/devtools/naoqi-sdk/doc/examples/core/wbredball/build-cross-atom/CMakeFiles/CMakeTmp/CMakeFiles 1
Building C object CMakeFiles/cmTryCompileExec3407505574.dir/CheckFunctionExists.c.o
/home/kenneth/nao/devtools/nao-atom-cross-toolchain/cross/bin/i686-aldebaran-linux-gnu-gcc   --sysroot /home/kenneth/nao/devtools/nao-atom-cross-toolchain//sysroot/ -pipe -fomit-frame-pointer -fno-align-jumps -fno-align-functions -fno-align-labels -fno-align-loops -m32 -mtune=generic -DOE_CROSS_BUILD -DCHECK_FUNCTION_EXISTS=pthread_create   -o CMakeFiles/cmTryCompileExec3407505574.dir/CheckFunctionExists.c.o   -c /usr/share/cmake-2.8/Modules/CheckFunctionExists.c
Linking C executable cmTryCompileExec3407505574
/usr/bin/cmake -E cmake_link_script CMakeFiles/cmTryCompileExec3407505574.dir/link.txt --verbose=1
/home/kenneth/nao/devtools/nao-atom-cross-toolchain/cross/bin/i686-aldebaran-linux-gnu-gcc   --sysroot /home/kenneth/nao/devtools/nao-atom-cross-toolchain//sysroot/ -pipe -fomit-frame-pointer -fno-align-jumps -fno-align-functions -fno-align-labels -fno-align-loops -m32 -mtune=generic -DOE_CROSS_BUILD -DCHECK_FUNCTION_EXISTS=pthread_create  -Wl,--sysroot,/home/kenneth/nao/devtools/nao-atom-cross-toolchain//sysroot/ CMakeFiles/cmTryCompileExec3407505574.dir/CheckFunctionExists.c.o  -o cmTryCompileExec3407505574 -rdynamic -lpthread 
make[1]: Leaving directory `/home/kenneth/nao/devtools/naoqi-sdk/doc/examples/core/wbredball/build-cross-atom/CMakeFiles/CMakeTmp'


Determining if files pthread.h exist passed with the following output:
Change Dir: /home/kenneth/nao/devtools/naoqi-sdk/doc/examples/core/wbredball/build-cross-atom/CMakeFiles/CMakeTmp

Run Build Command:/usr/bin/make "cmTryCompileExec3878525912/fast"
/usr/bin/make -f CMakeFiles/cmTryCompileExec3878525912.dir/build.make CMakeFiles/cmTryCompileExec3878525912.dir/build
make[1]: Entering directory `/home/kenneth/nao/devtools/naoqi-sdk/doc/examples/core/wbredball/build-cross-atom/CMakeFiles/CMakeTmp'
/usr/bin/cmake -E cmake_progress_report /home/kenneth/nao/devtools/naoqi-sdk/doc/examples/core/wbredball/build-cross-atom/CMakeFiles/CMakeTmp/CMakeFiles 1
Building C object CMakeFiles/cmTryCompileExec3878525912.dir/CheckIncludeFiles.c.o
/home/kenneth/nao/devtools/nao-atom-cross-toolchain/cross/bin/i686-aldebaran-linux-gnu-gcc   --sysroot /home/kenneth/nao/devtools/nao-atom-cross-toolchain//sysroot/ -pipe -fomit-frame-pointer -fno-align-jumps -fno-align-functions -fno-align-labels -fno-align-loops -m32 -mtune=generic -DOE_CROSS_BUILD    -o CMakeFiles/cmTryCompileExec3878525912.dir/CheckIncludeFiles.c.o   -c /home/kenneth/nao/devtools/naoqi-sdk/doc/examples/core/wbredball/build-cross-atom/CMakeFiles/CMakeTmp/CheckIncludeFiles.c
Linking C executable cmTryCompileExec3878525912
/usr/bin/cmake -E cmake_link_script CMakeFiles/cmTryCompileExec3878525912.dir/link.txt --verbose=1
/home/kenneth/nao/devtools/nao-atom-cross-toolchain/cross/bin/i686-aldebaran-linux-gnu-gcc   --sysroot /home/kenneth/nao/devtools/nao-atom-cross-toolchain//sysroot/ -pipe -fomit-frame-pointer -fno-align-jumps -fno-align-functions -fno-align-labels -fno-align-loops -m32 -mtune=generic -DOE_CROSS_BUILD   -Wl,--sysroot,/home/kenneth/nao/devtools/nao-atom-cross-toolchain//sysroot/ CMakeFiles/cmTryCompileExec3878525912.dir/CheckIncludeFiles.c.o  -o cmTryCompileExec3878525912 -rdynamic 
make[1]: Leaving directory `/home/kenneth/nao/devtools/naoqi-sdk/doc/examples/core/wbredball/build-cross-atom/CMakeFiles/CMakeTmp'


Determining if the function pthread_create exists in the pthread passed with the following output:
Change Dir: /home/kenneth/nao/devtools/naoqi-sdk/doc/examples/core/wbredball/build-cross-atom/CMakeFiles/CMakeTmp

Run Build Command:/usr/bin/make "cmTryCompileExec2248494504/fast"
/usr/bin/make -f CMakeFiles/cmTryCompileExec2248494504.dir/build.make CMakeFiles/cmTryCompileExec2248494504.dir/build
make[1]: Entering directory `/home/kenneth/nao/devtools/naoqi-sdk/doc/examples/core/wbredball/build-cross-atom/CMakeFiles/CMakeTmp'
/usr/bin/cmake -E cmake_progress_report /home/kenneth/nao/devtools/naoqi-sdk/doc/examples/core/wbredball/build-cross-atom/CMakeFiles/CMakeTmp/CMakeFiles 1
Building C object CMakeFiles/cmTryCompileExec2248494504.dir/CheckFunctionExists.c.o
/home/kenneth/nao/devtools/nao-atom-cross-toolchain/cross/bin/i686-aldebaran-linux-gnu-gcc   --sysroot /home/kenneth/nao/devtools/nao-atom-cross-toolchain//sysroot/ -pipe -fomit-frame-pointer -fno-align-jumps -fno-align-functions -fno-align-labels -fno-align-loops -m32 -mtune=generic -DOE_CROSS_BUILD -DCHECK_FUNCTION_EXISTS=pthread_create   -o CMakeFiles/cmTryCompileExec2248494504.dir/CheckFunctionExists.c.o   -c /usr/share/cmake-2.8/Modules/CheckFunctionExists.c
Linking C executable cmTryCompileExec2248494504
/usr/bin/cmake -E cmake_link_script CMakeFiles/cmTryCompileExec2248494504.dir/link.txt --verbose=1
/home/kenneth/nao/devtools/nao-atom-cross-toolchain/cross/bin/i686-aldebaran-linux-gnu-gcc   --sysroot /home/kenneth/nao/devtools/nao-atom-cross-toolchain//sysroot/ -pipe -fomit-frame-pointer -fno-align-jumps -fno-align-functions -fno-align-labels -fno-align-loops -m32 -mtune=generic -DOE_CROSS_BUILD -DCHECK_FUNCTION_EXISTS=pthread_create  -Wl,--sysroot,/home/kenneth/nao/devtools/nao-atom-cross-toolchain//sysroot/ CMakeFiles/cmTryCompileExec2248494504.dir/CheckFunctionExists.c.o  -o cmTryCompileExec2248494504 -rdynamic -lpthread 
make[1]: Leaving directory `/home/kenneth/nao/devtools/naoqi-sdk/doc/examples/core/wbredball/build-cross-atom/CMakeFiles/CMakeTmp'


Determining if files pthread.h exist passed with the following output:
Change Dir: /home/kenneth/nao/devtools/naoqi-sdk/doc/examples/core/wbredball/build-cross-atom/CMakeFiles/CMakeTmp

Run Build Command:/usr/bin/make "cmTryCompileExec3656593745/fast"
/usr/bin/make -f CMakeFiles/cmTryCompileExec3656593745.dir/build.make CMakeFiles/cmTryCompileExec3656593745.dir/build
make[1]: Entering directory `/home/kenneth/nao/devtools/naoqi-sdk/doc/examples/core/wbredball/build-cross-atom/CMakeFiles/CMakeTmp'
/usr/bin/cmake -E cmake_progress_report /home/kenneth/nao/devtools/naoqi-sdk/doc/examples/core/wbredball/build-cross-atom/CMakeFiles/CMakeTmp/CMakeFiles 1
Building C object CMakeFiles/cmTryCompileExec3656593745.dir/CheckIncludeFiles.c.o
/home/kenneth/nao/devtools/nao-atom-cross-toolchain/cross/bin/i686-aldebaran-linux-gnu-gcc   --sysroot /home/kenneth/nao/devtools/nao-atom-cross-toolchain//sysroot/ -pipe -fomit-frame-pointer -fno-align-jumps -fno-align-functions -fno-align-labels -fno-align-loops -m32 -mtune=generic -DOE_CROSS_BUILD    -o CMakeFiles/cmTryCompileExec3656593745.dir/CheckIncludeFiles.c.o   -c /home/kenneth/nao/devtools/naoqi-sdk/doc/examples/core/wbredball/build-cross-atom/CMakeFiles/CMakeTmp/CheckIncludeFiles.c
Linking C executable cmTryCompileExec3656593745
/usr/bin/cmake -E cmake_link_script CMakeFiles/cmTryCompileExec3656593745.dir/link.txt --verbose=1
/home/kenneth/nao/devtools/nao-atom-cross-toolchain/cross/bin/i686-aldebaran-linux-gnu-gcc   --sysroot /home/kenneth/nao/devtools/nao-atom-cross-toolchain//sysroot/ -pipe -fomit-frame-pointer -fno-align-jumps -fno-align-functions -fno-align-labels -fno-align-loops -m32 -mtune=generic -DOE_CROSS_BUILD   -Wl,--sysroot,/home/kenneth/nao/devtools/nao-atom-cross-toolchain//sysroot/ CMakeFiles/cmTryCompileExec3656593745.dir/CheckIncludeFiles.c.o  -o cmTryCompileExec3656593745 -rdynamic 
make[1]: Leaving directory `/home/kenneth/nao/devtools/naoqi-sdk/doc/examples/core/wbredball/build-cross-atom/CMakeFiles/CMakeTmp'


Determining if the function pthread_create exists in the pthread passed with the following output:
Change Dir: /home/kenneth/nao/devtools/naoqi-sdk/doc/examples/core/wbredball/build-cross-atom/CMakeFiles/CMakeTmp

Run Build Command:/usr/bin/make "cmTryCompileExec3889828394/fast"
/usr/bin/make -f CMakeFiles/cmTryCompileExec3889828394.dir/build.make CMakeFiles/cmTryCompileExec3889828394.dir/build
make[1]: Entering directory `/home/kenneth/nao/devtools/naoqi-sdk/doc/examples/core/wbredball/build-cross-atom/CMakeFiles/CMakeTmp'
/usr/bin/cmake -E cmake_progress_report /home/kenneth/nao/devtools/naoqi-sdk/doc/examples/core/wbredball/build-cross-atom/CMakeFiles/CMakeTmp/CMakeFiles 1
Building C object CMakeFiles/cmTryCompileExec3889828394.dir/CheckFunctionExists.c.o
/home/kenneth/nao/devtools/nao-atom-cross-toolchain/cross/bin/i686-aldebaran-linux-gnu-gcc   --sysroot /home/kenneth/nao/devtools/nao-atom-cross-toolchain//sysroot/ -pipe -fomit-frame-pointer -fno-align-jumps -fno-align-functions -fno-align-labels -fno-align-loops -m32 -mtune=generic -DOE_CROSS_BUILD -DCHECK_FUNCTION_EXISTS=pthread_create   -o CMakeFiles/cmTryCompileExec3889828394.dir/CheckFunctionExists.c.o   -c /usr/share/cmake-2.8/Modules/CheckFunctionExists.c
Linking C executable cmTryCompileExec3889828394
/usr/bin/cmake -E cmake_link_script CMakeFiles/cmTryCompileExec3889828394.dir/link.txt --verbose=1
/home/kenneth/nao/devtools/nao-atom-cross-toolchain/cross/bin/i686-aldebaran-linux-gnu-gcc   --sysroot /home/kenneth/nao/devtools/nao-atom-cross-toolchain//sysroot/ -pipe -fomit-frame-pointer -fno-align-jumps -fno-align-functions -fno-align-labels -fno-align-loops -m32 -mtune=generic -DOE_CROSS_BUILD -DCHECK_FUNCTION_EXISTS=pthread_create  -Wl,--sysroot,/home/kenneth/nao/devtools/nao-atom-cross-toolchain//sysroot/ CMakeFiles/cmTryCompileExec3889828394.dir/CheckFunctionExists.c.o  -o cmTryCompileExec3889828394 -rdynamic -lpthread 
make[1]: Leaving directory `/home/kenneth/nao/devtools/naoqi-sdk/doc/examples/core/wbredball/build-cross-atom/CMakeFiles/CMakeTmp'


Determining if files pthread.h exist passed with the following output:
Change Dir: /home/kenneth/nao/devtools/naoqi-sdk/doc/examples/core/wbredball/build-cross-atom/CMakeFiles/CMakeTmp

Run Build Command:/usr/bin/make "cmTryCompileExec1077714066/fast"
/usr/bin/make -f CMakeFiles/cmTryCompileExec1077714066.dir/build.make CMakeFiles/cmTryCompileExec1077714066.dir/build
make[1]: Entering directory `/home/kenneth/nao/devtools/naoqi-sdk/doc/examples/core/wbredball/build-cross-atom/CMakeFiles/CMakeTmp'
/usr/bin/cmake -E cmake_progress_report /home/kenneth/nao/devtools/naoqi-sdk/doc/examples/core/wbredball/build-cross-atom/CMakeFiles/CMakeTmp/CMakeFiles 1
Building C object CMakeFiles/cmTryCompileExec1077714066.dir/CheckIncludeFiles.c.o
/home/kenneth/nao/devtools/nao-atom-cross-toolchain/cross/bin/i686-aldebaran-linux-gnu-gcc   --sysroot /home/kenneth/nao/devtools/nao-atom-cross-toolchain//sysroot/ -pipe -fomit-frame-pointer -fno-align-jumps -fno-align-functions -fno-align-labels -fno-align-loops -m32 -mtune=generic -DOE_CROSS_BUILD    -o CMakeFiles/cmTryCompileExec1077714066.dir/CheckIncludeFiles.c.o   -c /home/kenneth/nao/devtools/naoqi-sdk/doc/examples/core/wbredball/build-cross-atom/CMakeFiles/CMakeTmp/CheckIncludeFiles.c
Linking C executable cmTryCompileExec1077714066
/usr/bin/cmake -E cmake_link_script CMakeFiles/cmTryCompileExec1077714066.dir/link.txt --verbose=1
/home/kenneth/nao/devtools/nao-atom-cross-toolchain/cross/bin/i686-aldebaran-linux-gnu-gcc   --sysroot /home/kenneth/nao/devtools/nao-atom-cross-toolchain//sysroot/ -pipe -fomit-frame-pointer -fno-align-jumps -fno-align-functions -fno-align-labels -fno-align-loops -m32 -mtune=generic -DOE_CROSS_BUILD   -Wl,--sysroot,/home/kenneth/nao/devtools/nao-atom-cross-toolchain//sysroot/ CMakeFiles/cmTryCompileExec1077714066.dir/CheckIncludeFiles.c.o  -o cmTryCompileExec1077714066 -rdynamic 
make[1]: Leaving directory `/home/kenneth/nao/devtools/naoqi-sdk/doc/examples/core/wbredball/build-cross-atom/CMakeFiles/CMakeTmp'


Determining if the function pthread_create exists in the pthread passed with the following output:
Change Dir: /home/kenneth/nao/devtools/naoqi-sdk/doc/examples/core/wbredball/build-cross-atom/CMakeFiles/CMakeTmp

Run Build Command:/usr/bin/make "cmTryCompileExec2623377569/fast"
/usr/bin/make -f CMakeFiles/cmTryCompileExec2623377569.dir/build.make CMakeFiles/cmTryCompileExec2623377569.dir/build
make[1]: Entering directory `/home/kenneth/nao/devtools/naoqi-sdk/doc/examples/core/wbredball/build-cross-atom/CMakeFiles/CMakeTmp'
/usr/bin/cmake -E cmake_progress_report /home/kenneth/nao/devtools/naoqi-sdk/doc/examples/core/wbredball/build-cross-atom/CMakeFiles/CMakeTmp/CMakeFiles 1
Building C object CMakeFiles/cmTryCompileExec2623377569.dir/CheckFunctionExists.c.o
/home/kenneth/nao/devtools/nao-atom-cross-toolchain/cross/bin/i686-aldebaran-linux-gnu-gcc   --sysroot /home/kenneth/nao/devtools/nao-atom-cross-toolchain//sysroot/ -pipe -fomit-frame-pointer -fno-align-jumps -fno-align-functions -fno-align-labels -fno-align-loops -m32 -mtune=generic -DOE_CROSS_BUILD -DCHECK_FUNCTION_EXISTS=pthread_create   -o CMakeFiles/cmTryCompileExec2623377569.dir/CheckFunctionExists.c.o   -c /usr/share/cmake-2.8/Modules/CheckFunctionExists.c
Linking C executable cmTryCompileExec2623377569
/usr/bin/cmake -E cmake_link_script CMakeFiles/cmTryCompileExec2623377569.dir/link.txt --verbose=1
/home/kenneth/nao/devtools/nao-atom-cross-toolchain/cross/bin/i686-aldebaran-linux-gnu-gcc   --sysroot /home/kenneth/nao/devtools/nao-atom-cross-toolchain//sysroot/ -pipe -fomit-frame-pointer -fno-align-jumps -fno-align-functions -fno-align-labels -fno-align-loops -m32 -mtune=generic -DOE_CROSS_BUILD -DCHECK_FUNCTION_EXISTS=pthread_create  -Wl,--sysroot,/home/kenneth/nao/devtools/nao-atom-cross-toolchain//sysroot/ CMakeFiles/cmTryCompileExec2623377569.dir/CheckFunctionExists.c.o  -o cmTryCompileExec2623377569 -rdynamic -lpthread 
make[1]: Leaving directory `/home/kenneth/nao/devtools/naoqi-sdk/doc/examples/core/wbredball/build-cross-atom/CMakeFiles/CMakeTmp'


Determining if files pthread.h exist passed with the following output:
Change Dir: /home/kenneth/nao/devtools/naoqi-sdk/doc/examples/core/wbredball/build-cross-atom/CMakeFiles/CMakeTmp

Run Build Command:/usr/bin/make "cmTryCompileExec1164332089/fast"
/usr/bin/make -f CMakeFiles/cmTryCompileExec1164332089.dir/build.make CMakeFiles/cmTryCompileExec1164332089.dir/build
make[1]: Entering directory `/home/kenneth/nao/devtools/naoqi-sdk/doc/examples/core/wbredball/build-cross-atom/CMakeFiles/CMakeTmp'
/usr/bin/cmake -E cmake_progress_report /home/kenneth/nao/devtools/naoqi-sdk/doc/examples/core/wbredball/build-cross-atom/CMakeFiles/CMakeTmp/CMakeFiles 1
Building C object CMakeFiles/cmTryCompileExec1164332089.dir/CheckIncludeFiles.c.o
/home/kenneth/nao/devtools/nao-atom-cross-toolchain/cross/bin/i686-aldebaran-linux-gnu-gcc   --sysroot /home/kenneth/nao/devtools/nao-atom-cross-toolchain//sysroot/ -pipe -fomit-frame-pointer -fno-align-jumps -fno-align-functions -fno-align-labels -fno-align-loops -m32 -mtune=generic -DOE_CROSS_BUILD    -o CMakeFiles/cmTryCompileExec1164332089.dir/CheckIncludeFiles.c.o   -c /home/kenneth/nao/devtools/naoqi-sdk/doc/examples/core/wbredball/build-cross-atom/CMakeFiles/CMakeTmp/CheckIncludeFiles.c
Linking C executable cmTryCompileExec1164332089
/usr/bin/cmake -E cmake_link_script CMakeFiles/cmTryCompileExec1164332089.dir/link.txt --verbose=1
/home/kenneth/nao/devtools/nao-atom-cross-toolchain/cross/bin/i686-aldebaran-linux-gnu-gcc   --sysroot /home/kenneth/nao/devtools/nao-atom-cross-toolchain//sysroot/ -pipe -fomit-frame-pointer -fno-align-jumps -fno-align-functions -fno-align-labels -fno-align-loops -m32 -mtune=generic -DOE_CROSS_BUILD   -Wl,--sysroot,/home/kenneth/nao/devtools/nao-atom-cross-toolchain//sysroot/ CMakeFiles/cmTryCompileExec1164332089.dir/CheckIncludeFiles.c.o  -o cmTryCompileExec1164332089 -rdynamic 
make[1]: Leaving directory `/home/kenneth/nao/devtools/naoqi-sdk/doc/examples/core/wbredball/build-cross-atom/CMakeFiles/CMakeTmp'


Determining if the function pthread_create exists in the pthread passed with the following output:
Change Dir: /home/kenneth/nao/devtools/naoqi-sdk/doc/examples/core/wbredball/build-cross-atom/CMakeFiles/CMakeTmp

Run Build Command:/usr/bin/make "cmTryCompileExec1362597008/fast"
/usr/bin/make -f CMakeFiles/cmTryCompileExec1362597008.dir/build.make CMakeFiles/cmTryCompileExec1362597008.dir/build
make[1]: Entering directory `/home/kenneth/nao/devtools/naoqi-sdk/doc/examples/core/wbredball/build-cross-atom/CMakeFiles/CMakeTmp'
/usr/bin/cmake -E cmake_progress_report /home/kenneth/nao/devtools/naoqi-sdk/doc/examples/core/wbredball/build-cross-atom/CMakeFiles/CMakeTmp/CMakeFiles 1
Building C object CMakeFiles/cmTryCompileExec1362597008.dir/CheckFunctionExists.c.o
/home/kenneth/nao/devtools/nao-atom-cross-toolchain/cross/bin/i686-aldebaran-linux-gnu-gcc   --sysroot /home/kenneth/nao/devtools/nao-atom-cross-toolchain//sysroot/ -pipe -fomit-frame-pointer -fno-align-jumps -fno-align-functions -fno-align-labels -fno-align-loops -m32 -mtune=generic -DOE_CROSS_BUILD -DCHECK_FUNCTION_EXISTS=pthread_create   -o CMakeFiles/cmTryCompileExec1362597008.dir/CheckFunctionExists.c.o   -c /usr/share/cmake-2.8/Modules/CheckFunctionExists.c
Linking C executable cmTryCompileExec1362597008
/usr/bin/cmake -E cmake_link_script CMakeFiles/cmTryCompileExec1362597008.dir/link.txt --verbose=1
/home/kenneth/nao/devtools/nao-atom-cross-toolchain/cross/bin/i686-aldebaran-linux-gnu-gcc   --sysroot /home/kenneth/nao/devtools/nao-atom-cross-toolchain//sysroot/ -pipe -fomit-frame-pointer -fno-align-jumps -fno-align-functions -fno-align-labels -fno-align-loops -m32 -mtune=generic -DOE_CROSS_BUILD -DCHECK_FUNCTION_EXISTS=pthread_create  -Wl,--sysroot,/home/kenneth/nao/devtools/nao-atom-cross-toolchain//sysroot/ CMakeFiles/cmTryCompileExec1362597008.dir/CheckFunctionExists.c.o  -o cmTryCompileExec1362597008 -rdynamic -lpthread 
make[1]: Leaving directory `/home/kenneth/nao/devtools/naoqi-sdk/doc/examples/core/wbredball/build-cross-atom/CMakeFiles/CMakeTmp'


Determining if files pthread.h exist passed with the following output:
Change Dir: /home/kenneth/nao/devtools/naoqi-sdk/doc/examples/core/wbredball/build-cross-atom/CMakeFiles/CMakeTmp

Run Build Command:/usr/bin/make "cmTryCompileExec3980833987/fast"
/usr/bin/make -f CMakeFiles/cmTryCompileExec3980833987.dir/build.make CMakeFiles/cmTryCompileExec3980833987.dir/build
make[1]: Entering directory `/home/kenneth/nao/devtools/naoqi-sdk/doc/examples/core/wbredball/build-cross-atom/CMakeFiles/CMakeTmp'
/usr/bin/cmake -E cmake_progress_report /home/kenneth/nao/devtools/naoqi-sdk/doc/examples/core/wbredball/build-cross-atom/CMakeFiles/CMakeTmp/CMakeFiles 1
Building C object CMakeFiles/cmTryCompileExec3980833987.dir/CheckIncludeFiles.c.o
/home/kenneth/nao/devtools/nao-atom-cross-toolchain/cross/bin/i686-aldebaran-linux-gnu-gcc   --sysroot /home/kenneth/nao/devtools/nao-atom-cross-toolchain//sysroot/ -pipe -fomit-frame-pointer -fno-align-jumps -fno-align-functions -fno-align-labels -fno-align-loops -m32 -mtune=generic -DOE_CROSS_BUILD    -o CMakeFiles/cmTryCompileExec3980833987.dir/CheckIncludeFiles.c.o   -c /home/kenneth/nao/devtools/naoqi-sdk/doc/examples/core/wbredball/build-cross-atom/CMakeFiles/CMakeTmp/CheckIncludeFiles.c
Linking C executable cmTryCompileExec3980833987
/usr/bin/cmake -E cmake_link_script CMakeFiles/cmTryCompileExec3980833987.dir/link.txt --verbose=1
/home/kenneth/nao/devtools/nao-atom-cross-toolchain/cross/bin/i686-aldebaran-linux-gnu-gcc   --sysroot /home/kenneth/nao/devtools/nao-atom-cross-toolchain//sysroot/ -pipe -fomit-frame-pointer -fno-align-jumps -fno-align-functions -fno-align-labels -fno-align-loops -m32 -mtune=generic -DOE_CROSS_BUILD   -Wl,--sysroot,/home/kenneth/nao/devtools/nao-atom-cross-toolchain//sysroot/ CMakeFiles/cmTryCompileExec3980833987.dir/CheckIncludeFiles.c.o  -o cmTryCompileExec3980833987 -rdynamic 
make[1]: Leaving directory `/home/kenneth/nao/devtools/naoqi-sdk/doc/examples/core/wbredball/build-cross-atom/CMakeFiles/CMakeTmp'


Determining if the function pthread_create exists in the pthread passed with the following output:
Change Dir: /home/kenneth/nao/devtools/naoqi-sdk/doc/examples/core/wbredball/build-cross-atom/CMakeFiles/CMakeTmp

Run Build Command:/usr/bin/make "cmTryCompileExec2848650013/fast"
/usr/bin/make -f CMakeFiles/cmTryCompileExec2848650013.dir/build.make CMakeFiles/cmTryCompileExec2848650013.dir/build
make[1]: Entering directory `/home/kenneth/nao/devtools/naoqi-sdk/doc/examples/core/wbredball/build-cross-atom/CMakeFiles/CMakeTmp'
/usr/bin/cmake -E cmake_progress_report /home/kenneth/nao/devtools/naoqi-sdk/doc/examples/core/wbredball/build-cross-atom/CMakeFiles/CMakeTmp/CMakeFiles 1
Building C object CMakeFiles/cmTryCompileExec2848650013.dir/CheckFunctionExists.c.o
/home/kenneth/nao/devtools/nao-atom-cross-toolchain/cross/bin/i686-aldebaran-linux-gnu-gcc   --sysroot /home/kenneth/nao/devtools/nao-atom-cross-toolchain//sysroot/ -pipe -fomit-frame-pointer -fno-align-jumps -fno-align-functions -fno-align-labels -fno-align-loops -m32 -mtune=generic -DOE_CROSS_BUILD -DCHECK_FUNCTION_EXISTS=pthread_create   -o CMakeFiles/cmTryCompileExec2848650013.dir/CheckFunctionExists.c.o   -c /usr/share/cmake-2.8/Modules/CheckFunctionExists.c
Linking C executable cmTryCompileExec2848650013
/usr/bin/cmake -E cmake_link_script CMakeFiles/cmTryCompileExec2848650013.dir/link.txt --verbose=1
/home/kenneth/nao/devtools/nao-atom-cross-toolchain/cross/bin/i686-aldebaran-linux-gnu-gcc   --sysroot /home/kenneth/nao/devtools/nao-atom-cross-toolchain//sysroot/ -pipe -fomit-frame-pointer -fno-align-jumps -fno-align-functions -fno-align-labels -fno-align-loops -m32 -mtune=generic -DOE_CROSS_BUILD -DCHECK_FUNCTION_EXISTS=pthread_create  -Wl,--sysroot,/home/kenneth/nao/devtools/nao-atom-cross-toolchain//sysroot/ CMakeFiles/cmTryCompileExec2848650013.dir/CheckFunctionExists.c.o  -o cmTryCompileExec2848650013 -rdynamic -lpthread 
make[1]: Leaving directory `/home/kenneth/nao/devtools/naoqi-sdk/doc/examples/core/wbredball/build-cross-atom/CMakeFiles/CMakeTmp'


Determining if files pthread.h exist passed with the following output:
Change Dir: /home/kenneth/nao/devtools/naoqi-sdk/doc/examples/core/wbredball/build-cross-atom/CMakeFiles/CMakeTmp

Run Build Command:/usr/bin/make "cmTryCompileExec1189644922/fast"
/usr/bin/make -f CMakeFiles/cmTryCompileExec1189644922.dir/build.make CMakeFiles/cmTryCompileExec1189644922.dir/build
make[1]: Entering directory `/home/kenneth/nao/devtools/naoqi-sdk/doc/examples/core/wbredball/build-cross-atom/CMakeFiles/CMakeTmp'
/usr/bin/cmake -E cmake_progress_report /home/kenneth/nao/devtools/naoqi-sdk/doc/examples/core/wbredball/build-cross-atom/CMakeFiles/CMakeTmp/CMakeFiles 1
Building C object CMakeFiles/cmTryCompileExec1189644922.dir/CheckIncludeFiles.c.o
/home/kenneth/nao/devtools/nao-atom-cross-toolchain/cross/bin/i686-aldebaran-linux-gnu-gcc   --sysroot /home/kenneth/nao/devtools/nao-atom-cross-toolchain//sysroot/ -pipe -fomit-frame-pointer -fno-align-jumps -fno-align-functions -fno-align-labels -fno-align-loops -m32 -mtune=generic -DOE_CROSS_BUILD    -o CMakeFiles/cmTryCompileExec1189644922.dir/CheckIncludeFiles.c.o   -c /home/kenneth/nao/devtools/naoqi-sdk/doc/examples/core/wbredball/build-cross-atom/CMakeFiles/CMakeTmp/CheckIncludeFiles.c
Linking C executable cmTryCompileExec1189644922
/usr/bin/cmake -E cmake_link_script CMakeFiles/cmTryCompileExec1189644922.dir/link.txt --verbose=1
/home/kenneth/nao/devtools/nao-atom-cross-toolchain/cross/bin/i686-aldebaran-linux-gnu-gcc   --sysroot /home/kenneth/nao/devtools/nao-atom-cross-toolchain//sysroot/ -pipe -fomit-frame-pointer -fno-align-jumps -fno-align-functions -fno-align-labels -fno-align-loops -m32 -mtune=generic -DOE_CROSS_BUILD   -Wl,--sysroot,/home/kenneth/nao/devtools/nao-atom-cross-toolchain//sysroot/ CMakeFiles/cmTryCompileExec1189644922.dir/CheckIncludeFiles.c.o  -o cmTryCompileExec1189644922 -rdynamic 
make[1]: Leaving directory `/home/kenneth/nao/devtools/naoqi-sdk/doc/examples/core/wbredball/build-cross-atom/CMakeFiles/CMakeTmp'


Determining if the function pthread_create exists in the pthread passed with the following output:
Change Dir: /home/kenneth/nao/devtools/naoqi-sdk/doc/examples/core/wbredball/build-cross-atom/CMakeFiles/CMakeTmp

Run Build Command:/usr/bin/make "cmTryCompileExec834426106/fast"
/usr/bin/make -f CMakeFiles/cmTryCompileExec834426106.dir/build.make CMakeFiles/cmTryCompileExec834426106.dir/build
make[1]: Entering directory `/home/kenneth/nao/devtools/naoqi-sdk/doc/examples/core/wbredball/build-cross-atom/CMakeFiles/CMakeTmp'
/usr/bin/cmake -E cmake_progress_report /home/kenneth/nao/devtools/naoqi-sdk/doc/examples/core/wbredball/build-cross-atom/CMakeFiles/CMakeTmp/CMakeFiles 1
Building C object CMakeFiles/cmTryCompileExec834426106.dir/CheckFunctionExists.c.o
/home/kenneth/nao/devtools/nao-atom-cross-toolchain/cross/bin/i686-aldebaran-linux-gnu-gcc   --sysroot /home/kenneth/nao/devtools/nao-atom-cross-toolchain//sysroot/ -pipe -fomit-frame-pointer -fno-align-jumps -fno-align-functions -fno-align-labels -fno-align-loops -m32 -mtune=generic -DOE_CROSS_BUILD -DCHECK_FUNCTION_EXISTS=pthread_create   -o CMakeFiles/cmTryCompileExec834426106.dir/CheckFunctionExists.c.o   -c /usr/share/cmake-2.8/Modules/CheckFunctionExists.c
Linking C executable cmTryCompileExec834426106
/usr/bin/cmake -E cmake_link_script CMakeFiles/cmTryCompileExec834426106.dir/link.txt --verbose=1
/home/kenneth/nao/devtools/nao-atom-cross-toolchain/cross/bin/i686-aldebaran-linux-gnu-gcc   --sysroot /home/kenneth/nao/devtools/nao-atom-cross-toolchain//sysroot/ -pipe -fomit-frame-pointer -fno-align-jumps -fno-align-functions -fno-align-labels -fno-align-loops -m32 -mtune=generic -DOE_CROSS_BUILD -DCHECK_FUNCTION_EXISTS=pthread_create  -Wl,--sysroot,/home/kenneth/nao/devtools/nao-atom-cross-toolchain//sysroot/ CMakeFiles/cmTryCompileExec834426106.dir/CheckFunctionExists.c.o  -o cmTryCompileExec834426106 -rdynamic -lpthread 
make[1]: Leaving directory `/home/kenneth/nao/devtools/naoqi-sdk/doc/examples/core/wbredball/build-cross-atom/CMakeFiles/CMakeTmp'


Determining if files pthread.h exist passed with the following output:
Change Dir: /home/kenneth/nao/devtools/naoqi-sdk/doc/examples/core/wbredball/build-cross-atom/CMakeFiles/CMakeTmp

Run Build Command:/usr/bin/make "cmTryCompileExec143411625/fast"
/usr/bin/make -f CMakeFiles/cmTryCompileExec143411625.dir/build.make CMakeFiles/cmTryCompileExec143411625.dir/build
make[1]: Entering directory `/home/kenneth/nao/devtools/naoqi-sdk/doc/examples/core/wbredball/build-cross-atom/CMakeFiles/CMakeTmp'
/usr/bin/cmake -E cmake_progress_report /home/kenneth/nao/devtools/naoqi-sdk/doc/examples/core/wbredball/build-cross-atom/CMakeFiles/CMakeTmp/CMakeFiles 1
Building C object CMakeFiles/cmTryCompileExec143411625.dir/CheckIncludeFiles.c.o
/home/kenneth/nao/devtools/nao-atom-cross-toolchain/cross/bin/i686-aldebaran-linux-gnu-gcc   --sysroot /home/kenneth/nao/devtools/nao-atom-cross-toolchain//sysroot/ -pipe -fomit-frame-pointer -fno-align-jumps -fno-align-functions -fno-align-labels -fno-align-loops -m32 -mtune=generic -DOE_CROSS_BUILD    -o CMakeFiles/cmTryCompileExec143411625.dir/CheckIncludeFiles.c.o   -c /home/kenneth/nao/devtools/naoqi-sdk/doc/examples/core/wbredball/build-cross-atom/CMakeFiles/CMakeTmp/CheckIncludeFiles.c
Linking C executable cmTryCompileExec143411625
/usr/bin/cmake -E cmake_link_script CMakeFiles/cmTryCompileExec143411625.dir/link.txt --verbose=1
/home/kenneth/nao/devtools/nao-atom-cross-toolchain/cross/bin/i686-aldebaran-linux-gnu-gcc   --sysroot /home/kenneth/nao/devtools/nao-atom-cross-toolchain//sysroot/ -pipe -fomit-frame-pointer -fno-align-jumps -fno-align-functions -fno-align-labels -fno-align-loops -m32 -mtune=generic -DOE_CROSS_BUILD   -Wl,--sysroot,/home/kenneth/nao/devtools/nao-atom-cross-toolchain//sysroot/ CMakeFiles/cmTryCompileExec143411625.dir/CheckIncludeFiles.c.o  -o cmTryCompileExec143411625 -rdynamic 
make[1]: Leaving directory `/home/kenneth/nao/devtools/naoqi-sdk/doc/examples/core/wbredball/build-cross-atom/CMakeFiles/CMakeTmp'


Determining if the function pthread_create exists in the pthread passed with the following output:
Change Dir: /home/kenneth/nao/devtools/naoqi-sdk/doc/examples/core/wbredball/build-cross-atom/CMakeFiles/CMakeTmp

Run Build Command:/usr/bin/make "cmTryCompileExec905489057/fast"
/usr/bin/make -f CMakeFiles/cmTryCompileExec905489057.dir/build.make CMakeFiles/cmTryCompileExec905489057.dir/build
make[1]: Entering directory `/home/kenneth/nao/devtools/naoqi-sdk/doc/examples/core/wbredball/build-cross-atom/CMakeFiles/CMakeTmp'
/usr/bin/cmake -E cmake_progress_report /home/kenneth/nao/devtools/naoqi-sdk/doc/examples/core/wbredball/build-cross-atom/CMakeFiles/CMakeTmp/CMakeFiles 1
Building C object CMakeFiles/cmTryCompileExec905489057.dir/CheckFunctionExists.c.o
/home/kenneth/nao/devtools/nao-atom-cross-toolchain/cross/bin/i686-aldebaran-linux-gnu-gcc   --sysroot /home/kenneth/nao/devtools/nao-atom-cross-toolchain//sysroot/ -pipe -fomit-frame-pointer -fno-align-jumps -fno-align-functions -fno-align-labels -fno-align-loops -m32 -mtune=generic -DOE_CROSS_BUILD -DCHECK_FUNCTION_EXISTS=pthread_create   -o CMakeFiles/cmTryCompileExec905489057.dir/CheckFunctionExists.c.o   -c /usr/share/cmake-2.8/Modules/CheckFunctionExists.c
Linking C executable cmTryCompileExec905489057
/usr/bin/cmake -E cmake_link_script CMakeFiles/cmTryCompileExec905489057.dir/link.txt --verbose=1
/home/kenneth/nao/devtools/nao-atom-cross-toolchain/cross/bin/i686-aldebaran-linux-gnu-gcc   --sysroot /home/kenneth/nao/devtools/nao-atom-cross-toolchain//sysroot/ -pipe -fomit-frame-pointer -fno-align-jumps -fno-align-functions -fno-align-labels -fno-align-loops -m32 -mtune=generic -DOE_CROSS_BUILD -DCHECK_FUNCTION_EXISTS=pthread_create  -Wl,--sysroot,/home/kenneth/nao/devtools/nao-atom-cross-toolchain//sysroot/ CMakeFiles/cmTryCompileExec905489057.dir/CheckFunctionExists.c.o  -o cmTryCompileExec905489057 -rdynamic -lpthread 
make[1]: Leaving directory `/home/kenneth/nao/devtools/naoqi-sdk/doc/examples/core/wbredball/build-cross-atom/CMakeFiles/CMakeTmp'


