The system is: Linux - 3.16.0-41-generic - x86_64
Compiling the C compiler identification source file "CMakeCCompilerId.c" succeeded.
Compiler: /usr/bin/cc 
Build flags: 
Id flags: 

The output was:
0


Compilation of the C compiler identification source "CMakeCCompilerId.c" produced "a.out"

The C compiler identification is GNU, found in "/home/kenneth/nao/devtools/naoqi-sdk/doc/examples/core/wbredball/build-remote/CMakeFiles/2.8.12.2/CompilerIdC/a.out"

Compiling the CXX compiler identification source file "CMakeCXXCompilerId.cpp" succeeded.
Compiler: /usr/bin/c++ 
Build flags: 
Id flags: 

The output was:
0


Compilation of the CXX compiler identification source "CMakeCXXCompilerId.cpp" produced "a.out"

The CXX compiler identification is GNU, found in "/home/kenneth/nao/devtools/naoqi-sdk/doc/examples/core/wbredball/build-remote/CMakeFiles/2.8.12.2/CompilerIdCXX/a.out"

Determining if the C compiler works passed with the following output:
Change Dir: /home/kenneth/nao/devtools/naoqi-sdk/doc/examples/core/wbredball/build-remote/CMakeFiles/CMakeTmp

Run Build Command:/usr/bin/make "cmTryCompileExec1301956972/fast"
/usr/bin/make -f CMakeFiles/cmTryCompileExec1301956972.dir/build.make CMakeFiles/cmTryCompileExec1301956972.dir/build
make[1]: Entering directory `/home/kenneth/nao/devtools/naoqi-sdk/doc/examples/core/wbredball/build-remote/CMakeFiles/CMakeTmp'
/usr/bin/cmake -E cmake_progress_report /home/kenneth/nao/devtools/naoqi-sdk/doc/examples/core/wbredball/build-remote/CMakeFiles/CMakeTmp/CMakeFiles 1
Building C object CMakeFiles/cmTryCompileExec1301956972.dir/testCCompiler.c.o
/usr/bin/cc    -o CMakeFiles/cmTryCompileExec1301956972.dir/testCCompiler.c.o   -c /home/kenneth/nao/devtools/naoqi-sdk/doc/examples/core/wbredball/build-remote/CMakeFiles/CMakeTmp/testCCompiler.c
Linking C executable cmTryCompileExec1301956972
/usr/bin/cmake -E cmake_link_script CMakeFiles/cmTryCompileExec1301956972.dir/link.txt --verbose=1
/usr/bin/cc       CMakeFiles/cmTryCompileExec1301956972.dir/testCCompiler.c.o  -o cmTryCompileExec1301956972 -rdynamic 
make[1]: Leaving directory `/home/kenneth/nao/devtools/naoqi-sdk/doc/examples/core/wbredball/build-remote/CMakeFiles/CMakeTmp'


Detecting C compiler ABI info compiled with the following output:
Change Dir: /home/kenneth/nao/devtools/naoqi-sdk/doc/examples/core/wbredball/build-remote/CMakeFiles/CMakeTmp

Run Build Command:/usr/bin/make "cmTryCompileExec4040172762/fast"
/usr/bin/make -f CMakeFiles/cmTryCompileExec4040172762.dir/build.make CMakeFiles/cmTryCompileExec4040172762.dir/build
make[1]: Entering directory `/home/kenneth/nao/devtools/naoqi-sdk/doc/examples/core/wbredball/build-remote/CMakeFiles/CMakeTmp'
/usr/bin/cmake -E cmake_progress_report /home/kenneth/nao/devtools/naoqi-sdk/doc/examples/core/wbredball/build-remote/CMakeFiles/CMakeTmp/CMakeFiles 1
Building C object CMakeFiles/cmTryCompileExec4040172762.dir/CMakeCCompilerABI.c.o
/usr/bin/cc    -o CMakeFiles/cmTryCompileExec4040172762.dir/CMakeCCompilerABI.c.o   -c /usr/share/cmake-2.8/Modules/CMakeCCompilerABI.c
Linking C executable cmTryCompileExec4040172762
/usr/bin/cmake -E cmake_link_script CMakeFiles/cmTryCompileExec4040172762.dir/link.txt --verbose=1
/usr/bin/cc     -v CMakeFiles/cmTryCompileExec4040172762.dir/CMakeCCompilerABI.c.o  -o cmTryCompileExec4040172762 -rdynamic  
Using built-in specs.
COLLECT_GCC=/usr/bin/cc
COLLECT_LTO_WRAPPER=/usr/lib/gcc/x86_64-linux-gnu/4.8/lto-wrapper
Target: x86_64-linux-gnu
Configured with: ../src/configure -v --with-pkgversion='Ubuntu 4.8.2-19ubuntu1' --with-bugurl=file:///usr/share/doc/gcc-4.8/README.Bugs --enable-languages=c,c++,java,go,d,fortran,objc,obj-c++ --prefix=/usr --program-suffix=-4.8 --enable-shared --enable-linker-build-id --libexecdir=/usr/lib --without-included-gettext --enable-threads=posix --with-gxx-include-dir=/usr/include/c++/4.8 --libdir=/usr/lib --enable-nls --with-sysroot=/ --enable-clocale=gnu --enable-libstdcxx-debug --enable-libstdcxx-time=yes --enable-gnu-unique-object --disable-libmudflap --enable-plugin --with-system-zlib --disable-browser-plugin --enable-java-awt=gtk --enable-gtk-cairo --with-java-home=/usr/lib/jvm/java-1.5.0-gcj-4.8-amd64/jre --enable-java-home --with-jvm-root-dir=/usr/lib/jvm/java-1.5.0-gcj-4.8-amd64 --with-jvm-jar-dir=/usr/lib/jvm-exports/java-1.5.0-gcj-4.8-amd64 --with-arch-directory=amd64 --with-ecj-jar=/usr/share/java/eclipse-ecj.jar --enable-objc-gc --enable-multiarch --disable-werror --with-arch-32=i686 --with-abi=m64 --with-multilib-list=m32,m64,mx32 --with-tune=generic --enable-checking=release --build=x86_64-linux-gnu --host=x86_64-linux-gnu --target=x86_64-linux-gnu
Thread model: posix
gcc version 4.8.2 (Ubuntu 4.8.2-19ubuntu1) 
COMPILER_PATH=/usr/lib/gcc/x86_64-linux-gnu/4.8/:/usr/lib/gcc/x86_64-linux-gnu/4.8/:/usr/lib/gcc/x86_64-linux-gnu/:/usr/lib/gcc/x86_64-linux-gnu/4.8/:/usr/lib/gcc/x86_64-linux-gnu/
LIBRARY_PATH=/usr/lib/gcc/x86_64-linux-gnu/4.8/:/usr/lib/gcc/x86_64-linux-gnu/4.8/../../../x86_64-linux-gnu/:/usr/lib/gcc/x86_64-linux-gnu/4.8/../../../../lib/:/lib/x86_64-linux-gnu/:/lib/../lib/:/usr/lib/x86_64-linux-gnu/:/usr/lib/../lib/:/usr/lib/gcc/x86_64-linux-gnu/4.8/../../../:/lib/:/usr/lib/
COLLECT_GCC_OPTIONS='-v' '-o' 'cmTryCompileExec4040172762' '-rdynamic' '-mtune=generic' '-march=x86-64'
 /usr/lib/gcc/x86_64-linux-gnu/4.8/collect2 --sysroot=/ --build-id --eh-frame-hdr -m elf_x86_64 --hash-style=gnu --as-needed -export-dynamic -dynamic-linker /lib64/ld-linux-x86-64.so.2 -z relro -o cmTryCompileExec4040172762 /usr/lib/gcc/x86_64-linux-gnu/4.8/../../../x86_64-linux-gnu/crt1.o /usr/lib/gcc/x86_64-linux-gnu/4.8/../../../x86_64-linux-gnu/crti.o /usr/lib/gcc/x86_64-linux-gnu/4.8/crtbegin.o -L/usr/lib/gcc/x86_64-linux-gnu/4.8 -L/usr/lib/gcc/x86_64-linux-gnu/4.8/../../../x86_64-linux-gnu -L/usr/lib/gcc/x86_64-linux-gnu/4.8/../../../../lib -L/lib/x86_64-linux-gnu -L/lib/../lib -L/usr/lib/x86_64-linux-gnu -L/usr/lib/../lib -L/usr/lib/gcc/x86_64-linux-gnu/4.8/../../.. CMakeFiles/cmTryCompileExec4040172762.dir/CMakeCCompilerABI.c.o -lgcc --as-needed -lgcc_s --no-as-needed -lc -lgcc --as-needed -lgcc_s --no-as-needed /usr/lib/gcc/x86_64-linux-gnu/4.8/crtend.o /usr/lib/gcc/x86_64-linux-gnu/4.8/../../../x86_64-linux-gnu/crtn.o
make[1]: Leaving directory `/home/kenneth/nao/devtools/naoqi-sdk/doc/examples/core/wbredball/build-remote/CMakeFiles/CMakeTmp'


Parsed C implicit link information from above output:
  link line regex: [^( *|.*[/\])(ld|([^/\]+-)?ld|collect2)[^/\]*( |$)]
  ignore line: [Change Dir: /home/kenneth/nao/devtools/naoqi-sdk/doc/examples/core/wbredball/build-remote/CMakeFiles/CMakeTmp]
  ignore line: []
  ignore line: [Run Build Command:/usr/bin/make "cmTryCompileExec4040172762/fast"]
  ignore line: [/usr/bin/make -f CMakeFiles/cmTryCompileExec4040172762.dir/build.make CMakeFiles/cmTryCompileExec4040172762.dir/build]
  ignore line: [make[1]: Entering directory `/home/kenneth/nao/devtools/naoqi-sdk/doc/examples/core/wbredball/build-remote/CMakeFiles/CMakeTmp']
  ignore line: [/usr/bin/cmake -E cmake_progress_report /home/kenneth/nao/devtools/naoqi-sdk/doc/examples/core/wbredball/build-remote/CMakeFiles/CMakeTmp/CMakeFiles 1]
  ignore line: [Building C object CMakeFiles/cmTryCompileExec4040172762.dir/CMakeCCompilerABI.c.o]
  ignore line: [/usr/bin/cc    -o CMakeFiles/cmTryCompileExec4040172762.dir/CMakeCCompilerABI.c.o   -c /usr/share/cmake-2.8/Modules/CMakeCCompilerABI.c]
  ignore line: [Linking C executable cmTryCompileExec4040172762]
  ignore line: [/usr/bin/cmake -E cmake_link_script CMakeFiles/cmTryCompileExec4040172762.dir/link.txt --verbose=1]
  ignore line: [/usr/bin/cc     -v CMakeFiles/cmTryCompileExec4040172762.dir/CMakeCCompilerABI.c.o  -o cmTryCompileExec4040172762 -rdynamic  ]
  ignore line: [Using built-in specs.]
  ignore line: [COLLECT_GCC=/usr/bin/cc]
  ignore line: [COLLECT_LTO_WRAPPER=/usr/lib/gcc/x86_64-linux-gnu/4.8/lto-wrapper]
  ignore line: [Target: x86_64-linux-gnu]
  ignore line: [Configured with: ../src/configure -v --with-pkgversion='Ubuntu 4.8.2-19ubuntu1' --with-bugurl=file:///usr/share/doc/gcc-4.8/README.Bugs --enable-languages=c,c++,java,go,d,fortran,objc,obj-c++ --prefix=/usr --program-suffix=-4.8 --enable-shared --enable-linker-build-id --libexecdir=/usr/lib --without-included-gettext --enable-threads=posix --with-gxx-include-dir=/usr/include/c++/4.8 --libdir=/usr/lib --enable-nls --with-sysroot=/ --enable-clocale=gnu --enable-libstdcxx-debug --enable-libstdcxx-time=yes --enable-gnu-unique-object --disable-libmudflap --enable-plugin --with-system-zlib --disable-browser-plugin --enable-java-awt=gtk --enable-gtk-cairo --with-java-home=/usr/lib/jvm/java-1.5.0-gcj-4.8-amd64/jre --enable-java-home --with-jvm-root-dir=/usr/lib/jvm/java-1.5.0-gcj-4.8-amd64 --with-jvm-jar-dir=/usr/lib/jvm-exports/java-1.5.0-gcj-4.8-amd64 --with-arch-directory=amd64 --with-ecj-jar=/usr/share/java/eclipse-ecj.jar --enable-objc-gc --enable-multiarch --disable-werror --with-arch-32=i686 --with-abi=m64 --with-multilib-list=m32,m64,mx32 --with-tune=generic --enable-checking=release --build=x86_64-linux-gnu --host=x86_64-linux-gnu --target=x86_64-linux-gnu]
  ignore line: [Thread model: posix]
  ignore line: [gcc version 4.8.2 (Ubuntu 4.8.2-19ubuntu1) ]
  ignore line: [COMPILER_PATH=/usr/lib/gcc/x86_64-linux-gnu/4.8/:/usr/lib/gcc/x86_64-linux-gnu/4.8/:/usr/lib/gcc/x86_64-linux-gnu/:/usr/lib/gcc/x86_64-linux-gnu/4.8/:/usr/lib/gcc/x86_64-linux-gnu/]
  ignore line: [LIBRARY_PATH=/usr/lib/gcc/x86_64-linux-gnu/4.8/:/usr/lib/gcc/x86_64-linux-gnu/4.8/../../../x86_64-linux-gnu/:/usr/lib/gcc/x86_64-linux-gnu/4.8/../../../../lib/:/lib/x86_64-linux-gnu/:/lib/../lib/:/usr/lib/x86_64-linux-gnu/:/usr/lib/../lib/:/usr/lib/gcc/x86_64-linux-gnu/4.8/../../../:/lib/:/usr/lib/]
  ignore line: [COLLECT_GCC_OPTIONS='-v' '-o' 'cmTryCompileExec4040172762' '-rdynamic' '-mtune=generic' '-march=x86-64']
  link line: [ /usr/lib/gcc/x86_64-linux-gnu/4.8/collect2 --sysroot=/ --build-id --eh-frame-hdr -m elf_x86_64 --hash-style=gnu --as-needed -export-dynamic -dynamic-linker /lib64/ld-linux-x86-64.so.2 -z relro -o cmTryCompileExec4040172762 /usr/lib/gcc/x86_64-linux-gnu/4.8/../../../x86_64-linux-gnu/crt1.o /usr/lib/gcc/x86_64-linux-gnu/4.8/../../../x86_64-linux-gnu/crti.o /usr/lib/gcc/x86_64-linux-gnu/4.8/crtbegin.o -L/usr/lib/gcc/x86_64-linux-gnu/4.8 -L/usr/lib/gcc/x86_64-linux-gnu/4.8/../../../x86_64-linux-gnu -L/usr/lib/gcc/x86_64-linux-gnu/4.8/../../../../lib -L/lib/x86_64-linux-gnu -L/lib/../lib -L/usr/lib/x86_64-linux-gnu -L/usr/lib/../lib -L/usr/lib/gcc/x86_64-linux-gnu/4.8/../../.. CMakeFiles/cmTryCompileExec4040172762.dir/CMakeCCompilerABI.c.o -lgcc --as-needed -lgcc_s --no-as-needed -lc -lgcc --as-needed -lgcc_s --no-as-needed /usr/lib/gcc/x86_64-linux-gnu/4.8/crtend.o /usr/lib/gcc/x86_64-linux-gnu/4.8/../../../x86_64-linux-gnu/crtn.o]
    arg [/usr/lib/gcc/x86_64-linux-gnu/4.8/collect2] ==> ignore
    arg [--sysroot=/] ==> ignore
    arg [--build-id] ==> ignore
    arg [--eh-frame-hdr] ==> ignore
    arg [-m] ==> ignore
    arg [elf_x86_64] ==> ignore
    arg [--hash-style=gnu] ==> ignore
    arg [--as-needed] ==> ignore
    arg [-export-dynamic] ==> ignore
    arg [-dynamic-linker] ==> ignore
    arg [/lib64/ld-linux-x86-64.so.2] ==> ignore
    arg [-zrelro] ==> ignore
    arg [-o] ==> ignore
    arg [cmTryCompileExec4040172762] ==> ignore
    arg [/usr/lib/gcc/x86_64-linux-gnu/4.8/../../../x86_64-linux-gnu/crt1.o] ==> ignore
    arg [/usr/lib/gcc/x86_64-linux-gnu/4.8/../../../x86_64-linux-gnu/crti.o] ==> ignore
    arg [/usr/lib/gcc/x86_64-linux-gnu/4.8/crtbegin.o] ==> ignore
    arg [-L/usr/lib/gcc/x86_64-linux-gnu/4.8] ==> dir [/usr/lib/gcc/x86_64-linux-gnu/4.8]
    arg [-L/usr/lib/gcc/x86_64-linux-gnu/4.8/../../../x86_64-linux-gnu] ==> dir [/usr/lib/gcc/x86_64-linux-gnu/4.8/../../../x86_64-linux-gnu]
    arg [-L/usr/lib/gcc/x86_64-linux-gnu/4.8/../../../../lib] ==> dir [/usr/lib/gcc/x86_64-linux-gnu/4.8/../../../../lib]
    arg [-L/lib/x86_64-linux-gnu] ==> dir [/lib/x86_64-linux-gnu]
    arg [-L/lib/../lib] ==> dir [/lib/../lib]
    arg [-L/usr/lib/x86_64-linux-gnu] ==> dir [/usr/lib/x86_64-linux-gnu]
    arg [-L/usr/lib/../lib] ==> dir [/usr/lib/../lib]
    arg [-L/usr/lib/gcc/x86_64-linux-gnu/4.8/../../..] ==> dir [/usr/lib/gcc/x86_64-linux-gnu/4.8/../../..]
    arg [CMakeFiles/cmTryCompileExec4040172762.dir/CMakeCCompilerABI.c.o] ==> ignore
    arg [-lgcc] ==> lib [gcc]
    arg [--as-needed] ==> ignore
    arg [-lgcc_s] ==> lib [gcc_s]
    arg [--no-as-needed] ==> ignore
    arg [-lc] ==> lib [c]
    arg [-lgcc] ==> lib [gcc]
    arg [--as-needed] ==> ignore
    arg [-lgcc_s] ==> lib [gcc_s]
    arg [--no-as-needed] ==> ignore
    arg [/usr/lib/gcc/x86_64-linux-gnu/4.8/crtend.o] ==> ignore
    arg [/usr/lib/gcc/x86_64-linux-gnu/4.8/../../../x86_64-linux-gnu/crtn.o] ==> ignore
  remove lib [gcc]
  remove lib [gcc_s]
  remove lib [gcc]
  remove lib [gcc_s]
  collapse library dir [/usr/lib/gcc/x86_64-linux-gnu/4.8] ==> [/usr/lib/gcc/x86_64-linux-gnu/4.8]
  collapse library dir [/usr/lib/gcc/x86_64-linux-gnu/4.8/../../../x86_64-linux-gnu] ==> [/usr/lib/x86_64-linux-gnu]
  collapse library dir [/usr/lib/gcc/x86_64-linux-gnu/4.8/../../../../lib] ==> [/usr/lib]
  collapse library dir [/lib/x86_64-linux-gnu] ==> [/lib/x86_64-linux-gnu]
  collapse library dir [/lib/../lib] ==> [/lib]
  collapse library dir [/usr/lib/x86_64-linux-gnu] ==> [/usr/lib/x86_64-linux-gnu]
  collapse library dir [/usr/lib/../lib] ==> [/usr/lib]
  collapse library dir [/usr/lib/gcc/x86_64-linux-gnu/4.8/../../..] ==> [/usr/lib]
  implicit libs: [c]
  implicit dirs: [/usr/lib/gcc/x86_64-linux-gnu/4.8;/usr/lib/x86_64-linux-gnu;/usr/lib;/lib/x86_64-linux-gnu;/lib]
  implicit fwks: []


Determining if the CXX compiler works passed with the following output:
Change Dir: /home/kenneth/nao/devtools/naoqi-sdk/doc/examples/core/wbredball/build-remote/CMakeFiles/CMakeTmp

Run Build Command:/usr/bin/make "cmTryCompileExec505406736/fast"
/usr/bin/make -f CMakeFiles/cmTryCompileExec505406736.dir/build.make CMakeFiles/cmTryCompileExec505406736.dir/build
make[1]: Entering directory `/home/kenneth/nao/devtools/naoqi-sdk/doc/examples/core/wbredball/build-remote/CMakeFiles/CMakeTmp'
/usr/bin/cmake -E cmake_progress_report /home/kenneth/nao/devtools/naoqi-sdk/doc/examples/core/wbredball/build-remote/CMakeFiles/CMakeTmp/CMakeFiles 1
Building CXX object CMakeFiles/cmTryCompileExec505406736.dir/testCXXCompiler.cxx.o
/usr/bin/c++     -o CMakeFiles/cmTryCompileExec505406736.dir/testCXXCompiler.cxx.o -c /home/kenneth/nao/devtools/naoqi-sdk/doc/examples/core/wbredball/build-remote/CMakeFiles/CMakeTmp/testCXXCompiler.cxx
Linking CXX executable cmTryCompileExec505406736
/usr/bin/cmake -E cmake_link_script CMakeFiles/cmTryCompileExec505406736.dir/link.txt --verbose=1
/usr/bin/c++        CMakeFiles/cmTryCompileExec505406736.dir/testCXXCompiler.cxx.o  -o cmTryCompileExec505406736 -rdynamic 
make[1]: Leaving directory `/home/kenneth/nao/devtools/naoqi-sdk/doc/examples/core/wbredball/build-remote/CMakeFiles/CMakeTmp'


Detecting CXX compiler ABI info compiled with the following output:
Change Dir: /home/kenneth/nao/devtools/naoqi-sdk/doc/examples/core/wbredball/build-remote/CMakeFiles/CMakeTmp

Run Build Command:/usr/bin/make "cmTryCompileExec3126625443/fast"
/usr/bin/make -f CMakeFiles/cmTryCompileExec3126625443.dir/build.make CMakeFiles/cmTryCompileExec3126625443.dir/build
make[1]: Entering directory `/home/kenneth/nao/devtools/naoqi-sdk/doc/examples/core/wbredball/build-remote/CMakeFiles/CMakeTmp'
/usr/bin/cmake -E cmake_progress_report /home/kenneth/nao/devtools/naoqi-sdk/doc/examples/core/wbredball/build-remote/CMakeFiles/CMakeTmp/CMakeFiles 1
Building CXX object CMakeFiles/cmTryCompileExec3126625443.dir/CMakeCXXCompilerABI.cpp.o
/usr/bin/c++     -o CMakeFiles/cmTryCompileExec3126625443.dir/CMakeCXXCompilerABI.cpp.o -c /usr/share/cmake-2.8/Modules/CMakeCXXCompilerABI.cpp
Linking CXX executable cmTryCompileExec3126625443
/usr/bin/cmake -E cmake_link_script CMakeFiles/cmTryCompileExec3126625443.dir/link.txt --verbose=1
/usr/bin/c++      -v CMakeFiles/cmTryCompileExec3126625443.dir/CMakeCXXCompilerABI.cpp.o  -o cmTryCompileExec3126625443 -rdynamic  
Using built-in specs.
COLLECT_GCC=/usr/bin/c++
COLLECT_LTO_WRAPPER=/usr/lib/gcc/x86_64-linux-gnu/4.8/lto-wrapper
Target: x86_64-linux-gnu
Configured with: ../src/configure -v --with-pkgversion='Ubuntu 4.8.2-19ubuntu1' --with-bugurl=file:///usr/share/doc/gcc-4.8/README.Bugs --enable-languages=c,c++,java,go,d,fortran,objc,obj-c++ --prefix=/usr --program-suffix=-4.8 --enable-shared --enable-linker-build-id --libexecdir=/usr/lib --without-included-gettext --enable-threads=posix --with-gxx-include-dir=/usr/include/c++/4.8 --libdir=/usr/lib --enable-nls --with-sysroot=/ --enable-clocale=gnu --enable-libstdcxx-debug --enable-libstdcxx-time=yes --enable-gnu-unique-object --disable-libmudflap --enable-plugin --with-system-zlib --disable-browser-plugin --enable-java-awt=gtk --enable-gtk-cairo --with-java-home=/usr/lib/jvm/java-1.5.0-gcj-4.8-amd64/jre --enable-java-home --with-jvm-root-dir=/usr/lib/jvm/java-1.5.0-gcj-4.8-amd64 --with-jvm-jar-dir=/usr/lib/jvm-exports/java-1.5.0-gcj-4.8-amd64 --with-arch-directory=amd64 --with-ecj-jar=/usr/share/java/eclipse-ecj.jar --enable-objc-gc --enable-multiarch --disable-werror --with-arch-32=i686 --with-abi=m64 --with-multilib-list=m32,m64,mx32 --with-tune=generic --enable-checking=release --build=x86_64-linux-gnu --host=x86_64-linux-gnu --target=x86_64-linux-gnu
Thread model: posix
gcc version 4.8.2 (Ubuntu 4.8.2-19ubuntu1) 
COMPILER_PATH=/usr/lib/gcc/x86_64-linux-gnu/4.8/:/usr/lib/gcc/x86_64-linux-gnu/4.8/:/usr/lib/gcc/x86_64-linux-gnu/:/usr/lib/gcc/x86_64-linux-gnu/4.8/:/usr/lib/gcc/x86_64-linux-gnu/
LIBRARY_PATH=/usr/lib/gcc/x86_64-linux-gnu/4.8/:/usr/lib/gcc/x86_64-linux-gnu/4.8/../../../x86_64-linux-gnu/:/usr/lib/gcc/x86_64-linux-gnu/4.8/../../../../lib/:/lib/x86_64-linux-gnu/:/lib/../lib/:/usr/lib/x86_64-linux-gnu/:/usr/lib/../lib/:/usr/lib/gcc/x86_64-linux-gnu/4.8/../../../:/lib/:/usr/lib/
COLLECT_GCC_OPTIONS='-v' '-o' 'cmTryCompileExec3126625443' '-rdynamic' '-shared-libgcc' '-mtune=generic' '-march=x86-64'
 /usr/lib/gcc/x86_64-linux-gnu/4.8/collect2 --sysroot=/ --build-id --eh-frame-hdr -m elf_x86_64 --hash-style=gnu --as-needed -export-dynamic -dynamic-linker /lib64/ld-linux-x86-64.so.2 -z relro -o cmTryCompileExec3126625443 /usr/lib/gcc/x86_64-linux-gnu/4.8/../../../x86_64-linux-gnu/crt1.o /usr/lib/gcc/x86_64-linux-gnu/4.8/../../../x86_64-linux-gnu/crti.o /usr/lib/gcc/x86_64-linux-gnu/4.8/crtbegin.o -L/usr/lib/gcc/x86_64-linux-gnu/4.8 -L/usr/lib/gcc/x86_64-linux-gnu/4.8/../../../x86_64-linux-gnu -L/usr/lib/gcc/x86_64-linux-gnu/4.8/../../../../lib -L/lib/x86_64-linux-gnu -L/lib/../lib -L/usr/lib/x86_64-linux-gnu -L/usr/lib/../lib -L/usr/lib/gcc/x86_64-linux-gnu/4.8/../../.. CMakeFiles/cmTryCompileExec3126625443.dir/CMakeCXXCompilerABI.cpp.o -lstdc++ -lm -lgcc_s -lgcc -lc -lgcc_s -lgcc /usr/lib/gcc/x86_64-linux-gnu/4.8/crtend.o /usr/lib/gcc/x86_64-linux-gnu/4.8/../../../x86_64-linux-gnu/crtn.o
make[1]: Leaving directory `/home/kenneth/nao/devtools/naoqi-sdk/doc/examples/core/wbredball/build-remote/CMakeFiles/CMakeTmp'


Parsed CXX implicit link information from above output:
  link line regex: [^( *|.*[/\])(ld|([^/\]+-)?ld|collect2)[^/\]*( |$)]
  ignore line: [Change Dir: /home/kenneth/nao/devtools/naoqi-sdk/doc/examples/core/wbredball/build-remote/CMakeFiles/CMakeTmp]
  ignore line: []
  ignore line: [Run Build Command:/usr/bin/make "cmTryCompileExec3126625443/fast"]
  ignore line: [/usr/bin/make -f CMakeFiles/cmTryCompileExec3126625443.dir/build.make CMakeFiles/cmTryCompileExec3126625443.dir/build]
  ignore line: [make[1]: Entering directory `/home/kenneth/nao/devtools/naoqi-sdk/doc/examples/core/wbredball/build-remote/CMakeFiles/CMakeTmp']
  ignore line: [/usr/bin/cmake -E cmake_progress_report /home/kenneth/nao/devtools/naoqi-sdk/doc/examples/core/wbredball/build-remote/CMakeFiles/CMakeTmp/CMakeFiles 1]
  ignore line: [Building CXX object CMakeFiles/cmTryCompileExec3126625443.dir/CMakeCXXCompilerABI.cpp.o]
  ignore line: [/usr/bin/c++     -o CMakeFiles/cmTryCompileExec3126625443.dir/CMakeCXXCompilerABI.cpp.o -c /usr/share/cmake-2.8/Modules/CMakeCXXCompilerABI.cpp]
  ignore line: [Linking CXX executable cmTryCompileExec3126625443]
  ignore line: [/usr/bin/cmake -E cmake_link_script CMakeFiles/cmTryCompileExec3126625443.dir/link.txt --verbose=1]
  ignore line: [/usr/bin/c++      -v CMakeFiles/cmTryCompileExec3126625443.dir/CMakeCXXCompilerABI.cpp.o  -o cmTryCompileExec3126625443 -rdynamic  ]
  ignore line: [Using built-in specs.]
  ignore line: [COLLECT_GCC=/usr/bin/c++]
  ignore line: [COLLECT_LTO_WRAPPER=/usr/lib/gcc/x86_64-linux-gnu/4.8/lto-wrapper]
  ignore line: [Target: x86_64-linux-gnu]
  ignore line: [Configured with: ../src/configure -v --with-pkgversion='Ubuntu 4.8.2-19ubuntu1' --with-bugurl=file:///usr/share/doc/gcc-4.8/README.Bugs --enable-languages=c,c++,java,go,d,fortran,objc,obj-c++ --prefix=/usr --program-suffix=-4.8 --enable-shared --enable-linker-build-id --libexecdir=/usr/lib --without-included-gettext --enable-threads=posix --with-gxx-include-dir=/usr/include/c++/4.8 --libdir=/usr/lib --enable-nls --with-sysroot=/ --enable-clocale=gnu --enable-libstdcxx-debug --enable-libstdcxx-time=yes --enable-gnu-unique-object --disable-libmudflap --enable-plugin --with-system-zlib --disable-browser-plugin --enable-java-awt=gtk --enable-gtk-cairo --with-java-home=/usr/lib/jvm/java-1.5.0-gcj-4.8-amd64/jre --enable-java-home --with-jvm-root-dir=/usr/lib/jvm/java-1.5.0-gcj-4.8-amd64 --with-jvm-jar-dir=/usr/lib/jvm-exports/java-1.5.0-gcj-4.8-amd64 --with-arch-directory=amd64 --with-ecj-jar=/usr/share/java/eclipse-ecj.jar --enable-objc-gc --enable-multiarch --disable-werror --with-arch-32=i686 --with-abi=m64 --with-multilib-list=m32,m64,mx32 --with-tune=generic --enable-checking=release --build=x86_64-linux-gnu --host=x86_64-linux-gnu --target=x86_64-linux-gnu]
  ignore line: [Thread model: posix]
  ignore line: [gcc version 4.8.2 (Ubuntu 4.8.2-19ubuntu1) ]
  ignore line: [COMPILER_PATH=/usr/lib/gcc/x86_64-linux-gnu/4.8/:/usr/lib/gcc/x86_64-linux-gnu/4.8/:/usr/lib/gcc/x86_64-linux-gnu/:/usr/lib/gcc/x86_64-linux-gnu/4.8/:/usr/lib/gcc/x86_64-linux-gnu/]
  ignore line: [LIBRARY_PATH=/usr/lib/gcc/x86_64-linux-gnu/4.8/:/usr/lib/gcc/x86_64-linux-gnu/4.8/../../../x86_64-linux-gnu/:/usr/lib/gcc/x86_64-linux-gnu/4.8/../../../../lib/:/lib/x86_64-linux-gnu/:/lib/../lib/:/usr/lib/x86_64-linux-gnu/:/usr/lib/../lib/:/usr/lib/gcc/x86_64-linux-gnu/4.8/../../../:/lib/:/usr/lib/]
  ignore line: [COLLECT_GCC_OPTIONS='-v' '-o' 'cmTryCompileExec3126625443' '-rdynamic' '-shared-libgcc' '-mtune=generic' '-march=x86-64']
  link line: [ /usr/lib/gcc/x86_64-linux-gnu/4.8/collect2 --sysroot=/ --build-id --eh-frame-hdr -m elf_x86_64 --hash-style=gnu --as-needed -export-dynamic -dynamic-linker /lib64/ld-linux-x86-64.so.2 -z relro -o cmTryCompileExec3126625443 /usr/lib/gcc/x86_64-linux-gnu/4.8/../../../x86_64-linux-gnu/crt1.o /usr/lib/gcc/x86_64-linux-gnu/4.8/../../../x86_64-linux-gnu/crti.o /usr/lib/gcc/x86_64-linux-gnu/4.8/crtbegin.o -L/usr/lib/gcc/x86_64-linux-gnu/4.8 -L/usr/lib/gcc/x86_64-linux-gnu/4.8/../../../x86_64-linux-gnu -L/usr/lib/gcc/x86_64-linux-gnu/4.8/../../../../lib -L/lib/x86_64-linux-gnu -L/lib/../lib -L/usr/lib/x86_64-linux-gnu -L/usr/lib/../lib -L/usr/lib/gcc/x86_64-linux-gnu/4.8/../../.. CMakeFiles/cmTryCompileExec3126625443.dir/CMakeCXXCompilerABI.cpp.o -lstdc++ -lm -lgcc_s -lgcc -lc -lgcc_s -lgcc /usr/lib/gcc/x86_64-linux-gnu/4.8/crtend.o /usr/lib/gcc/x86_64-linux-gnu/4.8/../../../x86_64-linux-gnu/crtn.o]
    arg [/usr/lib/gcc/x86_64-linux-gnu/4.8/collect2] ==> ignore
    arg [--sysroot=/] ==> ignore
    arg [--build-id] ==> ignore
    arg [--eh-frame-hdr] ==> ignore
    arg [-m] ==> ignore
    arg [elf_x86_64] ==> ignore
    arg [--hash-style=gnu] ==> ignore
    arg [--as-needed] ==> ignore
    arg [-export-dynamic] ==> ignore
    arg [-dynamic-linker] ==> ignore
    arg [/lib64/ld-linux-x86-64.so.2] ==> ignore
    arg [-zrelro] ==> ignore
    arg [-o] ==> ignore
    arg [cmTryCompileExec3126625443] ==> ignore
    arg [/usr/lib/gcc/x86_64-linux-gnu/4.8/../../../x86_64-linux-gnu/crt1.o] ==> ignore
    arg [/usr/lib/gcc/x86_64-linux-gnu/4.8/../../../x86_64-linux-gnu/crti.o] ==> ignore
    arg [/usr/lib/gcc/x86_64-linux-gnu/4.8/crtbegin.o] ==> ignore
    arg [-L/usr/lib/gcc/x86_64-linux-gnu/4.8] ==> dir [/usr/lib/gcc/x86_64-linux-gnu/4.8]
    arg [-L/usr/lib/gcc/x86_64-linux-gnu/4.8/../../../x86_64-linux-gnu] ==> dir [/usr/lib/gcc/x86_64-linux-gnu/4.8/../../../x86_64-linux-gnu]
    arg [-L/usr/lib/gcc/x86_64-linux-gnu/4.8/../../../../lib] ==> dir [/usr/lib/gcc/x86_64-linux-gnu/4.8/../../../../lib]
    arg [-L/lib/x86_64-linux-gnu] ==> dir [/lib/x86_64-linux-gnu]
    arg [-L/lib/../lib] ==> dir [/lib/../lib]
    arg [-L/usr/lib/x86_64-linux-gnu] ==> dir [/usr/lib/x86_64-linux-gnu]
    arg [-L/usr/lib/../lib] ==> dir [/usr/lib/../lib]
    arg [-L/usr/lib/gcc/x86_64-linux-gnu/4.8/../../..] ==> dir [/usr/lib/gcc/x86_64-linux-gnu/4.8/../../..]
    arg [CMakeFiles/cmTryCompileExec3126625443.dir/CMakeCXXCompilerABI.cpp.o] ==> ignore
    arg [-lstdc++] ==> lib [stdc++]
    arg [-lm] ==> lib [m]
    arg [-lgcc_s] ==> lib [gcc_s]
    arg [-lgcc] ==> lib [gcc]
    arg [-lc] ==> lib [c]
    arg [-lgcc_s] ==> lib [gcc_s]
    arg [-lgcc] ==> lib [gcc]
    arg [/usr/lib/gcc/x86_64-linux-gnu/4.8/crtend.o] ==> ignore
    arg [/usr/lib/gcc/x86_64-linux-gnu/4.8/../../../x86_64-linux-gnu/crtn.o] ==> ignore
  remove lib [gcc_s]
  remove lib [gcc]
  remove lib [gcc_s]
  remove lib [gcc]
  collapse library dir [/usr/lib/gcc/x86_64-linux-gnu/4.8] ==> [/usr/lib/gcc/x86_64-linux-gnu/4.8]
  collapse library dir [/usr/lib/gcc/x86_64-linux-gnu/4.8/../../../x86_64-linux-gnu] ==> [/usr/lib/x86_64-linux-gnu]
  collapse library dir [/usr/lib/gcc/x86_64-linux-gnu/4.8/../../../../lib] ==> [/usr/lib]
  collapse library dir [/lib/x86_64-linux-gnu] ==> [/lib/x86_64-linux-gnu]
  collapse library dir [/lib/../lib] ==> [/lib]
  collapse library dir [/usr/lib/x86_64-linux-gnu] ==> [/usr/lib/x86_64-linux-gnu]
  collapse library dir [/usr/lib/../lib] ==> [/usr/lib]
  collapse library dir [/usr/lib/gcc/x86_64-linux-gnu/4.8/../../..] ==> [/usr/lib]
  implicit libs: [stdc++;m;c]
  implicit dirs: [/usr/lib/gcc/x86_64-linux-gnu/4.8;/usr/lib/x86_64-linux-gnu;/usr/lib;/lib/x86_64-linux-gnu;/lib]
  implicit fwks: []


Determining if files pthread.h exist passed with the following output:
Change Dir: /home/kenneth/nao/devtools/naoqi-sdk/doc/examples/core/wbredball/build-remote/CMakeFiles/CMakeTmp

Run Build Command:/usr/bin/make "cmTryCompileExec359031733/fast"
/usr/bin/make -f CMakeFiles/cmTryCompileExec359031733.dir/build.make CMakeFiles/cmTryCompileExec359031733.dir/build
make[1]: Entering directory `/home/kenneth/nao/devtools/naoqi-sdk/doc/examples/core/wbredball/build-remote/CMakeFiles/CMakeTmp'
/usr/bin/cmake -E cmake_progress_report /home/kenneth/nao/devtools/naoqi-sdk/doc/examples/core/wbredball/build-remote/CMakeFiles/CMakeTmp/CMakeFiles 1
Building C object CMakeFiles/cmTryCompileExec359031733.dir/CheckIncludeFiles.c.o
/usr/bin/cc    -o CMakeFiles/cmTryCompileExec359031733.dir/CheckIncludeFiles.c.o   -c /home/kenneth/nao/devtools/naoqi-sdk/doc/examples/core/wbredball/build-remote/CMakeFiles/CMakeTmp/CheckIncludeFiles.c
Linking C executable cmTryCompileExec359031733
/usr/bin/cmake -E cmake_link_script CMakeFiles/cmTryCompileExec359031733.dir/link.txt --verbose=1
/usr/bin/cc       CMakeFiles/cmTryCompileExec359031733.dir/CheckIncludeFiles.c.o  -o cmTryCompileExec359031733 -rdynamic 
make[1]: Leaving directory `/home/kenneth/nao/devtools/naoqi-sdk/doc/examples/core/wbredball/build-remote/CMakeFiles/CMakeTmp'


Determining if the function pthread_create exists in the pthread passed with the following output:
Change Dir: /home/kenneth/nao/devtools/naoqi-sdk/doc/examples/core/wbredball/build-remote/CMakeFiles/CMakeTmp

Run Build Command:/usr/bin/make "cmTryCompileExec510583586/fast"
/usr/bin/make -f CMakeFiles/cmTryCompileExec510583586.dir/build.make CMakeFiles/cmTryCompileExec510583586.dir/build
make[1]: Entering directory `/home/kenneth/nao/devtools/naoqi-sdk/doc/examples/core/wbredball/build-remote/CMakeFiles/CMakeTmp'
/usr/bin/cmake -E cmake_progress_report /home/kenneth/nao/devtools/naoqi-sdk/doc/examples/core/wbredball/build-remote/CMakeFiles/CMakeTmp/CMakeFiles 1
Building C object CMakeFiles/cmTryCompileExec510583586.dir/CheckFunctionExists.c.o
/usr/bin/cc   -DCHECK_FUNCTION_EXISTS=pthread_create   -o CMakeFiles/cmTryCompileExec510583586.dir/CheckFunctionExists.c.o   -c /usr/share/cmake-2.8/Modules/CheckFunctionExists.c
Linking C executable cmTryCompileExec510583586
/usr/bin/cmake -E cmake_link_script CMakeFiles/cmTryCompileExec510583586.dir/link.txt --verbose=1
/usr/bin/cc   -DCHECK_FUNCTION_EXISTS=pthread_create    CMakeFiles/cmTryCompileExec510583586.dir/CheckFunctionExists.c.o  -o cmTryCompileExec510583586 -rdynamic -lpthread 
make[1]: Leaving directory `/home/kenneth/nao/devtools/naoqi-sdk/doc/examples/core/wbredball/build-remote/CMakeFiles/CMakeTmp'


Determining if files pthread.h exist passed with the following output:
Change Dir: /home/kenneth/nao/devtools/naoqi-sdk/doc/examples/core/wbredball/build-remote/CMakeFiles/CMakeTmp

Run Build Command:/usr/bin/make "cmTryCompileExec92750543/fast"
/usr/bin/make -f CMakeFiles/cmTryCompileExec92750543.dir/build.make CMakeFiles/cmTryCompileExec92750543.dir/build
make[1]: Entering directory `/home/kenneth/nao/devtools/naoqi-sdk/doc/examples/core/wbredball/build-remote/CMakeFiles/CMakeTmp'
/usr/bin/cmake -E cmake_progress_report /home/kenneth/nao/devtools/naoqi-sdk/doc/examples/core/wbredball/build-remote/CMakeFiles/CMakeTmp/CMakeFiles 1
Building C object CMakeFiles/cmTryCompileExec92750543.dir/CheckIncludeFiles.c.o
/usr/bin/cc    -o CMakeFiles/cmTryCompileExec92750543.dir/CheckIncludeFiles.c.o   -c /home/kenneth/nao/devtools/naoqi-sdk/doc/examples/core/wbredball/build-remote/CMakeFiles/CMakeTmp/CheckIncludeFiles.c
Linking C executable cmTryCompileExec92750543
/usr/bin/cmake -E cmake_link_script CMakeFiles/cmTryCompileExec92750543.dir/link.txt --verbose=1
/usr/bin/cc       CMakeFiles/cmTryCompileExec92750543.dir/CheckIncludeFiles.c.o  -o cmTryCompileExec92750543 -rdynamic 
make[1]: Leaving directory `/home/kenneth/nao/devtools/naoqi-sdk/doc/examples/core/wbredball/build-remote/CMakeFiles/CMakeTmp'


Determining if the function pthread_create exists in the pthread passed with the following output:
Change Dir: /home/kenneth/nao/devtools/naoqi-sdk/doc/examples/core/wbredball/build-remote/CMakeFiles/CMakeTmp

Run Build Command:/usr/bin/make "cmTryCompileExec169492143/fast"
/usr/bin/make -f CMakeFiles/cmTryCompileExec169492143.dir/build.make CMakeFiles/cmTryCompileExec169492143.dir/build
make[1]: Entering directory `/home/kenneth/nao/devtools/naoqi-sdk/doc/examples/core/wbredball/build-remote/CMakeFiles/CMakeTmp'
/usr/bin/cmake -E cmake_progress_report /home/kenneth/nao/devtools/naoqi-sdk/doc/examples/core/wbredball/build-remote/CMakeFiles/CMakeTmp/CMakeFiles 1
Building C object CMakeFiles/cmTryCompileExec169492143.dir/CheckFunctionExists.c.o
/usr/bin/cc   -DCHECK_FUNCTION_EXISTS=pthread_create   -o CMakeFiles/cmTryCompileExec169492143.dir/CheckFunctionExists.c.o   -c /usr/share/cmake-2.8/Modules/CheckFunctionExists.c
Linking C executable cmTryCompileExec169492143
/usr/bin/cmake -E cmake_link_script CMakeFiles/cmTryCompileExec169492143.dir/link.txt --verbose=1
/usr/bin/cc   -DCHECK_FUNCTION_EXISTS=pthread_create    CMakeFiles/cmTryCompileExec169492143.dir/CheckFunctionExists.c.o  -o cmTryCompileExec169492143 -rdynamic -lpthread 
make[1]: Leaving directory `/home/kenneth/nao/devtools/naoqi-sdk/doc/examples/core/wbredball/build-remote/CMakeFiles/CMakeTmp'


Determining if files pthread.h exist passed with the following output:
Change Dir: /home/kenneth/nao/devtools/naoqi-sdk/doc/examples/core/wbredball/build-remote/CMakeFiles/CMakeTmp

Run Build Command:/usr/bin/make "cmTryCompileExec1058354779/fast"
/usr/bin/make -f CMakeFiles/cmTryCompileExec1058354779.dir/build.make CMakeFiles/cmTryCompileExec1058354779.dir/build
make[1]: Entering directory `/home/kenneth/nao/devtools/naoqi-sdk/doc/examples/core/wbredball/build-remote/CMakeFiles/CMakeTmp'
/usr/bin/cmake -E cmake_progress_report /home/kenneth/nao/devtools/naoqi-sdk/doc/examples/core/wbredball/build-remote/CMakeFiles/CMakeTmp/CMakeFiles 1
Building C object CMakeFiles/cmTryCompileExec1058354779.dir/CheckIncludeFiles.c.o
/usr/bin/cc    -o CMakeFiles/cmTryCompileExec1058354779.dir/CheckIncludeFiles.c.o   -c /home/kenneth/nao/devtools/naoqi-sdk/doc/examples/core/wbredball/build-remote/CMakeFiles/CMakeTmp/CheckIncludeFiles.c
Linking C executable cmTryCompileExec1058354779
/usr/bin/cmake -E cmake_link_script CMakeFiles/cmTryCompileExec1058354779.dir/link.txt --verbose=1
/usr/bin/cc       CMakeFiles/cmTryCompileExec1058354779.dir/CheckIncludeFiles.c.o  -o cmTryCompileExec1058354779 -rdynamic 
make[1]: Leaving directory `/home/kenneth/nao/devtools/naoqi-sdk/doc/examples/core/wbredball/build-remote/CMakeFiles/CMakeTmp'


Determining if the function pthread_create exists in the pthread passed with the following output:
Change Dir: /home/kenneth/nao/devtools/naoqi-sdk/doc/examples/core/wbredball/build-remote/CMakeFiles/CMakeTmp

Run Build Command:/usr/bin/make "cmTryCompileExec566099210/fast"
/usr/bin/make -f CMakeFiles/cmTryCompileExec566099210.dir/build.make CMakeFiles/cmTryCompileExec566099210.dir/build
make[1]: Entering directory `/home/kenneth/nao/devtools/naoqi-sdk/doc/examples/core/wbredball/build-remote/CMakeFiles/CMakeTmp'
/usr/bin/cmake -E cmake_progress_report /home/kenneth/nao/devtools/naoqi-sdk/doc/examples/core/wbredball/build-remote/CMakeFiles/CMakeTmp/CMakeFiles 1
Building C object CMakeFiles/cmTryCompileExec566099210.dir/CheckFunctionExists.c.o
/usr/bin/cc   -DCHECK_FUNCTION_EXISTS=pthread_create   -o CMakeFiles/cmTryCompileExec566099210.dir/CheckFunctionExists.c.o   -c /usr/share/cmake-2.8/Modules/CheckFunctionExists.c
Linking C executable cmTryCompileExec566099210
/usr/bin/cmake -E cmake_link_script CMakeFiles/cmTryCompileExec566099210.dir/link.txt --verbose=1
/usr/bin/cc   -DCHECK_FUNCTION_EXISTS=pthread_create    CMakeFiles/cmTryCompileExec566099210.dir/CheckFunctionExists.c.o  -o cmTryCompileExec566099210 -rdynamic -lpthread 
make[1]: Leaving directory `/home/kenneth/nao/devtools/naoqi-sdk/doc/examples/core/wbredball/build-remote/CMakeFiles/CMakeTmp'


Determining if files pthread.h exist passed with the following output:
Change Dir: /home/kenneth/nao/devtools/naoqi-sdk/doc/examples/core/wbredball/build-remote/CMakeFiles/CMakeTmp

Run Build Command:/usr/bin/make "cmTryCompileExec1664270832/fast"
/usr/bin/make -f CMakeFiles/cmTryCompileExec1664270832.dir/build.make CMakeFiles/cmTryCompileExec1664270832.dir/build
make[1]: Entering directory `/home/kenneth/nao/devtools/naoqi-sdk/doc/examples/core/wbredball/build-remote/CMakeFiles/CMakeTmp'
/usr/bin/cmake -E cmake_progress_report /home/kenneth/nao/devtools/naoqi-sdk/doc/examples/core/wbredball/build-remote/CMakeFiles/CMakeTmp/CMakeFiles 1
Building C object CMakeFiles/cmTryCompileExec1664270832.dir/CheckIncludeFiles.c.o
/usr/bin/cc    -o CMakeFiles/cmTryCompileExec1664270832.dir/CheckIncludeFiles.c.o   -c /home/kenneth/nao/devtools/naoqi-sdk/doc/examples/core/wbredball/build-remote/CMakeFiles/CMakeTmp/CheckIncludeFiles.c
Linking C executable cmTryCompileExec1664270832
/usr/bin/cmake -E cmake_link_script CMakeFiles/cmTryCompileExec1664270832.dir/link.txt --verbose=1
/usr/bin/cc       CMakeFiles/cmTryCompileExec1664270832.dir/CheckIncludeFiles.c.o  -o cmTryCompileExec1664270832 -rdynamic 
make[1]: Leaving directory `/home/kenneth/nao/devtools/naoqi-sdk/doc/examples/core/wbredball/build-remote/CMakeFiles/CMakeTmp'


Determining if the function pthread_create exists in the pthread passed with the following output:
Change Dir: /home/kenneth/nao/devtools/naoqi-sdk/doc/examples/core/wbredball/build-remote/CMakeFiles/CMakeTmp

Run Build Command:/usr/bin/make "cmTryCompileExec2459319067/fast"
/usr/bin/make -f CMakeFiles/cmTryCompileExec2459319067.dir/build.make CMakeFiles/cmTryCompileExec2459319067.dir/build
make[1]: Entering directory `/home/kenneth/nao/devtools/naoqi-sdk/doc/examples/core/wbredball/build-remote/CMakeFiles/CMakeTmp'
/usr/bin/cmake -E cmake_progress_report /home/kenneth/nao/devtools/naoqi-sdk/doc/examples/core/wbredball/build-remote/CMakeFiles/CMakeTmp/CMakeFiles 1
Building C object CMakeFiles/cmTryCompileExec2459319067.dir/CheckFunctionExists.c.o
/usr/bin/cc   -DCHECK_FUNCTION_EXISTS=pthread_create   -o CMakeFiles/cmTryCompileExec2459319067.dir/CheckFunctionExists.c.o   -c /usr/share/cmake-2.8/Modules/CheckFunctionExists.c
Linking C executable cmTryCompileExec2459319067
/usr/bin/cmake -E cmake_link_script CMakeFiles/cmTryCompileExec2459319067.dir/link.txt --verbose=1
/usr/bin/cc   -DCHECK_FUNCTION_EXISTS=pthread_create    CMakeFiles/cmTryCompileExec2459319067.dir/CheckFunctionExists.c.o  -o cmTryCompileExec2459319067 -rdynamic -lpthread 
make[1]: Leaving directory `/home/kenneth/nao/devtools/naoqi-sdk/doc/examples/core/wbredball/build-remote/CMakeFiles/CMakeTmp'


Determining if files pthread.h exist passed with the following output:
Change Dir: /home/kenneth/nao/devtools/naoqi-sdk/doc/examples/core/wbredball/build-remote/CMakeFiles/CMakeTmp

Run Build Command:/usr/bin/make "cmTryCompileExec1156959735/fast"
/usr/bin/make -f CMakeFiles/cmTryCompileExec1156959735.dir/build.make CMakeFiles/cmTryCompileExec1156959735.dir/build
make[1]: Entering directory `/home/kenneth/nao/devtools/naoqi-sdk/doc/examples/core/wbredball/build-remote/CMakeFiles/CMakeTmp'
/usr/bin/cmake -E cmake_progress_report /home/kenneth/nao/devtools/naoqi-sdk/doc/examples/core/wbredball/build-remote/CMakeFiles/CMakeTmp/CMakeFiles 1
Building C object CMakeFiles/cmTryCompileExec1156959735.dir/CheckIncludeFiles.c.o
/usr/bin/cc    -o CMakeFiles/cmTryCompileExec1156959735.dir/CheckIncludeFiles.c.o   -c /home/kenneth/nao/devtools/naoqi-sdk/doc/examples/core/wbredball/build-remote/CMakeFiles/CMakeTmp/CheckIncludeFiles.c
Linking C executable cmTryCompileExec1156959735
/usr/bin/cmake -E cmake_link_script CMakeFiles/cmTryCompileExec1156959735.dir/link.txt --verbose=1
/usr/bin/cc       CMakeFiles/cmTryCompileExec1156959735.dir/CheckIncludeFiles.c.o  -o cmTryCompileExec1156959735 -rdynamic 
make[1]: Leaving directory `/home/kenneth/nao/devtools/naoqi-sdk/doc/examples/core/wbredball/build-remote/CMakeFiles/CMakeTmp'


Determining if the function pthread_create exists in the pthread passed with the following output:
Change Dir: /home/kenneth/nao/devtools/naoqi-sdk/doc/examples/core/wbredball/build-remote/CMakeFiles/CMakeTmp

Run Build Command:/usr/bin/make "cmTryCompileExec3694944936/fast"
/usr/bin/make -f CMakeFiles/cmTryCompileExec3694944936.dir/build.make CMakeFiles/cmTryCompileExec3694944936.dir/build
make[1]: Entering directory `/home/kenneth/nao/devtools/naoqi-sdk/doc/examples/core/wbredball/build-remote/CMakeFiles/CMakeTmp'
/usr/bin/cmake -E cmake_progress_report /home/kenneth/nao/devtools/naoqi-sdk/doc/examples/core/wbredball/build-remote/CMakeFiles/CMakeTmp/CMakeFiles 1
Building C object CMakeFiles/cmTryCompileExec3694944936.dir/CheckFunctionExists.c.o
/usr/bin/cc   -DCHECK_FUNCTION_EXISTS=pthread_create   -o CMakeFiles/cmTryCompileExec3694944936.dir/CheckFunctionExists.c.o   -c /usr/share/cmake-2.8/Modules/CheckFunctionExists.c
Linking C executable cmTryCompileExec3694944936
/usr/bin/cmake -E cmake_link_script CMakeFiles/cmTryCompileExec3694944936.dir/link.txt --verbose=1
/usr/bin/cc   -DCHECK_FUNCTION_EXISTS=pthread_create    CMakeFiles/cmTryCompileExec3694944936.dir/CheckFunctionExists.c.o  -o cmTryCompileExec3694944936 -rdynamic -lpthread 
make[1]: Leaving directory `/home/kenneth/nao/devtools/naoqi-sdk/doc/examples/core/wbredball/build-remote/CMakeFiles/CMakeTmp'


Determining if files pthread.h exist passed with the following output:
Change Dir: /home/kenneth/nao/devtools/naoqi-sdk/doc/examples/core/wbredball/build-remote/CMakeFiles/CMakeTmp

Run Build Command:/usr/bin/make "cmTryCompileExec1162270625/fast"
/usr/bin/make -f CMakeFiles/cmTryCompileExec1162270625.dir/build.make CMakeFiles/cmTryCompileExec1162270625.dir/build
make[1]: Entering directory `/home/kenneth/nao/devtools/naoqi-sdk/doc/examples/core/wbredball/build-remote/CMakeFiles/CMakeTmp'
/usr/bin/cmake -E cmake_progress_report /home/kenneth/nao/devtools/naoqi-sdk/doc/examples/core/wbredball/build-remote/CMakeFiles/CMakeTmp/CMakeFiles 1
Building C object CMakeFiles/cmTryCompileExec1162270625.dir/CheckIncludeFiles.c.o
/usr/bin/cc    -o CMakeFiles/cmTryCompileExec1162270625.dir/CheckIncludeFiles.c.o   -c /home/kenneth/nao/devtools/naoqi-sdk/doc/examples/core/wbredball/build-remote/CMakeFiles/CMakeTmp/CheckIncludeFiles.c
Linking C executable cmTryCompileExec1162270625
/usr/bin/cmake -E cmake_link_script CMakeFiles/cmTryCompileExec1162270625.dir/link.txt --verbose=1
/usr/bin/cc       CMakeFiles/cmTryCompileExec1162270625.dir/CheckIncludeFiles.c.o  -o cmTryCompileExec1162270625 -rdynamic 
make[1]: Leaving directory `/home/kenneth/nao/devtools/naoqi-sdk/doc/examples/core/wbredball/build-remote/CMakeFiles/CMakeTmp'


Determining if the function pthread_create exists in the pthread passed with the following output:
Change Dir: /home/kenneth/nao/devtools/naoqi-sdk/doc/examples/core/wbredball/build-remote/CMakeFiles/CMakeTmp

Run Build Command:/usr/bin/make "cmTryCompileExec3491726187/fast"
/usr/bin/make -f CMakeFiles/cmTryCompileExec3491726187.dir/build.make CMakeFiles/cmTryCompileExec3491726187.dir/build
make[1]: Entering directory `/home/kenneth/nao/devtools/naoqi-sdk/doc/examples/core/wbredball/build-remote/CMakeFiles/CMakeTmp'
/usr/bin/cmake -E cmake_progress_report /home/kenneth/nao/devtools/naoqi-sdk/doc/examples/core/wbredball/build-remote/CMakeFiles/CMakeTmp/CMakeFiles 1
Building C object CMakeFiles/cmTryCompileExec3491726187.dir/CheckFunctionExists.c.o
/usr/bin/cc   -DCHECK_FUNCTION_EXISTS=pthread_create   -o CMakeFiles/cmTryCompileExec3491726187.dir/CheckFunctionExists.c.o   -c /usr/share/cmake-2.8/Modules/CheckFunctionExists.c
Linking C executable cmTryCompileExec3491726187
/usr/bin/cmake -E cmake_link_script CMakeFiles/cmTryCompileExec3491726187.dir/link.txt --verbose=1
/usr/bin/cc   -DCHECK_FUNCTION_EXISTS=pthread_create    CMakeFiles/cmTryCompileExec3491726187.dir/CheckFunctionExists.c.o  -o cmTryCompileExec3491726187 -rdynamic -lpthread 
make[1]: Leaving directory `/home/kenneth/nao/devtools/naoqi-sdk/doc/examples/core/wbredball/build-remote/CMakeFiles/CMakeTmp'


Determining if files pthread.h exist passed with the following output:
Change Dir: /home/kenneth/nao/devtools/naoqi-sdk/doc/examples/core/wbredball/build-remote/CMakeFiles/CMakeTmp

Run Build Command:/usr/bin/make "cmTryCompileExec1984581992/fast"
/usr/bin/make -f CMakeFiles/cmTryCompileExec1984581992.dir/build.make CMakeFiles/cmTryCompileExec1984581992.dir/build
make[1]: Entering directory `/home/kenneth/nao/devtools/naoqi-sdk/doc/examples/core/wbredball/build-remote/CMakeFiles/CMakeTmp'
/usr/bin/cmake -E cmake_progress_report /home/kenneth/nao/devtools/naoqi-sdk/doc/examples/core/wbredball/build-remote/CMakeFiles/CMakeTmp/CMakeFiles 1
Building C object CMakeFiles/cmTryCompileExec1984581992.dir/CheckIncludeFiles.c.o
/usr/bin/cc    -o CMakeFiles/cmTryCompileExec1984581992.dir/CheckIncludeFiles.c.o   -c /home/kenneth/nao/devtools/naoqi-sdk/doc/examples/core/wbredball/build-remote/CMakeFiles/CMakeTmp/CheckIncludeFiles.c
Linking C executable cmTryCompileExec1984581992
/usr/bin/cmake -E cmake_link_script CMakeFiles/cmTryCompileExec1984581992.dir/link.txt --verbose=1
/usr/bin/cc       CMakeFiles/cmTryCompileExec1984581992.dir/CheckIncludeFiles.c.o  -o cmTryCompileExec1984581992 -rdynamic 
make[1]: Leaving directory `/home/kenneth/nao/devtools/naoqi-sdk/doc/examples/core/wbredball/build-remote/CMakeFiles/CMakeTmp'


Determining if the function pthread_create exists in the pthread passed with the following output:
Change Dir: /home/kenneth/nao/devtools/naoqi-sdk/doc/examples/core/wbredball/build-remote/CMakeFiles/CMakeTmp

Run Build Command:/usr/bin/make "cmTryCompileExec1233435447/fast"
/usr/bin/make -f CMakeFiles/cmTryCompileExec1233435447.dir/build.make CMakeFiles/cmTryCompileExec1233435447.dir/build
make[1]: Entering directory `/home/kenneth/nao/devtools/naoqi-sdk/doc/examples/core/wbredball/build-remote/CMakeFiles/CMakeTmp'
/usr/bin/cmake -E cmake_progress_report /home/kenneth/nao/devtools/naoqi-sdk/doc/examples/core/wbredball/build-remote/CMakeFiles/CMakeTmp/CMakeFiles 1
Building C object CMakeFiles/cmTryCompileExec1233435447.dir/CheckFunctionExists.c.o
/usr/bin/cc   -DCHECK_FUNCTION_EXISTS=pthread_create   -o CMakeFiles/cmTryCompileExec1233435447.dir/CheckFunctionExists.c.o   -c /usr/share/cmake-2.8/Modules/CheckFunctionExists.c
Linking C executable cmTryCompileExec1233435447
/usr/bin/cmake -E cmake_link_script CMakeFiles/cmTryCompileExec1233435447.dir/link.txt --verbose=1
/usr/bin/cc   -DCHECK_FUNCTION_EXISTS=pthread_create    CMakeFiles/cmTryCompileExec1233435447.dir/CheckFunctionExists.c.o  -o cmTryCompileExec1233435447 -rdynamic -lpthread 
make[1]: Leaving directory `/home/kenneth/nao/devtools/naoqi-sdk/doc/examples/core/wbredball/build-remote/CMakeFiles/CMakeTmp'


Determining if files pthread.h exist passed with the following output:
Change Dir: /home/kenneth/nao/devtools/naoqi-sdk/doc/examples/core/wbredball/build-remote/CMakeFiles/CMakeTmp

Run Build Command:/usr/bin/make "cmTryCompileExec2350177858/fast"
/usr/bin/make -f CMakeFiles/cmTryCompileExec2350177858.dir/build.make CMakeFiles/cmTryCompileExec2350177858.dir/build
make[1]: Entering directory `/home/kenneth/nao/devtools/naoqi-sdk/doc/examples/core/wbredball/build-remote/CMakeFiles/CMakeTmp'
/usr/bin/cmake -E cmake_progress_report /home/kenneth/nao/devtools/naoqi-sdk/doc/examples/core/wbredball/build-remote/CMakeFiles/CMakeTmp/CMakeFiles 1
Building C object CMakeFiles/cmTryCompileExec2350177858.dir/CheckIncludeFiles.c.o
/usr/bin/cc    -o CMakeFiles/cmTryCompileExec2350177858.dir/CheckIncludeFiles.c.o   -c /home/kenneth/nao/devtools/naoqi-sdk/doc/examples/core/wbredball/build-remote/CMakeFiles/CMakeTmp/CheckIncludeFiles.c
Linking C executable cmTryCompileExec2350177858
/usr/bin/cmake -E cmake_link_script CMakeFiles/cmTryCompileExec2350177858.dir/link.txt --verbose=1
/usr/bin/cc       CMakeFiles/cmTryCompileExec2350177858.dir/CheckIncludeFiles.c.o  -o cmTryCompileExec2350177858 -rdynamic 
make[1]: Leaving directory `/home/kenneth/nao/devtools/naoqi-sdk/doc/examples/core/wbredball/build-remote/CMakeFiles/CMakeTmp'


Determining if the function pthread_create exists in the pthread passed with the following output:
Change Dir: /home/kenneth/nao/devtools/naoqi-sdk/doc/examples/core/wbredball/build-remote/CMakeFiles/CMakeTmp

Run Build Command:/usr/bin/make "cmTryCompileExec1144356213/fast"
/usr/bin/make -f CMakeFiles/cmTryCompileExec1144356213.dir/build.make CMakeFiles/cmTryCompileExec1144356213.dir/build
make[1]: Entering directory `/home/kenneth/nao/devtools/naoqi-sdk/doc/examples/core/wbredball/build-remote/CMakeFiles/CMakeTmp'
/usr/bin/cmake -E cmake_progress_report /home/kenneth/nao/devtools/naoqi-sdk/doc/examples/core/wbredball/build-remote/CMakeFiles/CMakeTmp/CMakeFiles 1
Building C object CMakeFiles/cmTryCompileExec1144356213.dir/CheckFunctionExists.c.o
/usr/bin/cc   -DCHECK_FUNCTION_EXISTS=pthread_create   -o CMakeFiles/cmTryCompileExec1144356213.dir/CheckFunctionExists.c.o   -c /usr/share/cmake-2.8/Modules/CheckFunctionExists.c
Linking C executable cmTryCompileExec1144356213
/usr/bin/cmake -E cmake_link_script CMakeFiles/cmTryCompileExec1144356213.dir/link.txt --verbose=1
/usr/bin/cc   -DCHECK_FUNCTION_EXISTS=pthread_create    CMakeFiles/cmTryCompileExec1144356213.dir/CheckFunctionExists.c.o  -o cmTryCompileExec1144356213 -rdynamic -lpthread 
make[1]: Leaving directory `/home/kenneth/nao/devtools/naoqi-sdk/doc/examples/core/wbredball/build-remote/CMakeFiles/CMakeTmp'


Determining if files pthread.h exist passed with the following output:
Change Dir: /home/kenneth/nao/devtools/naoqi-sdk/doc/examples/core/wbredball/build-remote/CMakeFiles/CMakeTmp

Run Build Command:/usr/bin/make "cmTryCompileExec1318027311/fast"
/usr/bin/make -f CMakeFiles/cmTryCompileExec1318027311.dir/build.make CMakeFiles/cmTryCompileExec1318027311.dir/build
make[1]: Entering directory `/home/kenneth/nao/devtools/naoqi-sdk/doc/examples/core/wbredball/build-remote/CMakeFiles/CMakeTmp'
/usr/bin/cmake -E cmake_progress_report /home/kenneth/nao/devtools/naoqi-sdk/doc/examples/core/wbredball/build-remote/CMakeFiles/CMakeTmp/CMakeFiles 1
Building C object CMakeFiles/cmTryCompileExec1318027311.dir/CheckIncludeFiles.c.o
/usr/bin/cc    -o CMakeFiles/cmTryCompileExec1318027311.dir/CheckIncludeFiles.c.o   -c /home/kenneth/nao/devtools/naoqi-sdk/doc/examples/core/wbredball/build-remote/CMakeFiles/CMakeTmp/CheckIncludeFiles.c
Linking C executable cmTryCompileExec1318027311
/usr/bin/cmake -E cmake_link_script CMakeFiles/cmTryCompileExec1318027311.dir/link.txt --verbose=1
/usr/bin/cc       CMakeFiles/cmTryCompileExec1318027311.dir/CheckIncludeFiles.c.o  -o cmTryCompileExec1318027311 -rdynamic 
make[1]: Leaving directory `/home/kenneth/nao/devtools/naoqi-sdk/doc/examples/core/wbredball/build-remote/CMakeFiles/CMakeTmp'


Determining if the function pthread_create exists in the pthread passed with the following output:
Change Dir: /home/kenneth/nao/devtools/naoqi-sdk/doc/examples/core/wbredball/build-remote/CMakeFiles/CMakeTmp

Run Build Command:/usr/bin/make "cmTryCompileExec3020943825/fast"
/usr/bin/make -f CMakeFiles/cmTryCompileExec3020943825.dir/build.make CMakeFiles/cmTryCompileExec3020943825.dir/build
make[1]: Entering directory `/home/kenneth/nao/devtools/naoqi-sdk/doc/examples/core/wbredball/build-remote/CMakeFiles/CMakeTmp'
/usr/bin/cmake -E cmake_progress_report /home/kenneth/nao/devtools/naoqi-sdk/doc/examples/core/wbredball/build-remote/CMakeFiles/CMakeTmp/CMakeFiles 1
Building C object CMakeFiles/cmTryCompileExec3020943825.dir/CheckFunctionExists.c.o
/usr/bin/cc   -DCHECK_FUNCTION_EXISTS=pthread_create   -o CMakeFiles/cmTryCompileExec3020943825.dir/CheckFunctionExists.c.o   -c /usr/share/cmake-2.8/Modules/CheckFunctionExists.c
Linking C executable cmTryCompileExec3020943825
/usr/bin/cmake -E cmake_link_script CMakeFiles/cmTryCompileExec3020943825.dir/link.txt --verbose=1
/usr/bin/cc   -DCHECK_FUNCTION_EXISTS=pthread_create    CMakeFiles/cmTryCompileExec3020943825.dir/CheckFunctionExists.c.o  -o cmTryCompileExec3020943825 -rdynamic -lpthread 
make[1]: Leaving directory `/home/kenneth/nao/devtools/naoqi-sdk/doc/examples/core/wbredball/build-remote/CMakeFiles/CMakeTmp'


Determining if files pthread.h exist passed with the following output:
Change Dir: /home/kenneth/nao/devtools/naoqi-sdk/doc/examples/core/wbredball/build-remote/CMakeFiles/CMakeTmp

Run Build Command:/usr/bin/make "cmTryCompileExec3080430185/fast"
/usr/bin/make -f CMakeFiles/cmTryCompileExec3080430185.dir/build.make CMakeFiles/cmTryCompileExec3080430185.dir/build
make[1]: Entering directory `/home/kenneth/nao/devtools/naoqi-sdk/doc/examples/core/wbredball/build-remote/CMakeFiles/CMakeTmp'
/usr/bin/cmake -E cmake_progress_report /home/kenneth/nao/devtools/naoqi-sdk/doc/examples/core/wbredball/build-remote/CMakeFiles/CMakeTmp/CMakeFiles 1
Building C object CMakeFiles/cmTryCompileExec3080430185.dir/CheckIncludeFiles.c.o
/usr/bin/cc    -o CMakeFiles/cmTryCompileExec3080430185.dir/CheckIncludeFiles.c.o   -c /home/kenneth/nao/devtools/naoqi-sdk/doc/examples/core/wbredball/build-remote/CMakeFiles/CMakeTmp/CheckIncludeFiles.c
Linking C executable cmTryCompileExec3080430185
/usr/bin/cmake -E cmake_link_script CMakeFiles/cmTryCompileExec3080430185.dir/link.txt --verbose=1
/usr/bin/cc       CMakeFiles/cmTryCompileExec3080430185.dir/CheckIncludeFiles.c.o  -o cmTryCompileExec3080430185 -rdynamic 
make[1]: Leaving directory `/home/kenneth/nao/devtools/naoqi-sdk/doc/examples/core/wbredball/build-remote/CMakeFiles/CMakeTmp'


Determining if the function pthread_create exists in the pthread passed with the following output:
Change Dir: /home/kenneth/nao/devtools/naoqi-sdk/doc/examples/core/wbredball/build-remote/CMakeFiles/CMakeTmp

Run Build Command:/usr/bin/make "cmTryCompileExec157019202/fast"
/usr/bin/make -f CMakeFiles/cmTryCompileExec157019202.dir/build.make CMakeFiles/cmTryCompileExec157019202.dir/build
make[1]: Entering directory `/home/kenneth/nao/devtools/naoqi-sdk/doc/examples/core/wbredball/build-remote/CMakeFiles/CMakeTmp'
/usr/bin/cmake -E cmake_progress_report /home/kenneth/nao/devtools/naoqi-sdk/doc/examples/core/wbredball/build-remote/CMakeFiles/CMakeTmp/CMakeFiles 1
Building C object CMakeFiles/cmTryCompileExec157019202.dir/CheckFunctionExists.c.o
/usr/bin/cc   -DCHECK_FUNCTION_EXISTS=pthread_create   -o CMakeFiles/cmTryCompileExec157019202.dir/CheckFunctionExists.c.o   -c /usr/share/cmake-2.8/Modules/CheckFunctionExists.c
Linking C executable cmTryCompileExec157019202
/usr/bin/cmake -E cmake_link_script CMakeFiles/cmTryCompileExec157019202.dir/link.txt --verbose=1
/usr/bin/cc   -DCHECK_FUNCTION_EXISTS=pthread_create    CMakeFiles/cmTryCompileExec157019202.dir/CheckFunctionExists.c.o  -o cmTryCompileExec157019202 -rdynamic -lpthread 
make[1]: Leaving directory `/home/kenneth/nao/devtools/naoqi-sdk/doc/examples/core/wbredball/build-remote/CMakeFiles/CMakeTmp'


Determining if files pthread.h exist passed with the following output:
Change Dir: /home/kenneth/nao/devtools/naoqi-sdk/doc/examples/core/wbredball/build-remote/CMakeFiles/CMakeTmp

Run Build Command:/usr/bin/make "cmTryCompileExec496836236/fast"
/usr/bin/make -f CMakeFiles/cmTryCompileExec496836236.dir/build.make CMakeFiles/cmTryCompileExec496836236.dir/build
make[1]: Entering directory `/home/kenneth/nao/devtools/naoqi-sdk/doc/examples/core/wbredball/build-remote/CMakeFiles/CMakeTmp'
/usr/bin/cmake -E cmake_progress_report /home/kenneth/nao/devtools/naoqi-sdk/doc/examples/core/wbredball/build-remote/CMakeFiles/CMakeTmp/CMakeFiles 1
Building C object CMakeFiles/cmTryCompileExec496836236.dir/CheckIncludeFiles.c.o
/usr/bin/cc    -o CMakeFiles/cmTryCompileExec496836236.dir/CheckIncludeFiles.c.o   -c /home/kenneth/nao/devtools/naoqi-sdk/doc/examples/core/wbredball/build-remote/CMakeFiles/CMakeTmp/CheckIncludeFiles.c
Linking C executable cmTryCompileExec496836236
/usr/bin/cmake -E cmake_link_script CMakeFiles/cmTryCompileExec496836236.dir/link.txt --verbose=1
/usr/bin/cc       CMakeFiles/cmTryCompileExec496836236.dir/CheckIncludeFiles.c.o  -o cmTryCompileExec496836236 -rdynamic 
make[1]: Leaving directory `/home/kenneth/nao/devtools/naoqi-sdk/doc/examples/core/wbredball/build-remote/CMakeFiles/CMakeTmp'


Determining if the function pthread_create exists in the pthread passed with the following output:
Change Dir: /home/kenneth/nao/devtools/naoqi-sdk/doc/examples/core/wbredball/build-remote/CMakeFiles/CMakeTmp

Run Build Command:/usr/bin/make "cmTryCompileExec1195855401/fast"
/usr/bin/make -f CMakeFiles/cmTryCompileExec1195855401.dir/build.make CMakeFiles/cmTryCompileExec1195855401.dir/build
make[1]: Entering directory `/home/kenneth/nao/devtools/naoqi-sdk/doc/examples/core/wbredball/build-remote/CMakeFiles/CMakeTmp'
/usr/bin/cmake -E cmake_progress_report /home/kenneth/nao/devtools/naoqi-sdk/doc/examples/core/wbredball/build-remote/CMakeFiles/CMakeTmp/CMakeFiles 1
Building C object CMakeFiles/cmTryCompileExec1195855401.dir/CheckFunctionExists.c.o
/usr/bin/cc   -DCHECK_FUNCTION_EXISTS=pthread_create   -o CMakeFiles/cmTryCompileExec1195855401.dir/CheckFunctionExists.c.o   -c /usr/share/cmake-2.8/Modules/CheckFunctionExists.c
Linking C executable cmTryCompileExec1195855401
/usr/bin/cmake -E cmake_link_script CMakeFiles/cmTryCompileExec1195855401.dir/link.txt --verbose=1
/usr/bin/cc   -DCHECK_FUNCTION_EXISTS=pthread_create    CMakeFiles/cmTryCompileExec1195855401.dir/CheckFunctionExists.c.o  -o cmTryCompileExec1195855401 -rdynamic -lpthread 
make[1]: Leaving directory `/home/kenneth/nao/devtools/naoqi-sdk/doc/examples/core/wbredball/build-remote/CMakeFiles/CMakeTmp'


Determining if files pthread.h exist passed with the following output:
Change Dir: /home/kenneth/nao/devtools/naoqi-sdk/doc/examples/core/wbredball/build-remote/CMakeFiles/CMakeTmp

Run Build Command:/usr/bin/make "cmTryCompileExec349533175/fast"
/usr/bin/make -f CMakeFiles/cmTryCompileExec349533175.dir/build.make CMakeFiles/cmTryCompileExec349533175.dir/build
make[1]: Entering directory `/home/kenneth/nao/devtools/naoqi-sdk/doc/examples/core/wbredball/build-remote/CMakeFiles/CMakeTmp'
/usr/bin/cmake -E cmake_progress_report /home/kenneth/nao/devtools/naoqi-sdk/doc/examples/core/wbredball/build-remote/CMakeFiles/CMakeTmp/CMakeFiles 1
Building C object CMakeFiles/cmTryCompileExec349533175.dir/CheckIncludeFiles.c.o
/usr/bin/cc    -o CMakeFiles/cmTryCompileExec349533175.dir/CheckIncludeFiles.c.o   -c /home/kenneth/nao/devtools/naoqi-sdk/doc/examples/core/wbredball/build-remote/CMakeFiles/CMakeTmp/CheckIncludeFiles.c
Linking C executable cmTryCompileExec349533175
/usr/bin/cmake -E cmake_link_script CMakeFiles/cmTryCompileExec349533175.dir/link.txt --verbose=1
/usr/bin/cc       CMakeFiles/cmTryCompileExec349533175.dir/CheckIncludeFiles.c.o  -o cmTryCompileExec349533175 -rdynamic 
make[1]: Leaving directory `/home/kenneth/nao/devtools/naoqi-sdk/doc/examples/core/wbredball/build-remote/CMakeFiles/CMakeTmp'


Determining if the function pthread_create exists in the pthread passed with the following output:
Change Dir: /home/kenneth/nao/devtools/naoqi-sdk/doc/examples/core/wbredball/build-remote/CMakeFiles/CMakeTmp

Run Build Command:/usr/bin/make "cmTryCompileExec2695082652/fast"
/usr/bin/make -f CMakeFiles/cmTryCompileExec2695082652.dir/build.make CMakeFiles/cmTryCompileExec2695082652.dir/build
make[1]: Entering directory `/home/kenneth/nao/devtools/naoqi-sdk/doc/examples/core/wbredball/build-remote/CMakeFiles/CMakeTmp'
/usr/bin/cmake -E cmake_progress_report /home/kenneth/nao/devtools/naoqi-sdk/doc/examples/core/wbredball/build-remote/CMakeFiles/CMakeTmp/CMakeFiles 1
Building C object CMakeFiles/cmTryCompileExec2695082652.dir/CheckFunctionExists.c.o
/usr/bin/cc   -DCHECK_FUNCTION_EXISTS=pthread_create   -o CMakeFiles/cmTryCompileExec2695082652.dir/CheckFunctionExists.c.o   -c /usr/share/cmake-2.8/Modules/CheckFunctionExists.c
Linking C executable cmTryCompileExec2695082652
/usr/bin/cmake -E cmake_link_script CMakeFiles/cmTryCompileExec2695082652.dir/link.txt --verbose=1
/usr/bin/cc   -DCHECK_FUNCTION_EXISTS=pthread_create    CMakeFiles/cmTryCompileExec2695082652.dir/CheckFunctionExists.c.o  -o cmTryCompileExec2695082652 -rdynamic -lpthread 
make[1]: Leaving directory `/home/kenneth/nao/devtools/naoqi-sdk/doc/examples/core/wbredball/build-remote/CMakeFiles/CMakeTmp'


Determining if files pthread.h exist passed with the following output:
Change Dir: /home/kenneth/nao/devtools/naoqi-sdk/doc/examples/core/wbredball/build-remote/CMakeFiles/CMakeTmp

Run Build Command:/usr/bin/make "cmTryCompileExec3157031300/fast"
/usr/bin/make -f CMakeFiles/cmTryCompileExec3157031300.dir/build.make CMakeFiles/cmTryCompileExec3157031300.dir/build
make[1]: Entering directory `/home/kenneth/nao/devtools/naoqi-sdk/doc/examples/core/wbredball/build-remote/CMakeFiles/CMakeTmp'
/usr/bin/cmake -E cmake_progress_report /home/kenneth/nao/devtools/naoqi-sdk/doc/examples/core/wbredball/build-remote/CMakeFiles/CMakeTmp/CMakeFiles 1
Building C object CMakeFiles/cmTryCompileExec3157031300.dir/CheckIncludeFiles.c.o
/usr/bin/cc    -o CMakeFiles/cmTryCompileExec3157031300.dir/CheckIncludeFiles.c.o   -c /home/kenneth/nao/devtools/naoqi-sdk/doc/examples/core/wbredball/build-remote/CMakeFiles/CMakeTmp/CheckIncludeFiles.c
Linking C executable cmTryCompileExec3157031300
/usr/bin/cmake -E cmake_link_script CMakeFiles/cmTryCompileExec3157031300.dir/link.txt --verbose=1
/usr/bin/cc       CMakeFiles/cmTryCompileExec3157031300.dir/CheckIncludeFiles.c.o  -o cmTryCompileExec3157031300 -rdynamic 
make[1]: Leaving directory `/home/kenneth/nao/devtools/naoqi-sdk/doc/examples/core/wbredball/build-remote/CMakeFiles/CMakeTmp'


Determining if the function pthread_create exists in the pthread passed with the following output:
Change Dir: /home/kenneth/nao/devtools/naoqi-sdk/doc/examples/core/wbredball/build-remote/CMakeFiles/CMakeTmp

Run Build Command:/usr/bin/make "cmTryCompileExec44870910/fast"
/usr/bin/make -f CMakeFiles/cmTryCompileExec44870910.dir/build.make CMakeFiles/cmTryCompileExec44870910.dir/build
make[1]: Entering directory `/home/kenneth/nao/devtools/naoqi-sdk/doc/examples/core/wbredball/build-remote/CMakeFiles/CMakeTmp'
/usr/bin/cmake -E cmake_progress_report /home/kenneth/nao/devtools/naoqi-sdk/doc/examples/core/wbredball/build-remote/CMakeFiles/CMakeTmp/CMakeFiles 1
Building C object CMakeFiles/cmTryCompileExec44870910.dir/CheckFunctionExists.c.o
/usr/bin/cc   -DCHECK_FUNCTION_EXISTS=pthread_create   -o CMakeFiles/cmTryCompileExec44870910.dir/CheckFunctionExists.c.o   -c /usr/share/cmake-2.8/Modules/CheckFunctionExists.c
Linking C executable cmTryCompileExec44870910
/usr/bin/cmake -E cmake_link_script CMakeFiles/cmTryCompileExec44870910.dir/link.txt --verbose=1
/usr/bin/cc   -DCHECK_FUNCTION_EXISTS=pthread_create    CMakeFiles/cmTryCompileExec44870910.dir/CheckFunctionExists.c.o  -o cmTryCompileExec44870910 -rdynamic -lpthread 
make[1]: Leaving directory `/home/kenneth/nao/devtools/naoqi-sdk/doc/examples/core/wbredball/build-remote/CMakeFiles/CMakeTmp'


Determining if files pthread.h exist passed with the following output:
Change Dir: /home/kenneth/nao/devtools/naoqi-sdk/doc/examples/core/wbredball/build-remote/CMakeFiles/CMakeTmp

Run Build Command:/usr/bin/make "cmTryCompileExec467202782/fast"
/usr/bin/make -f CMakeFiles/cmTryCompileExec467202782.dir/build.make CMakeFiles/cmTryCompileExec467202782.dir/build
make[1]: Entering directory `/home/kenneth/nao/devtools/naoqi-sdk/doc/examples/core/wbredball/build-remote/CMakeFiles/CMakeTmp'
/usr/bin/cmake -E cmake_progress_report /home/kenneth/nao/devtools/naoqi-sdk/doc/examples/core/wbredball/build-remote/CMakeFiles/CMakeTmp/CMakeFiles 1
Building C object CMakeFiles/cmTryCompileExec467202782.dir/CheckIncludeFiles.c.o
/usr/bin/cc    -o CMakeFiles/cmTryCompileExec467202782.dir/CheckIncludeFiles.c.o   -c /home/kenneth/nao/devtools/naoqi-sdk/doc/examples/core/wbredball/build-remote/CMakeFiles/CMakeTmp/CheckIncludeFiles.c
Linking C executable cmTryCompileExec467202782
/usr/bin/cmake -E cmake_link_script CMakeFiles/cmTryCompileExec467202782.dir/link.txt --verbose=1
/usr/bin/cc       CMakeFiles/cmTryCompileExec467202782.dir/CheckIncludeFiles.c.o  -o cmTryCompileExec467202782 -rdynamic 
make[1]: Leaving directory `/home/kenneth/nao/devtools/naoqi-sdk/doc/examples/core/wbredball/build-remote/CMakeFiles/CMakeTmp'


Determining if the function pthread_create exists in the pthread passed with the following output:
Change Dir: /home/kenneth/nao/devtools/naoqi-sdk/doc/examples/core/wbredball/build-remote/CMakeFiles/CMakeTmp

Run Build Command:/usr/bin/make "cmTryCompileExec2845669247/fast"
/usr/bin/make -f CMakeFiles/cmTryCompileExec2845669247.dir/build.make CMakeFiles/cmTryCompileExec2845669247.dir/build
make[1]: Entering directory `/home/kenneth/nao/devtools/naoqi-sdk/doc/examples/core/wbredball/build-remote/CMakeFiles/CMakeTmp'
/usr/bin/cmake -E cmake_progress_report /home/kenneth/nao/devtools/naoqi-sdk/doc/examples/core/wbredball/build-remote/CMakeFiles/CMakeTmp/CMakeFiles 1
Building C object CMakeFiles/cmTryCompileExec2845669247.dir/CheckFunctionExists.c.o
/usr/bin/cc   -DCHECK_FUNCTION_EXISTS=pthread_create   -o CMakeFiles/cmTryCompileExec2845669247.dir/CheckFunctionExists.c.o   -c /usr/share/cmake-2.8/Modules/CheckFunctionExists.c
Linking C executable cmTryCompileExec2845669247
/usr/bin/cmake -E cmake_link_script CMakeFiles/cmTryCompileExec2845669247.dir/link.txt --verbose=1
/usr/bin/cc   -DCHECK_FUNCTION_EXISTS=pthread_create    CMakeFiles/cmTryCompileExec2845669247.dir/CheckFunctionExists.c.o  -o cmTryCompileExec2845669247 -rdynamic -lpthread 
make[1]: Leaving directory `/home/kenneth/nao/devtools/naoqi-sdk/doc/examples/core/wbredball/build-remote/CMakeFiles/CMakeTmp'


Determining if files pthread.h exist passed with the following output:
Change Dir: /home/kenneth/nao/devtools/naoqi-sdk/doc/examples/core/wbredball/build-remote/CMakeFiles/CMakeTmp

Run Build Command:/usr/bin/make "cmTryCompileExec3044308520/fast"
/usr/bin/make -f CMakeFiles/cmTryCompileExec3044308520.dir/build.make CMakeFiles/cmTryCompileExec3044308520.dir/build
make[1]: Entering directory `/home/kenneth/nao/devtools/naoqi-sdk/doc/examples/core/wbredball/build-remote/CMakeFiles/CMakeTmp'
/usr/bin/cmake -E cmake_progress_report /home/kenneth/nao/devtools/naoqi-sdk/doc/examples/core/wbredball/build-remote/CMakeFiles/CMakeTmp/CMakeFiles 1
Building C object CMakeFiles/cmTryCompileExec3044308520.dir/CheckIncludeFiles.c.o
/usr/bin/cc    -o CMakeFiles/cmTryCompileExec3044308520.dir/CheckIncludeFiles.c.o   -c /home/kenneth/nao/devtools/naoqi-sdk/doc/examples/core/wbredball/build-remote/CMakeFiles/CMakeTmp/CheckIncludeFiles.c
Linking C executable cmTryCompileExec3044308520
/usr/bin/cmake -E cmake_link_script CMakeFiles/cmTryCompileExec3044308520.dir/link.txt --verbose=1
/usr/bin/cc       CMakeFiles/cmTryCompileExec3044308520.dir/CheckIncludeFiles.c.o  -o cmTryCompileExec3044308520 -rdynamic 
make[1]: Leaving directory `/home/kenneth/nao/devtools/naoqi-sdk/doc/examples/core/wbredball/build-remote/CMakeFiles/CMakeTmp'


Determining if the function pthread_create exists in the pthread passed with the following output:
Change Dir: /home/kenneth/nao/devtools/naoqi-sdk/doc/examples/core/wbredball/build-remote/CMakeFiles/CMakeTmp

Run Build Command:/usr/bin/make "cmTryCompileExec1345135213/fast"
/usr/bin/make -f CMakeFiles/cmTryCompileExec1345135213.dir/build.make CMakeFiles/cmTryCompileExec1345135213.dir/build
make[1]: Entering directory `/home/kenneth/nao/devtools/naoqi-sdk/doc/examples/core/wbredball/build-remote/CMakeFiles/CMakeTmp'
/usr/bin/cmake -E cmake_progress_report /home/kenneth/nao/devtools/naoqi-sdk/doc/examples/core/wbredball/build-remote/CMakeFiles/CMakeTmp/CMakeFiles 1
Building C object CMakeFiles/cmTryCompileExec1345135213.dir/CheckFunctionExists.c.o
/usr/bin/cc   -DCHECK_FUNCTION_EXISTS=pthread_create   -o CMakeFiles/cmTryCompileExec1345135213.dir/CheckFunctionExists.c.o   -c /usr/share/cmake-2.8/Modules/CheckFunctionExists.c
Linking C executable cmTryCompileExec1345135213
/usr/bin/cmake -E cmake_link_script CMakeFiles/cmTryCompileExec1345135213.dir/link.txt --verbose=1
/usr/bin/cc   -DCHECK_FUNCTION_EXISTS=pthread_create    CMakeFiles/cmTryCompileExec1345135213.dir/CheckFunctionExists.c.o  -o cmTryCompileExec1345135213 -rdynamic -lpthread 
make[1]: Leaving directory `/home/kenneth/nao/devtools/naoqi-sdk/doc/examples/core/wbredball/build-remote/CMakeFiles/CMakeTmp'


Determining if files pthread.h exist passed with the following output:
Change Dir: /home/kenneth/nao/devtools/naoqi-sdk/doc/examples/core/wbredball/build-remote/CMakeFiles/CMakeTmp

Run Build Command:/usr/bin/make "cmTryCompileExec1798578557/fast"
/usr/bin/make -f CMakeFiles/cmTryCompileExec1798578557.dir/build.make CMakeFiles/cmTryCompileExec1798578557.dir/build
make[1]: Entering directory `/home/kenneth/nao/devtools/naoqi-sdk/doc/examples/core/wbredball/build-remote/CMakeFiles/CMakeTmp'
/usr/bin/cmake -E cmake_progress_report /home/kenneth/nao/devtools/naoqi-sdk/doc/examples/core/wbredball/build-remote/CMakeFiles/CMakeTmp/CMakeFiles 1
Building C object CMakeFiles/cmTryCompileExec1798578557.dir/CheckIncludeFiles.c.o
/usr/bin/cc    -o CMakeFiles/cmTryCompileExec1798578557.dir/CheckIncludeFiles.c.o   -c /home/kenneth/nao/devtools/naoqi-sdk/doc/examples/core/wbredball/build-remote/CMakeFiles/CMakeTmp/CheckIncludeFiles.c
Linking C executable cmTryCompileExec1798578557
/usr/bin/cmake -E cmake_link_script CMakeFiles/cmTryCompileExec1798578557.dir/link.txt --verbose=1
/usr/bin/cc       CMakeFiles/cmTryCompileExec1798578557.dir/CheckIncludeFiles.c.o  -o cmTryCompileExec1798578557 -rdynamic 
make[1]: Leaving directory `/home/kenneth/nao/devtools/naoqi-sdk/doc/examples/core/wbredball/build-remote/CMakeFiles/CMakeTmp'


Determining if the function pthread_create exists in the pthread passed with the following output:
Change Dir: /home/kenneth/nao/devtools/naoqi-sdk/doc/examples/core/wbredball/build-remote/CMakeFiles/CMakeTmp

Run Build Command:/usr/bin/make "cmTryCompileExec1170698822/fast"
/usr/bin/make -f CMakeFiles/cmTryCompileExec1170698822.dir/build.make CMakeFiles/cmTryCompileExec1170698822.dir/build
make[1]: Entering directory `/home/kenneth/nao/devtools/naoqi-sdk/doc/examples/core/wbredball/build-remote/CMakeFiles/CMakeTmp'
/usr/bin/cmake -E cmake_progress_report /home/kenneth/nao/devtools/naoqi-sdk/doc/examples/core/wbredball/build-remote/CMakeFiles/CMakeTmp/CMakeFiles 1
Building C object CMakeFiles/cmTryCompileExec1170698822.dir/CheckFunctionExists.c.o
/usr/bin/cc   -DCHECK_FUNCTION_EXISTS=pthread_create   -o CMakeFiles/cmTryCompileExec1170698822.dir/CheckFunctionExists.c.o   -c /usr/share/cmake-2.8/Modules/CheckFunctionExists.c
Linking C executable cmTryCompileExec1170698822
/usr/bin/cmake -E cmake_link_script CMakeFiles/cmTryCompileExec1170698822.dir/link.txt --verbose=1
/usr/bin/cc   -DCHECK_FUNCTION_EXISTS=pthread_create    CMakeFiles/cmTryCompileExec1170698822.dir/CheckFunctionExists.c.o  -o cmTryCompileExec1170698822 -rdynamic -lpthread 
make[1]: Leaving directory `/home/kenneth/nao/devtools/naoqi-sdk/doc/examples/core/wbredball/build-remote/CMakeFiles/CMakeTmp'


Determining if files pthread.h exist passed with the following output:
Change Dir: /home/kenneth/nao/devtools/naoqi-sdk/doc/examples/core/wbredball/build-remote/CMakeFiles/CMakeTmp

Run Build Command:/usr/bin/make "cmTryCompileExec1821633676/fast"
/usr/bin/make -f CMakeFiles/cmTryCompileExec1821633676.dir/build.make CMakeFiles/cmTryCompileExec1821633676.dir/build
make[1]: Entering directory `/home/kenneth/nao/devtools/naoqi-sdk/doc/examples/core/wbredball/build-remote/CMakeFiles/CMakeTmp'
/usr/bin/cmake -E cmake_progress_report /home/kenneth/nao/devtools/naoqi-sdk/doc/examples/core/wbredball/build-remote/CMakeFiles/CMakeTmp/CMakeFiles 1
Building C object CMakeFiles/cmTryCompileExec1821633676.dir/CheckIncludeFiles.c.o
/usr/bin/cc    -o CMakeFiles/cmTryCompileExec1821633676.dir/CheckIncludeFiles.c.o   -c /home/kenneth/nao/devtools/naoqi-sdk/doc/examples/core/wbredball/build-remote/CMakeFiles/CMakeTmp/CheckIncludeFiles.c
Linking C executable cmTryCompileExec1821633676
/usr/bin/cmake -E cmake_link_script CMakeFiles/cmTryCompileExec1821633676.dir/link.txt --verbose=1
/usr/bin/cc       CMakeFiles/cmTryCompileExec1821633676.dir/CheckIncludeFiles.c.o  -o cmTryCompileExec1821633676 -rdynamic 
make[1]: Leaving directory `/home/kenneth/nao/devtools/naoqi-sdk/doc/examples/core/wbredball/build-remote/CMakeFiles/CMakeTmp'


Determining if the function pthread_create exists in the pthread passed with the following output:
Change Dir: /home/kenneth/nao/devtools/naoqi-sdk/doc/examples/core/wbredball/build-remote/CMakeFiles/CMakeTmp

Run Build Command:/usr/bin/make "cmTryCompileExec949086419/fast"
/usr/bin/make -f CMakeFiles/cmTryCompileExec949086419.dir/build.make CMakeFiles/cmTryCompileExec949086419.dir/build
make[1]: Entering directory `/home/kenneth/nao/devtools/naoqi-sdk/doc/examples/core/wbredball/build-remote/CMakeFiles/CMakeTmp'
/usr/bin/cmake -E cmake_progress_report /home/kenneth/nao/devtools/naoqi-sdk/doc/examples/core/wbredball/build-remote/CMakeFiles/CMakeTmp/CMakeFiles 1
Building C object CMakeFiles/cmTryCompileExec949086419.dir/CheckFunctionExists.c.o
/usr/bin/cc   -DCHECK_FUNCTION_EXISTS=pthread_create   -o CMakeFiles/cmTryCompileExec949086419.dir/CheckFunctionExists.c.o   -c /usr/share/cmake-2.8/Modules/CheckFunctionExists.c
Linking C executable cmTryCompileExec949086419
/usr/bin/cmake -E cmake_link_script CMakeFiles/cmTryCompileExec949086419.dir/link.txt --verbose=1
/usr/bin/cc   -DCHECK_FUNCTION_EXISTS=pthread_create    CMakeFiles/cmTryCompileExec949086419.dir/CheckFunctionExists.c.o  -o cmTryCompileExec949086419 -rdynamic -lpthread 
make[1]: Leaving directory `/home/kenneth/nao/devtools/naoqi-sdk/doc/examples/core/wbredball/build-remote/CMakeFiles/CMakeTmp'


Determining if files pthread.h exist passed with the following output:
Change Dir: /home/kenneth/nao/devtools/naoqi-sdk/doc/examples/core/wbredball/build-remote/CMakeFiles/CMakeTmp

Run Build Command:/usr/bin/make "cmTryCompileExec3317947586/fast"
/usr/bin/make -f CMakeFiles/cmTryCompileExec3317947586.dir/build.make CMakeFiles/cmTryCompileExec3317947586.dir/build
make[1]: Entering directory `/home/kenneth/nao/devtools/naoqi-sdk/doc/examples/core/wbredball/build-remote/CMakeFiles/CMakeTmp'
/usr/bin/cmake -E cmake_progress_report /home/kenneth/nao/devtools/naoqi-sdk/doc/examples/core/wbredball/build-remote/CMakeFiles/CMakeTmp/CMakeFiles 1
Building C object CMakeFiles/cmTryCompileExec3317947586.dir/CheckIncludeFiles.c.o
/usr/bin/cc    -o CMakeFiles/cmTryCompileExec3317947586.dir/CheckIncludeFiles.c.o   -c /home/kenneth/nao/devtools/naoqi-sdk/doc/examples/core/wbredball/build-remote/CMakeFiles/CMakeTmp/CheckIncludeFiles.c
Linking C executable cmTryCompileExec3317947586
/usr/bin/cmake -E cmake_link_script CMakeFiles/cmTryCompileExec3317947586.dir/link.txt --verbose=1
/usr/bin/cc       CMakeFiles/cmTryCompileExec3317947586.dir/CheckIncludeFiles.c.o  -o cmTryCompileExec3317947586 -rdynamic 
make[1]: Leaving directory `/home/kenneth/nao/devtools/naoqi-sdk/doc/examples/core/wbredball/build-remote/CMakeFiles/CMakeTmp'


Determining if the function pthread_create exists in the pthread passed with the following output:
Change Dir: /home/kenneth/nao/devtools/naoqi-sdk/doc/examples/core/wbredball/build-remote/CMakeFiles/CMakeTmp

Run Build Command:/usr/bin/make "cmTryCompileExec1716490049/fast"
/usr/bin/make -f CMakeFiles/cmTryCompileExec1716490049.dir/build.make CMakeFiles/cmTryCompileExec1716490049.dir/build
make[1]: Entering directory `/home/kenneth/nao/devtools/naoqi-sdk/doc/examples/core/wbredball/build-remote/CMakeFiles/CMakeTmp'
/usr/bin/cmake -E cmake_progress_report /home/kenneth/nao/devtools/naoqi-sdk/doc/examples/core/wbredball/build-remote/CMakeFiles/CMakeTmp/CMakeFiles 1
Building C object CMakeFiles/cmTryCompileExec1716490049.dir/CheckFunctionExists.c.o
/usr/bin/cc   -DCHECK_FUNCTION_EXISTS=pthread_create   -o CMakeFiles/cmTryCompileExec1716490049.dir/CheckFunctionExists.c.o   -c /usr/share/cmake-2.8/Modules/CheckFunctionExists.c
Linking C executable cmTryCompileExec1716490049
/usr/bin/cmake -E cmake_link_script CMakeFiles/cmTryCompileExec1716490049.dir/link.txt --verbose=1
/usr/bin/cc   -DCHECK_FUNCTION_EXISTS=pthread_create    CMakeFiles/cmTryCompileExec1716490049.dir/CheckFunctionExists.c.o  -o cmTryCompileExec1716490049 -rdynamic -lpthread 
make[1]: Leaving directory `/home/kenneth/nao/devtools/naoqi-sdk/doc/examples/core/wbredball/build-remote/CMakeFiles/CMakeTmp'


Determining if files pthread.h exist passed with the following output:
Change Dir: /home/kenneth/nao/devtools/naoqi-sdk/doc/examples/core/wbredball/build-remote/CMakeFiles/CMakeTmp

Run Build Command:/usr/bin/make "cmTryCompileExec2151041589/fast"
/usr/bin/make -f CMakeFiles/cmTryCompileExec2151041589.dir/build.make CMakeFiles/cmTryCompileExec2151041589.dir/build
make[1]: Entering directory `/home/kenneth/nao/devtools/naoqi-sdk/doc/examples/core/wbredball/build-remote/CMakeFiles/CMakeTmp'
/usr/bin/cmake -E cmake_progress_report /home/kenneth/nao/devtools/naoqi-sdk/doc/examples/core/wbredball/build-remote/CMakeFiles/CMakeTmp/CMakeFiles 1
Building C object CMakeFiles/cmTryCompileExec2151041589.dir/CheckIncludeFiles.c.o
/usr/bin/cc    -o CMakeFiles/cmTryCompileExec2151041589.dir/CheckIncludeFiles.c.o   -c /home/kenneth/nao/devtools/naoqi-sdk/doc/examples/core/wbredball/build-remote/CMakeFiles/CMakeTmp/CheckIncludeFiles.c
Linking C executable cmTryCompileExec2151041589
/usr/bin/cmake -E cmake_link_script CMakeFiles/cmTryCompileExec2151041589.dir/link.txt --verbose=1
/usr/bin/cc       CMakeFiles/cmTryCompileExec2151041589.dir/CheckIncludeFiles.c.o  -o cmTryCompileExec2151041589 -rdynamic 
make[1]: Leaving directory `/home/kenneth/nao/devtools/naoqi-sdk/doc/examples/core/wbredball/build-remote/CMakeFiles/CMakeTmp'


Determining if the function pthread_create exists in the pthread passed with the following output:
Change Dir: /home/kenneth/nao/devtools/naoqi-sdk/doc/examples/core/wbredball/build-remote/CMakeFiles/CMakeTmp

Run Build Command:/usr/bin/make "cmTryCompileExec2304147327/fast"
/usr/bin/make -f CMakeFiles/cmTryCompileExec2304147327.dir/build.make CMakeFiles/cmTryCompileExec2304147327.dir/build
make[1]: Entering directory `/home/kenneth/nao/devtools/naoqi-sdk/doc/examples/core/wbredball/build-remote/CMakeFiles/CMakeTmp'
/usr/bin/cmake -E cmake_progress_report /home/kenneth/nao/devtools/naoqi-sdk/doc/examples/core/wbredball/build-remote/CMakeFiles/CMakeTmp/CMakeFiles 1
Building C object CMakeFiles/cmTryCompileExec2304147327.dir/CheckFunctionExists.c.o
/usr/bin/cc   -DCHECK_FUNCTION_EXISTS=pthread_create   -o CMakeFiles/cmTryCompileExec2304147327.dir/CheckFunctionExists.c.o   -c /usr/share/cmake-2.8/Modules/CheckFunctionExists.c
Linking C executable cmTryCompileExec2304147327
/usr/bin/cmake -E cmake_link_script CMakeFiles/cmTryCompileExec2304147327.dir/link.txt --verbose=1
/usr/bin/cc   -DCHECK_FUNCTION_EXISTS=pthread_create    CMakeFiles/cmTryCompileExec2304147327.dir/CheckFunctionExists.c.o  -o cmTryCompileExec2304147327 -rdynamic -lpthread 
make[1]: Leaving directory `/home/kenneth/nao/devtools/naoqi-sdk/doc/examples/core/wbredball/build-remote/CMakeFiles/CMakeTmp'


Determining if files pthread.h exist passed with the following output:
Change Dir: /home/kenneth/nao/devtools/naoqi-sdk/doc/examples/core/wbredball/build-remote/CMakeFiles/CMakeTmp

Run Build Command:/usr/bin/make "cmTryCompileExec2643965086/fast"
/usr/bin/make -f CMakeFiles/cmTryCompileExec2643965086.dir/build.make CMakeFiles/cmTryCompileExec2643965086.dir/build
make[1]: Entering directory `/home/kenneth/nao/devtools/naoqi-sdk/doc/examples/core/wbredball/build-remote/CMakeFiles/CMakeTmp'
/usr/bin/cmake -E cmake_progress_report /home/kenneth/nao/devtools/naoqi-sdk/doc/examples/core/wbredball/build-remote/CMakeFiles/CMakeTmp/CMakeFiles 1
Building C object CMakeFiles/cmTryCompileExec2643965086.dir/CheckIncludeFiles.c.o
/usr/bin/cc    -o CMakeFiles/cmTryCompileExec2643965086.dir/CheckIncludeFiles.c.o   -c /home/kenneth/nao/devtools/naoqi-sdk/doc/examples/core/wbredball/build-remote/CMakeFiles/CMakeTmp/CheckIncludeFiles.c
Linking C executable cmTryCompileExec2643965086
/usr/bin/cmake -E cmake_link_script CMakeFiles/cmTryCompileExec2643965086.dir/link.txt --verbose=1
/usr/bin/cc       CMakeFiles/cmTryCompileExec2643965086.dir/CheckIncludeFiles.c.o  -o cmTryCompileExec2643965086 -rdynamic 
make[1]: Leaving directory `/home/kenneth/nao/devtools/naoqi-sdk/doc/examples/core/wbredball/build-remote/CMakeFiles/CMakeTmp'


Determining if the function pthread_create exists in the pthread passed with the following output:
Change Dir: /home/kenneth/nao/devtools/naoqi-sdk/doc/examples/core/wbredball/build-remote/CMakeFiles/CMakeTmp

Run Build Command:/usr/bin/make "cmTryCompileExec3571034854/fast"
/usr/bin/make -f CMakeFiles/cmTryCompileExec3571034854.dir/build.make CMakeFiles/cmTryCompileExec3571034854.dir/build
make[1]: Entering directory `/home/kenneth/nao/devtools/naoqi-sdk/doc/examples/core/wbredball/build-remote/CMakeFiles/CMakeTmp'
/usr/bin/cmake -E cmake_progress_report /home/kenneth/nao/devtools/naoqi-sdk/doc/examples/core/wbredball/build-remote/CMakeFiles/CMakeTmp/CMakeFiles 1
Building C object CMakeFiles/cmTryCompileExec3571034854.dir/CheckFunctionExists.c.o
/usr/bin/cc   -DCHECK_FUNCTION_EXISTS=pthread_create   -o CMakeFiles/cmTryCompileExec3571034854.dir/CheckFunctionExists.c.o   -c /usr/share/cmake-2.8/Modules/CheckFunctionExists.c
Linking C executable cmTryCompileExec3571034854
/usr/bin/cmake -E cmake_link_script CMakeFiles/cmTryCompileExec3571034854.dir/link.txt --verbose=1
/usr/bin/cc   -DCHECK_FUNCTION_EXISTS=pthread_create    CMakeFiles/cmTryCompileExec3571034854.dir/CheckFunctionExists.c.o  -o cmTryCompileExec3571034854 -rdynamic -lpthread 
make[1]: Leaving directory `/home/kenneth/nao/devtools/naoqi-sdk/doc/examples/core/wbredball/build-remote/CMakeFiles/CMakeTmp'


Determining if files pthread.h exist passed with the following output:
Change Dir: /home/kenneth/nao/devtools/naoqi-sdk/doc/examples/core/wbredball/build-remote/CMakeFiles/CMakeTmp

Run Build Command:/usr/bin/make "cmTryCompileExec3526063658/fast"
/usr/bin/make -f CMakeFiles/cmTryCompileExec3526063658.dir/build.make CMakeFiles/cmTryCompileExec3526063658.dir/build
make[1]: Entering directory `/home/kenneth/nao/devtools/naoqi-sdk/doc/examples/core/wbredball/build-remote/CMakeFiles/CMakeTmp'
/usr/bin/cmake -E cmake_progress_report /home/kenneth/nao/devtools/naoqi-sdk/doc/examples/core/wbredball/build-remote/CMakeFiles/CMakeTmp/CMakeFiles 1
Building C object CMakeFiles/cmTryCompileExec3526063658.dir/CheckIncludeFiles.c.o
/usr/bin/cc    -o CMakeFiles/cmTryCompileExec3526063658.dir/CheckIncludeFiles.c.o   -c /home/kenneth/nao/devtools/naoqi-sdk/doc/examples/core/wbredball/build-remote/CMakeFiles/CMakeTmp/CheckIncludeFiles.c
Linking C executable cmTryCompileExec3526063658
/usr/bin/cmake -E cmake_link_script CMakeFiles/cmTryCompileExec3526063658.dir/link.txt --verbose=1
/usr/bin/cc       CMakeFiles/cmTryCompileExec3526063658.dir/CheckIncludeFiles.c.o  -o cmTryCompileExec3526063658 -rdynamic 
make[1]: Leaving directory `/home/kenneth/nao/devtools/naoqi-sdk/doc/examples/core/wbredball/build-remote/CMakeFiles/CMakeTmp'


Determining if the function pthread_create exists in the pthread passed with the following output:
Change Dir: /home/kenneth/nao/devtools/naoqi-sdk/doc/examples/core/wbredball/build-remote/CMakeFiles/CMakeTmp

Run Build Command:/usr/bin/make "cmTryCompileExec469634331/fast"
/usr/bin/make -f CMakeFiles/cmTryCompileExec469634331.dir/build.make CMakeFiles/cmTryCompileExec469634331.dir/build
make[1]: Entering directory `/home/kenneth/nao/devtools/naoqi-sdk/doc/examples/core/wbredball/build-remote/CMakeFiles/CMakeTmp'
/usr/bin/cmake -E cmake_progress_report /home/kenneth/nao/devtools/naoqi-sdk/doc/examples/core/wbredball/build-remote/CMakeFiles/CMakeTmp/CMakeFiles 1
Building C object CMakeFiles/cmTryCompileExec469634331.dir/CheckFunctionExists.c.o
/usr/bin/cc   -DCHECK_FUNCTION_EXISTS=pthread_create   -o CMakeFiles/cmTryCompileExec469634331.dir/CheckFunctionExists.c.o   -c /usr/share/cmake-2.8/Modules/CheckFunctionExists.c
Linking C executable cmTryCompileExec469634331
/usr/bin/cmake -E cmake_link_script CMakeFiles/cmTryCompileExec469634331.dir/link.txt --verbose=1
/usr/bin/cc   -DCHECK_FUNCTION_EXISTS=pthread_create    CMakeFiles/cmTryCompileExec469634331.dir/CheckFunctionExists.c.o  -o cmTryCompileExec469634331 -rdynamic -lpthread 
make[1]: Leaving directory `/home/kenneth/nao/devtools/naoqi-sdk/doc/examples/core/wbredball/build-remote/CMakeFiles/CMakeTmp'


Determining if files pthread.h exist passed with the following output:
Change Dir: /home/kenneth/nao/devtools/naoqi-sdk/doc/examples/core/wbredball/build-remote/CMakeFiles/CMakeTmp

Run Build Command:/usr/bin/make "cmTryCompileExec4160236303/fast"
/usr/bin/make -f CMakeFiles/cmTryCompileExec4160236303.dir/build.make CMakeFiles/cmTryCompileExec4160236303.dir/build
make[1]: Entering directory `/home/kenneth/nao/devtools/naoqi-sdk/doc/examples/core/wbredball/build-remote/CMakeFiles/CMakeTmp'
/usr/bin/cmake -E cmake_progress_report /home/kenneth/nao/devtools/naoqi-sdk/doc/examples/core/wbredball/build-remote/CMakeFiles/CMakeTmp/CMakeFiles 1
Building C object CMakeFiles/cmTryCompileExec4160236303.dir/CheckIncludeFiles.c.o
/usr/bin/cc    -o CMakeFiles/cmTryCompileExec4160236303.dir/CheckIncludeFiles.c.o   -c /home/kenneth/nao/devtools/naoqi-sdk/doc/examples/core/wbredball/build-remote/CMakeFiles/CMakeTmp/CheckIncludeFiles.c
Linking C executable cmTryCompileExec4160236303
/usr/bin/cmake -E cmake_link_script CMakeFiles/cmTryCompileExec4160236303.dir/link.txt --verbose=1
/usr/bin/cc       CMakeFiles/cmTryCompileExec4160236303.dir/CheckIncludeFiles.c.o  -o cmTryCompileExec4160236303 -rdynamic 
make[1]: Leaving directory `/home/kenneth/nao/devtools/naoqi-sdk/doc/examples/core/wbredball/build-remote/CMakeFiles/CMakeTmp'


Determining if the function pthread_create exists in the pthread passed with the following output:
Change Dir: /home/kenneth/nao/devtools/naoqi-sdk/doc/examples/core/wbredball/build-remote/CMakeFiles/CMakeTmp

Run Build Command:/usr/bin/make "cmTryCompileExec514163287/fast"
/usr/bin/make -f CMakeFiles/cmTryCompileExec514163287.dir/build.make CMakeFiles/cmTryCompileExec514163287.dir/build
make[1]: Entering directory `/home/kenneth/nao/devtools/naoqi-sdk/doc/examples/core/wbredball/build-remote/CMakeFiles/CMakeTmp'
/usr/bin/cmake -E cmake_progress_report /home/kenneth/nao/devtools/naoqi-sdk/doc/examples/core/wbredball/build-remote/CMakeFiles/CMakeTmp/CMakeFiles 1
Building C object CMakeFiles/cmTryCompileExec514163287.dir/CheckFunctionExists.c.o
/usr/bin/cc   -DCHECK_FUNCTION_EXISTS=pthread_create   -o CMakeFiles/cmTryCompileExec514163287.dir/CheckFunctionExists.c.o   -c /usr/share/cmake-2.8/Modules/CheckFunctionExists.c
Linking C executable cmTryCompileExec514163287
/usr/bin/cmake -E cmake_link_script CMakeFiles/cmTryCompileExec514163287.dir/link.txt --verbose=1
/usr/bin/cc   -DCHECK_FUNCTION_EXISTS=pthread_create    CMakeFiles/cmTryCompileExec514163287.dir/CheckFunctionExists.c.o  -o cmTryCompileExec514163287 -rdynamic -lpthread 
make[1]: Leaving directory `/home/kenneth/nao/devtools/naoqi-sdk/doc/examples/core/wbredball/build-remote/CMakeFiles/CMakeTmp'


Determining if files pthread.h exist passed with the following output:
Change Dir: /home/kenneth/nao/devtools/naoqi-sdk/doc/examples/core/wbredball/build-remote/CMakeFiles/CMakeTmp

Run Build Command:/usr/bin/make "cmTryCompileExec451893384/fast"
/usr/bin/make -f CMakeFiles/cmTryCompileExec451893384.dir/build.make CMakeFiles/cmTryCompileExec451893384.dir/build
make[1]: Entering directory `/home/kenneth/nao/devtools/naoqi-sdk/doc/examples/core/wbredball/build-remote/CMakeFiles/CMakeTmp'
/usr/bin/cmake -E cmake_progress_report /home/kenneth/nao/devtools/naoqi-sdk/doc/examples/core/wbredball/build-remote/CMakeFiles/CMakeTmp/CMakeFiles 1
Building C object CMakeFiles/cmTryCompileExec451893384.dir/CheckIncludeFiles.c.o
/usr/bin/cc    -o CMakeFiles/cmTryCompileExec451893384.dir/CheckIncludeFiles.c.o   -c /home/kenneth/nao/devtools/naoqi-sdk/doc/examples/core/wbredball/build-remote/CMakeFiles/CMakeTmp/CheckIncludeFiles.c
Linking C executable cmTryCompileExec451893384
/usr/bin/cmake -E cmake_link_script CMakeFiles/cmTryCompileExec451893384.dir/link.txt --verbose=1
/usr/bin/cc       CMakeFiles/cmTryCompileExec451893384.dir/CheckIncludeFiles.c.o  -o cmTryCompileExec451893384 -rdynamic 
make[1]: Leaving directory `/home/kenneth/nao/devtools/naoqi-sdk/doc/examples/core/wbredball/build-remote/CMakeFiles/CMakeTmp'


Determining if the function pthread_create exists in the pthread passed with the following output:
Change Dir: /home/kenneth/nao/devtools/naoqi-sdk/doc/examples/core/wbredball/build-remote/CMakeFiles/CMakeTmp

Run Build Command:/usr/bin/make "cmTryCompileExec199191647/fast"
/usr/bin/make -f CMakeFiles/cmTryCompileExec199191647.dir/build.make CMakeFiles/cmTryCompileExec199191647.dir/build
make[1]: Entering directory `/home/kenneth/nao/devtools/naoqi-sdk/doc/examples/core/wbredball/build-remote/CMakeFiles/CMakeTmp'
/usr/bin/cmake -E cmake_progress_report /home/kenneth/nao/devtools/naoqi-sdk/doc/examples/core/wbredball/build-remote/CMakeFiles/CMakeTmp/CMakeFiles 1
Building C object CMakeFiles/cmTryCompileExec199191647.dir/CheckFunctionExists.c.o
/usr/bin/cc   -DCHECK_FUNCTION_EXISTS=pthread_create   -o CMakeFiles/cmTryCompileExec199191647.dir/CheckFunctionExists.c.o   -c /usr/share/cmake-2.8/Modules/CheckFunctionExists.c
Linking C executable cmTryCompileExec199191647
/usr/bin/cmake -E cmake_link_script CMakeFiles/cmTryCompileExec199191647.dir/link.txt --verbose=1
/usr/bin/cc   -DCHECK_FUNCTION_EXISTS=pthread_create    CMakeFiles/cmTryCompileExec199191647.dir/CheckFunctionExists.c.o  -o cmTryCompileExec199191647 -rdynamic -lpthread 
make[1]: Leaving directory `/home/kenneth/nao/devtools/naoqi-sdk/doc/examples/core/wbredball/build-remote/CMakeFiles/CMakeTmp'


Determining if files pthread.h exist passed with the following output:
Change Dir: /home/kenneth/nao/devtools/naoqi-sdk/doc/examples/core/wbredball/build-remote/CMakeFiles/CMakeTmp

Run Build Command:/usr/bin/make "cmTryCompileExec1306398062/fast"
/usr/bin/make -f CMakeFiles/cmTryCompileExec1306398062.dir/build.make CMakeFiles/cmTryCompileExec1306398062.dir/build
make[1]: Entering directory `/home/kenneth/nao/devtools/naoqi-sdk/doc/examples/core/wbredball/build-remote/CMakeFiles/CMakeTmp'
/usr/bin/cmake -E cmake_progress_report /home/kenneth/nao/devtools/naoqi-sdk/doc/examples/core/wbredball/build-remote/CMakeFiles/CMakeTmp/CMakeFiles 1
Building C object CMakeFiles/cmTryCompileExec1306398062.dir/CheckIncludeFiles.c.o
/usr/bin/cc    -o CMakeFiles/cmTryCompileExec1306398062.dir/CheckIncludeFiles.c.o   -c /home/kenneth/nao/devtools/naoqi-sdk/doc/examples/core/wbredball/build-remote/CMakeFiles/CMakeTmp/CheckIncludeFiles.c
Linking C executable cmTryCompileExec1306398062
/usr/bin/cmake -E cmake_link_script CMakeFiles/cmTryCompileExec1306398062.dir/link.txt --verbose=1
/usr/bin/cc       CMakeFiles/cmTryCompileExec1306398062.dir/CheckIncludeFiles.c.o  -o cmTryCompileExec1306398062 -rdynamic 
make[1]: Leaving directory `/home/kenneth/nao/devtools/naoqi-sdk/doc/examples/core/wbredball/build-remote/CMakeFiles/CMakeTmp'


Determining if the function pthread_create exists in the pthread passed with the following output:
Change Dir: /home/kenneth/nao/devtools/naoqi-sdk/doc/examples/core/wbredball/build-remote/CMakeFiles/CMakeTmp

Run Build Command:/usr/bin/make "cmTryCompileExec2446004278/fast"
/usr/bin/make -f CMakeFiles/cmTryCompileExec2446004278.dir/build.make CMakeFiles/cmTryCompileExec2446004278.dir/build
make[1]: Entering directory `/home/kenneth/nao/devtools/naoqi-sdk/doc/examples/core/wbredball/build-remote/CMakeFiles/CMakeTmp'
/usr/bin/cmake -E cmake_progress_report /home/kenneth/nao/devtools/naoqi-sdk/doc/examples/core/wbredball/build-remote/CMakeFiles/CMakeTmp/CMakeFiles 1
Building C object CMakeFiles/cmTryCompileExec2446004278.dir/CheckFunctionExists.c.o
/usr/bin/cc   -DCHECK_FUNCTION_EXISTS=pthread_create   -o CMakeFiles/cmTryCompileExec2446004278.dir/CheckFunctionExists.c.o   -c /usr/share/cmake-2.8/Modules/CheckFunctionExists.c
Linking C executable cmTryCompileExec2446004278
/usr/bin/cmake -E cmake_link_script CMakeFiles/cmTryCompileExec2446004278.dir/link.txt --verbose=1
/usr/bin/cc   -DCHECK_FUNCTION_EXISTS=pthread_create    CMakeFiles/cmTryCompileExec2446004278.dir/CheckFunctionExists.c.o  -o cmTryCompileExec2446004278 -rdynamic -lpthread 
make[1]: Leaving directory `/home/kenneth/nao/devtools/naoqi-sdk/doc/examples/core/wbredball/build-remote/CMakeFiles/CMakeTmp'


Determining if files pthread.h exist passed with the following output:
Change Dir: /home/kenneth/nao/devtools/naoqi-sdk/doc/examples/core/wbredball/build-remote/CMakeFiles/CMakeTmp

Run Build Command:/usr/bin/make "cmTryCompileExec4238886745/fast"
/usr/bin/make -f CMakeFiles/cmTryCompileExec4238886745.dir/build.make CMakeFiles/cmTryCompileExec4238886745.dir/build
make[1]: Entering directory `/home/kenneth/nao/devtools/naoqi-sdk/doc/examples/core/wbredball/build-remote/CMakeFiles/CMakeTmp'
/usr/bin/cmake -E cmake_progress_report /home/kenneth/nao/devtools/naoqi-sdk/doc/examples/core/wbredball/build-remote/CMakeFiles/CMakeTmp/CMakeFiles 1
Building C object CMakeFiles/cmTryCompileExec4238886745.dir/CheckIncludeFiles.c.o
/usr/bin/cc    -o CMakeFiles/cmTryCompileExec4238886745.dir/CheckIncludeFiles.c.o   -c /home/kenneth/nao/devtools/naoqi-sdk/doc/examples/core/wbredball/build-remote/CMakeFiles/CMakeTmp/CheckIncludeFiles.c
Linking C executable cmTryCompileExec4238886745
/usr/bin/cmake -E cmake_link_script CMakeFiles/cmTryCompileExec4238886745.dir/link.txt --verbose=1
/usr/bin/cc       CMakeFiles/cmTryCompileExec4238886745.dir/CheckIncludeFiles.c.o  -o cmTryCompileExec4238886745 -rdynamic 
make[1]: Leaving directory `/home/kenneth/nao/devtools/naoqi-sdk/doc/examples/core/wbredball/build-remote/CMakeFiles/CMakeTmp'


Determining if the function pthread_create exists in the pthread passed with the following output:
Change Dir: /home/kenneth/nao/devtools/naoqi-sdk/doc/examples/core/wbredball/build-remote/CMakeFiles/CMakeTmp

Run Build Command:/usr/bin/make "cmTryCompileExec3727125160/fast"
/usr/bin/make -f CMakeFiles/cmTryCompileExec3727125160.dir/build.make CMakeFiles/cmTryCompileExec3727125160.dir/build
make[1]: Entering directory `/home/kenneth/nao/devtools/naoqi-sdk/doc/examples/core/wbredball/build-remote/CMakeFiles/CMakeTmp'
/usr/bin/cmake -E cmake_progress_report /home/kenneth/nao/devtools/naoqi-sdk/doc/examples/core/wbredball/build-remote/CMakeFiles/CMakeTmp/CMakeFiles 1
Building C object CMakeFiles/cmTryCompileExec3727125160.dir/CheckFunctionExists.c.o
/usr/bin/cc   -DCHECK_FUNCTION_EXISTS=pthread_create   -o CMakeFiles/cmTryCompileExec3727125160.dir/CheckFunctionExists.c.o   -c /usr/share/cmake-2.8/Modules/CheckFunctionExists.c
Linking C executable cmTryCompileExec3727125160
/usr/bin/cmake -E cmake_link_script CMakeFiles/cmTryCompileExec3727125160.dir/link.txt --verbose=1
/usr/bin/cc   -DCHECK_FUNCTION_EXISTS=pthread_create    CMakeFiles/cmTryCompileExec3727125160.dir/CheckFunctionExists.c.o  -o cmTryCompileExec3727125160 -rdynamic -lpthread 
make[1]: Leaving directory `/home/kenneth/nao/devtools/naoqi-sdk/doc/examples/core/wbredball/build-remote/CMakeFiles/CMakeTmp'


Determining if files pthread.h exist passed with the following output:
Change Dir: /home/kenneth/nao/devtools/naoqi-sdk/doc/examples/core/wbredball/build-remote/CMakeFiles/CMakeTmp

Run Build Command:/usr/bin/make "cmTryCompileExec3527971510/fast"
/usr/bin/make -f CMakeFiles/cmTryCompileExec3527971510.dir/build.make CMakeFiles/cmTryCompileExec3527971510.dir/build
make[1]: Entering directory `/home/kenneth/nao/devtools/naoqi-sdk/doc/examples/core/wbredball/build-remote/CMakeFiles/CMakeTmp'
/usr/bin/cmake -E cmake_progress_report /home/kenneth/nao/devtools/naoqi-sdk/doc/examples/core/wbredball/build-remote/CMakeFiles/CMakeTmp/CMakeFiles 1
Building C object CMakeFiles/cmTryCompileExec3527971510.dir/CheckIncludeFiles.c.o
/usr/bin/cc    -o CMakeFiles/cmTryCompileExec3527971510.dir/CheckIncludeFiles.c.o   -c /home/kenneth/nao/devtools/naoqi-sdk/doc/examples/core/wbredball/build-remote/CMakeFiles/CMakeTmp/CheckIncludeFiles.c
Linking C executable cmTryCompileExec3527971510
/usr/bin/cmake -E cmake_link_script CMakeFiles/cmTryCompileExec3527971510.dir/link.txt --verbose=1
/usr/bin/cc       CMakeFiles/cmTryCompileExec3527971510.dir/CheckIncludeFiles.c.o  -o cmTryCompileExec3527971510 -rdynamic 
make[1]: Leaving directory `/home/kenneth/nao/devtools/naoqi-sdk/doc/examples/core/wbredball/build-remote/CMakeFiles/CMakeTmp'


Determining if the function pthread_create exists in the pthread passed with the following output:
Change Dir: /home/kenneth/nao/devtools/naoqi-sdk/doc/examples/core/wbredball/build-remote/CMakeFiles/CMakeTmp

Run Build Command:/usr/bin/make "cmTryCompileExec672091313/fast"
/usr/bin/make -f CMakeFiles/cmTryCompileExec672091313.dir/build.make CMakeFiles/cmTryCompileExec672091313.dir/build
make[1]: Entering directory `/home/kenneth/nao/devtools/naoqi-sdk/doc/examples/core/wbredball/build-remote/CMakeFiles/CMakeTmp'
/usr/bin/cmake -E cmake_progress_report /home/kenneth/nao/devtools/naoqi-sdk/doc/examples/core/wbredball/build-remote/CMakeFiles/CMakeTmp/CMakeFiles 1
Building C object CMakeFiles/cmTryCompileExec672091313.dir/CheckFunctionExists.c.o
/usr/bin/cc   -DCHECK_FUNCTION_EXISTS=pthread_create   -o CMakeFiles/cmTryCompileExec672091313.dir/CheckFunctionExists.c.o   -c /usr/share/cmake-2.8/Modules/CheckFunctionExists.c
Linking C executable cmTryCompileExec672091313
/usr/bin/cmake -E cmake_link_script CMakeFiles/cmTryCompileExec672091313.dir/link.txt --verbose=1
/usr/bin/cc   -DCHECK_FUNCTION_EXISTS=pthread_create    CMakeFiles/cmTryCompileExec672091313.dir/CheckFunctionExists.c.o  -o cmTryCompileExec672091313 -rdynamic -lpthread 
make[1]: Leaving directory `/home/kenneth/nao/devtools/naoqi-sdk/doc/examples/core/wbredball/build-remote/CMakeFiles/CMakeTmp'


Determining if files pthread.h exist passed with the following output:
Change Dir: /home/kenneth/nao/devtools/naoqi-sdk/doc/examples/core/wbredball/build-remote/CMakeFiles/CMakeTmp

Run Build Command:/usr/bin/make "cmTryCompileExec2010998117/fast"
/usr/bin/make -f CMakeFiles/cmTryCompileExec2010998117.dir/build.make CMakeFiles/cmTryCompileExec2010998117.dir/build
make[1]: Entering directory `/home/kenneth/nao/devtools/naoqi-sdk/doc/examples/core/wbredball/build-remote/CMakeFiles/CMakeTmp'
/usr/bin/cmake -E cmake_progress_report /home/kenneth/nao/devtools/naoqi-sdk/doc/examples/core/wbredball/build-remote/CMakeFiles/CMakeTmp/CMakeFiles 1
Building C object CMakeFiles/cmTryCompileExec2010998117.dir/CheckIncludeFiles.c.o
/usr/bin/cc    -o CMakeFiles/cmTryCompileExec2010998117.dir/CheckIncludeFiles.c.o   -c /home/kenneth/nao/devtools/naoqi-sdk/doc/examples/core/wbredball/build-remote/CMakeFiles/CMakeTmp/CheckIncludeFiles.c
Linking C executable cmTryCompileExec2010998117
/usr/bin/cmake -E cmake_link_script CMakeFiles/cmTryCompileExec2010998117.dir/link.txt --verbose=1
/usr/bin/cc       CMakeFiles/cmTryCompileExec2010998117.dir/CheckIncludeFiles.c.o  -o cmTryCompileExec2010998117 -rdynamic 
make[1]: Leaving directory `/home/kenneth/nao/devtools/naoqi-sdk/doc/examples/core/wbredball/build-remote/CMakeFiles/CMakeTmp'


Determining if the function pthread_create exists in the pthread passed with the following output:
Change Dir: /home/kenneth/nao/devtools/naoqi-sdk/doc/examples/core/wbredball/build-remote/CMakeFiles/CMakeTmp

Run Build Command:/usr/bin/make "cmTryCompileExec2221225021/fast"
/usr/bin/make -f CMakeFiles/cmTryCompileExec2221225021.dir/build.make CMakeFiles/cmTryCompileExec2221225021.dir/build
make[1]: Entering directory `/home/kenneth/nao/devtools/naoqi-sdk/doc/examples/core/wbredball/build-remote/CMakeFiles/CMakeTmp'
/usr/bin/cmake -E cmake_progress_report /home/kenneth/nao/devtools/naoqi-sdk/doc/examples/core/wbredball/build-remote/CMakeFiles/CMakeTmp/CMakeFiles 1
Building C object CMakeFiles/cmTryCompileExec2221225021.dir/CheckFunctionExists.c.o
/usr/bin/cc   -DCHECK_FUNCTION_EXISTS=pthread_create   -o CMakeFiles/cmTryCompileExec2221225021.dir/CheckFunctionExists.c.o   -c /usr/share/cmake-2.8/Modules/CheckFunctionExists.c
Linking C executable cmTryCompileExec2221225021
/usr/bin/cmake -E cmake_link_script CMakeFiles/cmTryCompileExec2221225021.dir/link.txt --verbose=1
/usr/bin/cc   -DCHECK_FUNCTION_EXISTS=pthread_create    CMakeFiles/cmTryCompileExec2221225021.dir/CheckFunctionExists.c.o  -o cmTryCompileExec2221225021 -rdynamic -lpthread 
make[1]: Leaving directory `/home/kenneth/nao/devtools/naoqi-sdk/doc/examples/core/wbredball/build-remote/CMakeFiles/CMakeTmp'


