Determining if the pthread_create exist failed with the following output:
Change Dir: /home/kenneth/nao/devtools/naoqi-sdk/doc/examples/core/wbredball/build-remote/CMakeFiles/CMakeTmp

Run Build Command:/usr/bin/make "cmTryCompileExec2044115589/fast"
/usr/bin/make -f CMakeFiles/cmTryCompileExec2044115589.dir/build.make CMakeFiles/cmTryCompileExec2044115589.dir/build
make[1]: Entering directory `/home/kenneth/nao/devtools/naoqi-sdk/doc/examples/core/wbredball/build-remote/CMakeFiles/CMakeTmp'
/usr/bin/cmake -E cmake_progress_report /home/kenneth/nao/devtools/naoqi-sdk/doc/examples/core/wbredball/build-remote/CMakeFiles/CMakeTmp/CMakeFiles 1
Building C object CMakeFiles/cmTryCompileExec2044115589.dir/CheckSymbolExists.c.o
/usr/bin/cc    -o CMakeFiles/cmTryCompileExec2044115589.dir/CheckSymbolExists.c.o   -c /home/kenneth/nao/devtools/naoqi-sdk/doc/examples/core/wbredball/build-remote/CMakeFiles/CMakeTmp/CheckSymbolExists.c
Linking C executable cmTryCompileExec2044115589
/usr/bin/cmake -E cmake_link_script CMakeFiles/cmTryCompileExec2044115589.dir/link.txt --verbose=1
/usr/bin/cc       CMakeFiles/cmTryCompileExec2044115589.dir/CheckSymbolExists.c.o  -o cmTryCompileExec2044115589 -rdynamic 
CMakeFiles/cmTryCompileExec2044115589.dir/CheckSymbolExists.c.o: In function `main':
CheckSymbolExists.c:(.text+0x16): undefined reference to `pthread_create'
collect2: error: ld returned 1 exit status
make[1]: *** [cmTryCompileExec2044115589] Error 1
make[1]: Leaving directory `/home/kenneth/nao/devtools/naoqi-sdk/doc/examples/core/wbredball/build-remote/CMakeFiles/CMakeTmp'
make: *** [cmTryCompileExec2044115589/fast] Error 2

File /home/kenneth/nao/devtools/naoqi-sdk/doc/examples/core/wbredball/build-remote/CMakeFiles/CMakeTmp/CheckSymbolExists.c:
/* */
#include <pthread.h>

int main(int argc, char** argv)
{
  (void)argv;
#ifndef pthread_create
  return ((int*)(&pthread_create))[argc];
#else
  (void)argc;
  return 0;
#endif
}

Determining if the function pthread_create exists in the pthreads failed with the following output:
Change Dir: /home/kenneth/nao/devtools/naoqi-sdk/doc/examples/core/wbredball/build-remote/CMakeFiles/CMakeTmp

Run Build Command:/usr/bin/make "cmTryCompileExec197671373/fast"
/usr/bin/make -f CMakeFiles/cmTryCompileExec197671373.dir/build.make CMakeFiles/cmTryCompileExec197671373.dir/build
make[1]: Entering directory `/home/kenneth/nao/devtools/naoqi-sdk/doc/examples/core/wbredball/build-remote/CMakeFiles/CMakeTmp'
/usr/bin/cmake -E cmake_progress_report /home/kenneth/nao/devtools/naoqi-sdk/doc/examples/core/wbredball/build-remote/CMakeFiles/CMakeTmp/CMakeFiles 1
Building C object CMakeFiles/cmTryCompileExec197671373.dir/CheckFunctionExists.c.o
/usr/bin/cc   -DCHECK_FUNCTION_EXISTS=pthread_create   -o CMakeFiles/cmTryCompileExec197671373.dir/CheckFunctionExists.c.o   -c /usr/share/cmake-2.8/Modules/CheckFunctionExists.c
Linking C executable cmTryCompileExec197671373
/usr/bin/cmake -E cmake_link_script CMakeFiles/cmTryCompileExec197671373.dir/link.txt --verbose=1
/usr/bin/cc   -DCHECK_FUNCTION_EXISTS=pthread_create    CMakeFiles/cmTryCompileExec197671373.dir/CheckFunctionExists.c.o  -o cmTryCompileExec197671373 -rdynamic -lpthreads 
/usr/bin/ld: cannot find -lpthreads
collect2: error: ld returned 1 exit status
make[1]: *** [cmTryCompileExec197671373] Error 1
make[1]: Leaving directory `/home/kenneth/nao/devtools/naoqi-sdk/doc/examples/core/wbredball/build-remote/CMakeFiles/CMakeTmp'
make: *** [cmTryCompileExec197671373/fast] Error 2


Determining if the pthread_create exist failed with the following output:
Change Dir: /home/kenneth/nao/devtools/naoqi-sdk/doc/examples/core/wbredball/build-remote/CMakeFiles/CMakeTmp

Run Build Command:/usr/bin/make "cmTryCompileExec3721848877/fast"
/usr/bin/make -f CMakeFiles/cmTryCompileExec3721848877.dir/build.make CMakeFiles/cmTryCompileExec3721848877.dir/build
make[1]: Entering directory `/home/kenneth/nao/devtools/naoqi-sdk/doc/examples/core/wbredball/build-remote/CMakeFiles/CMakeTmp'
/usr/bin/cmake -E cmake_progress_report /home/kenneth/nao/devtools/naoqi-sdk/doc/examples/core/wbredball/build-remote/CMakeFiles/CMakeTmp/CMakeFiles 1
Building C object CMakeFiles/cmTryCompileExec3721848877.dir/CheckSymbolExists.c.o
/usr/bin/cc    -o CMakeFiles/cmTryCompileExec3721848877.dir/CheckSymbolExists.c.o   -c /home/kenneth/nao/devtools/naoqi-sdk/doc/examples/core/wbredball/build-remote/CMakeFiles/CMakeTmp/CheckSymbolExists.c
Linking C executable cmTryCompileExec3721848877
/usr/bin/cmake -E cmake_link_script CMakeFiles/cmTryCompileExec3721848877.dir/link.txt --verbose=1
/usr/bin/cc       CMakeFiles/cmTryCompileExec3721848877.dir/CheckSymbolExists.c.o  -o cmTryCompileExec3721848877 -rdynamic 
CMakeFiles/cmTryCompileExec3721848877.dir/CheckSymbolExists.c.o: In function `main':
CheckSymbolExists.c:(.text+0x16): undefined reference to `pthread_create'
collect2: error: ld returned 1 exit status
make[1]: *** [cmTryCompileExec3721848877] Error 1
make[1]: Leaving directory `/home/kenneth/nao/devtools/naoqi-sdk/doc/examples/core/wbredball/build-remote/CMakeFiles/CMakeTmp'
make: *** [cmTryCompileExec3721848877/fast] Error 2

File /home/kenneth/nao/devtools/naoqi-sdk/doc/examples/core/wbredball/build-remote/CMakeFiles/CMakeTmp/CheckSymbolExists.c:
/* */
#include <pthread.h>

int main(int argc, char** argv)
{
  (void)argv;
#ifndef pthread_create
  return ((int*)(&pthread_create))[argc];
#else
  (void)argc;
  return 0;
#endif
}

Determining if the function pthread_create exists in the pthreads failed with the following output:
Change Dir: /home/kenneth/nao/devtools/naoqi-sdk/doc/examples/core/wbredball/build-remote/CMakeFiles/CMakeTmp

Run Build Command:/usr/bin/make "cmTryCompileExec2244107554/fast"
/usr/bin/make -f CMakeFiles/cmTryCompileExec2244107554.dir/build.make CMakeFiles/cmTryCompileExec2244107554.dir/build
make[1]: Entering directory `/home/kenneth/nao/devtools/naoqi-sdk/doc/examples/core/wbredball/build-remote/CMakeFiles/CMakeTmp'
/usr/bin/cmake -E cmake_progress_report /home/kenneth/nao/devtools/naoqi-sdk/doc/examples/core/wbredball/build-remote/CMakeFiles/CMakeTmp/CMakeFiles 1
Building C object CMakeFiles/cmTryCompileExec2244107554.dir/CheckFunctionExists.c.o
/usr/bin/cc   -DCHECK_FUNCTION_EXISTS=pthread_create   -o CMakeFiles/cmTryCompileExec2244107554.dir/CheckFunctionExists.c.o   -c /usr/share/cmake-2.8/Modules/CheckFunctionExists.c
Linking C executable cmTryCompileExec2244107554
/usr/bin/cmake -E cmake_link_script CMakeFiles/cmTryCompileExec2244107554.dir/link.txt --verbose=1
/usr/bin/cc   -DCHECK_FUNCTION_EXISTS=pthread_create    CMakeFiles/cmTryCompileExec2244107554.dir/CheckFunctionExists.c.o  -o cmTryCompileExec2244107554 -rdynamic -lpthreads 
/usr/bin/ld: cannot find -lpthreads
collect2: error: ld returned 1 exit status
make[1]: *** [cmTryCompileExec2244107554] Error 1
make[1]: Leaving directory `/home/kenneth/nao/devtools/naoqi-sdk/doc/examples/core/wbredball/build-remote/CMakeFiles/CMakeTmp'
make: *** [cmTryCompileExec2244107554/fast] Error 2


Determining if the pthread_create exist failed with the following output:
Change Dir: /home/kenneth/nao/devtools/naoqi-sdk/doc/examples/core/wbredball/build-remote/CMakeFiles/CMakeTmp

Run Build Command:/usr/bin/make "cmTryCompileExec2460556318/fast"
/usr/bin/make -f CMakeFiles/cmTryCompileExec2460556318.dir/build.make CMakeFiles/cmTryCompileExec2460556318.dir/build
make[1]: Entering directory `/home/kenneth/nao/devtools/naoqi-sdk/doc/examples/core/wbredball/build-remote/CMakeFiles/CMakeTmp'
/usr/bin/cmake -E cmake_progress_report /home/kenneth/nao/devtools/naoqi-sdk/doc/examples/core/wbredball/build-remote/CMakeFiles/CMakeTmp/CMakeFiles 1
Building C object CMakeFiles/cmTryCompileExec2460556318.dir/CheckSymbolExists.c.o
/usr/bin/cc    -o CMakeFiles/cmTryCompileExec2460556318.dir/CheckSymbolExists.c.o   -c /home/kenneth/nao/devtools/naoqi-sdk/doc/examples/core/wbredball/build-remote/CMakeFiles/CMakeTmp/CheckSymbolExists.c
Linking C executable cmTryCompileExec2460556318
/usr/bin/cmake -E cmake_link_script CMakeFiles/cmTryCompileExec2460556318.dir/link.txt --verbose=1
/usr/bin/cc       CMakeFiles/cmTryCompileExec2460556318.dir/CheckSymbolExists.c.o  -o cmTryCompileExec2460556318 -rdynamic 
CMakeFiles/cmTryCompileExec2460556318.dir/CheckSymbolExists.c.o: In function `main':
CheckSymbolExists.c:(.text+0x16): undefined reference to `pthread_create'
collect2: error: ld returned 1 exit status
make[1]: *** [cmTryCompileExec2460556318] Error 1
make[1]: Leaving directory `/home/kenneth/nao/devtools/naoqi-sdk/doc/examples/core/wbredball/build-remote/CMakeFiles/CMakeTmp'
make: *** [cmTryCompileExec2460556318/fast] Error 2

File /home/kenneth/nao/devtools/naoqi-sdk/doc/examples/core/wbredball/build-remote/CMakeFiles/CMakeTmp/CheckSymbolExists.c:
/* */
#include <pthread.h>

int main(int argc, char** argv)
{
  (void)argv;
#ifndef pthread_create
  return ((int*)(&pthread_create))[argc];
#else
  (void)argc;
  return 0;
#endif
}

Determining if the function pthread_create exists in the pthreads failed with the following output:
Change Dir: /home/kenneth/nao/devtools/naoqi-sdk/doc/examples/core/wbredball/build-remote/CMakeFiles/CMakeTmp

Run Build Command:/usr/bin/make "cmTryCompileExec2375556761/fast"
/usr/bin/make -f CMakeFiles/cmTryCompileExec2375556761.dir/build.make CMakeFiles/cmTryCompileExec2375556761.dir/build
make[1]: Entering directory `/home/kenneth/nao/devtools/naoqi-sdk/doc/examples/core/wbredball/build-remote/CMakeFiles/CMakeTmp'
/usr/bin/cmake -E cmake_progress_report /home/kenneth/nao/devtools/naoqi-sdk/doc/examples/core/wbredball/build-remote/CMakeFiles/CMakeTmp/CMakeFiles 1
Building C object CMakeFiles/cmTryCompileExec2375556761.dir/CheckFunctionExists.c.o
/usr/bin/cc   -DCHECK_FUNCTION_EXISTS=pthread_create   -o CMakeFiles/cmTryCompileExec2375556761.dir/CheckFunctionExists.c.o   -c /usr/share/cmake-2.8/Modules/CheckFunctionExists.c
Linking C executable cmTryCompileExec2375556761
/usr/bin/cmake -E cmake_link_script CMakeFiles/cmTryCompileExec2375556761.dir/link.txt --verbose=1
/usr/bin/cc   -DCHECK_FUNCTION_EXISTS=pthread_create    CMakeFiles/cmTryCompileExec2375556761.dir/CheckFunctionExists.c.o  -o cmTryCompileExec2375556761 -rdynamic -lpthreads 
/usr/bin/ld: cannot find -lpthreads
collect2: error: ld returned 1 exit status
make[1]: *** [cmTryCompileExec2375556761] Error 1
make[1]: Leaving directory `/home/kenneth/nao/devtools/naoqi-sdk/doc/examples/core/wbredball/build-remote/CMakeFiles/CMakeTmp'
make: *** [cmTryCompileExec2375556761/fast] Error 2


Determining if the pthread_create exist failed with the following output:
Change Dir: /home/kenneth/nao/devtools/naoqi-sdk/doc/examples/core/wbredball/build-remote/CMakeFiles/CMakeTmp

Run Build Command:/usr/bin/make "cmTryCompileExec280785548/fast"
/usr/bin/make -f CMakeFiles/cmTryCompileExec280785548.dir/build.make CMakeFiles/cmTryCompileExec280785548.dir/build
make[1]: Entering directory `/home/kenneth/nao/devtools/naoqi-sdk/doc/examples/core/wbredball/build-remote/CMakeFiles/CMakeTmp'
/usr/bin/cmake -E cmake_progress_report /home/kenneth/nao/devtools/naoqi-sdk/doc/examples/core/wbredball/build-remote/CMakeFiles/CMakeTmp/CMakeFiles 1
Building C object CMakeFiles/cmTryCompileExec280785548.dir/CheckSymbolExists.c.o
/usr/bin/cc    -o CMakeFiles/cmTryCompileExec280785548.dir/CheckSymbolExists.c.o   -c /home/kenneth/nao/devtools/naoqi-sdk/doc/examples/core/wbredball/build-remote/CMakeFiles/CMakeTmp/CheckSymbolExists.c
Linking C executable cmTryCompileExec280785548
/usr/bin/cmake -E cmake_link_script CMakeFiles/cmTryCompileExec280785548.dir/link.txt --verbose=1
/usr/bin/cc       CMakeFiles/cmTryCompileExec280785548.dir/CheckSymbolExists.c.o  -o cmTryCompileExec280785548 -rdynamic 
CMakeFiles/cmTryCompileExec280785548.dir/CheckSymbolExists.c.o: In function `main':
CheckSymbolExists.c:(.text+0x16): undefined reference to `pthread_create'
collect2: error: ld returned 1 exit status
make[1]: *** [cmTryCompileExec280785548] Error 1
make[1]: Leaving directory `/home/kenneth/nao/devtools/naoqi-sdk/doc/examples/core/wbredball/build-remote/CMakeFiles/CMakeTmp'
make: *** [cmTryCompileExec280785548/fast] Error 2

File /home/kenneth/nao/devtools/naoqi-sdk/doc/examples/core/wbredball/build-remote/CMakeFiles/CMakeTmp/CheckSymbolExists.c:
/* */
#include <pthread.h>

int main(int argc, char** argv)
{
  (void)argv;
#ifndef pthread_create
  return ((int*)(&pthread_create))[argc];
#else
  (void)argc;
  return 0;
#endif
}

Determining if the function pthread_create exists in the pthreads failed with the following output:
Change Dir: /home/kenneth/nao/devtools/naoqi-sdk/doc/examples/core/wbredball/build-remote/CMakeFiles/CMakeTmp

Run Build Command:/usr/bin/make "cmTryCompileExec360320177/fast"
/usr/bin/make -f CMakeFiles/cmTryCompileExec360320177.dir/build.make CMakeFiles/cmTryCompileExec360320177.dir/build
make[1]: Entering directory `/home/kenneth/nao/devtools/naoqi-sdk/doc/examples/core/wbredball/build-remote/CMakeFiles/CMakeTmp'
/usr/bin/cmake -E cmake_progress_report /home/kenneth/nao/devtools/naoqi-sdk/doc/examples/core/wbredball/build-remote/CMakeFiles/CMakeTmp/CMakeFiles 1
Building C object CMakeFiles/cmTryCompileExec360320177.dir/CheckFunctionExists.c.o
/usr/bin/cc   -DCHECK_FUNCTION_EXISTS=pthread_create   -o CMakeFiles/cmTryCompileExec360320177.dir/CheckFunctionExists.c.o   -c /usr/share/cmake-2.8/Modules/CheckFunctionExists.c
Linking C executable cmTryCompileExec360320177
/usr/bin/cmake -E cmake_link_script CMakeFiles/cmTryCompileExec360320177.dir/link.txt --verbose=1
/usr/bin/cc   -DCHECK_FUNCTION_EXISTS=pthread_create    CMakeFiles/cmTryCompileExec360320177.dir/CheckFunctionExists.c.o  -o cmTryCompileExec360320177 -rdynamic -lpthreads 
/usr/bin/ld: cannot find -lpthreads
collect2: error: ld returned 1 exit status
make[1]: *** [cmTryCompileExec360320177] Error 1
make[1]: Leaving directory `/home/kenneth/nao/devtools/naoqi-sdk/doc/examples/core/wbredball/build-remote/CMakeFiles/CMakeTmp'
make: *** [cmTryCompileExec360320177/fast] Error 2


Determining if the pthread_create exist failed with the following output:
Change Dir: /home/kenneth/nao/devtools/naoqi-sdk/doc/examples/core/wbredball/build-remote/CMakeFiles/CMakeTmp

Run Build Command:/usr/bin/make "cmTryCompileExec1647072837/fast"
/usr/bin/make -f CMakeFiles/cmTryCompileExec1647072837.dir/build.make CMakeFiles/cmTryCompileExec1647072837.dir/build
make[1]: Entering directory `/home/kenneth/nao/devtools/naoqi-sdk/doc/examples/core/wbredball/build-remote/CMakeFiles/CMakeTmp'
/usr/bin/cmake -E cmake_progress_report /home/kenneth/nao/devtools/naoqi-sdk/doc/examples/core/wbredball/build-remote/CMakeFiles/CMakeTmp/CMakeFiles 1
Building C object CMakeFiles/cmTryCompileExec1647072837.dir/CheckSymbolExists.c.o
/usr/bin/cc    -o CMakeFiles/cmTryCompileExec1647072837.dir/CheckSymbolExists.c.o   -c /home/kenneth/nao/devtools/naoqi-sdk/doc/examples/core/wbredball/build-remote/CMakeFiles/CMakeTmp/CheckSymbolExists.c
Linking C executable cmTryCompileExec1647072837
/usr/bin/cmake -E cmake_link_script CMakeFiles/cmTryCompileExec1647072837.dir/link.txt --verbose=1
/usr/bin/cc       CMakeFiles/cmTryCompileExec1647072837.dir/CheckSymbolExists.c.o  -o cmTryCompileExec1647072837 -rdynamic 
CMakeFiles/cmTryCompileExec1647072837.dir/CheckSymbolExists.c.o: In function `main':
CheckSymbolExists.c:(.text+0x16): undefined reference to `pthread_create'
collect2: error: ld returned 1 exit status
make[1]: Leaving directory `/home/kenneth/nao/devtools/naoqi-sdk/doc/examples/core/wbredball/build-remote/CMakeFiles/CMakeTmp'
make[1]: *** [cmTryCompileExec1647072837] Error 1
make: *** [cmTryCompileExec1647072837/fast] Error 2

File /home/kenneth/nao/devtools/naoqi-sdk/doc/examples/core/wbredball/build-remote/CMakeFiles/CMakeTmp/CheckSymbolExists.c:
/* */
#include <pthread.h>

int main(int argc, char** argv)
{
  (void)argv;
#ifndef pthread_create
  return ((int*)(&pthread_create))[argc];
#else
  (void)argc;
  return 0;
#endif
}

Determining if the function pthread_create exists in the pthreads failed with the following output:
Change Dir: /home/kenneth/nao/devtools/naoqi-sdk/doc/examples/core/wbredball/build-remote/CMakeFiles/CMakeTmp

Run Build Command:/usr/bin/make "cmTryCompileExec4187103354/fast"
/usr/bin/make -f CMakeFiles/cmTryCompileExec4187103354.dir/build.make CMakeFiles/cmTryCompileExec4187103354.dir/build
make[1]: Entering directory `/home/kenneth/nao/devtools/naoqi-sdk/doc/examples/core/wbredball/build-remote/CMakeFiles/CMakeTmp'
/usr/bin/cmake -E cmake_progress_report /home/kenneth/nao/devtools/naoqi-sdk/doc/examples/core/wbredball/build-remote/CMakeFiles/CMakeTmp/CMakeFiles 1
Building C object CMakeFiles/cmTryCompileExec4187103354.dir/CheckFunctionExists.c.o
/usr/bin/cc   -DCHECK_FUNCTION_EXISTS=pthread_create   -o CMakeFiles/cmTryCompileExec4187103354.dir/CheckFunctionExists.c.o   -c /usr/share/cmake-2.8/Modules/CheckFunctionExists.c
Linking C executable cmTryCompileExec4187103354
/usr/bin/cmake -E cmake_link_script CMakeFiles/cmTryCompileExec4187103354.dir/link.txt --verbose=1
/usr/bin/cc   -DCHECK_FUNCTION_EXISTS=pthread_create    CMakeFiles/cmTryCompileExec4187103354.dir/CheckFunctionExists.c.o  -o cmTryCompileExec4187103354 -rdynamic -lpthreads 
/usr/bin/ld: cannot find -lpthreads
collect2: error: ld returned 1 exit status
make[1]: *** [cmTryCompileExec4187103354] Error 1
make[1]: Leaving directory `/home/kenneth/nao/devtools/naoqi-sdk/doc/examples/core/wbredball/build-remote/CMakeFiles/CMakeTmp'
make: *** [cmTryCompileExec4187103354/fast] Error 2


Determining if the pthread_create exist failed with the following output:
Change Dir: /home/kenneth/nao/devtools/naoqi-sdk/doc/examples/core/wbredball/build-remote/CMakeFiles/CMakeTmp

Run Build Command:/usr/bin/make "cmTryCompileExec631071402/fast"
/usr/bin/make -f CMakeFiles/cmTryCompileExec631071402.dir/build.make CMakeFiles/cmTryCompileExec631071402.dir/build
make[1]: Entering directory `/home/kenneth/nao/devtools/naoqi-sdk/doc/examples/core/wbredball/build-remote/CMakeFiles/CMakeTmp'
/usr/bin/cmake -E cmake_progress_report /home/kenneth/nao/devtools/naoqi-sdk/doc/examples/core/wbredball/build-remote/CMakeFiles/CMakeTmp/CMakeFiles 1
Building C object CMakeFiles/cmTryCompileExec631071402.dir/CheckSymbolExists.c.o
/usr/bin/cc    -o CMakeFiles/cmTryCompileExec631071402.dir/CheckSymbolExists.c.o   -c /home/kenneth/nao/devtools/naoqi-sdk/doc/examples/core/wbredball/build-remote/CMakeFiles/CMakeTmp/CheckSymbolExists.c
Linking C executable cmTryCompileExec631071402
/usr/bin/cmake -E cmake_link_script CMakeFiles/cmTryCompileExec631071402.dir/link.txt --verbose=1
/usr/bin/cc       CMakeFiles/cmTryCompileExec631071402.dir/CheckSymbolExists.c.o  -o cmTryCompileExec631071402 -rdynamic 
CMakeFiles/cmTryCompileExec631071402.dir/CheckSymbolExists.c.o: In function `main':
CheckSymbolExists.c:(.text+0x16): undefined reference to `pthread_create'
collect2: error: ld returned 1 exit status
make[1]: *** [cmTryCompileExec631071402] Error 1
make[1]: Leaving directory `/home/kenneth/nao/devtools/naoqi-sdk/doc/examples/core/wbredball/build-remote/CMakeFiles/CMakeTmp'
make: *** [cmTryCompileExec631071402/fast] Error 2

File /home/kenneth/nao/devtools/naoqi-sdk/doc/examples/core/wbredball/build-remote/CMakeFiles/CMakeTmp/CheckSymbolExists.c:
/* */
#include <pthread.h>

int main(int argc, char** argv)
{
  (void)argv;
#ifndef pthread_create
  return ((int*)(&pthread_create))[argc];
#else
  (void)argc;
  return 0;
#endif
}

Determining if the function pthread_create exists in the pthreads failed with the following output:
Change Dir: /home/kenneth/nao/devtools/naoqi-sdk/doc/examples/core/wbredball/build-remote/CMakeFiles/CMakeTmp

Run Build Command:/usr/bin/make "cmTryCompileExec3535313499/fast"
/usr/bin/make -f CMakeFiles/cmTryCompileExec3535313499.dir/build.make CMakeFiles/cmTryCompileExec3535313499.dir/build
make[1]: Entering directory `/home/kenneth/nao/devtools/naoqi-sdk/doc/examples/core/wbredball/build-remote/CMakeFiles/CMakeTmp'
/usr/bin/cmake -E cmake_progress_report /home/kenneth/nao/devtools/naoqi-sdk/doc/examples/core/wbredball/build-remote/CMakeFiles/CMakeTmp/CMakeFiles 1
Building C object CMakeFiles/cmTryCompileExec3535313499.dir/CheckFunctionExists.c.o
/usr/bin/cc   -DCHECK_FUNCTION_EXISTS=pthread_create   -o CMakeFiles/cmTryCompileExec3535313499.dir/CheckFunctionExists.c.o   -c /usr/share/cmake-2.8/Modules/CheckFunctionExists.c
Linking C executable cmTryCompileExec3535313499
/usr/bin/cmake -E cmake_link_script CMakeFiles/cmTryCompileExec3535313499.dir/link.txt --verbose=1
/usr/bin/cc   -DCHECK_FUNCTION_EXISTS=pthread_create    CMakeFiles/cmTryCompileExec3535313499.dir/CheckFunctionExists.c.o  -o cmTryCompileExec3535313499 -rdynamic -lpthreads 
/usr/bin/ld: cannot find -lpthreads
collect2: error: ld returned 1 exit status
make[1]: *** [cmTryCompileExec3535313499] Error 1
make[1]: Leaving directory `/home/kenneth/nao/devtools/naoqi-sdk/doc/examples/core/wbredball/build-remote/CMakeFiles/CMakeTmp'
make: *** [cmTryCompileExec3535313499/fast] Error 2


Determining if the pthread_create exist failed with the following output:
Change Dir: /home/kenneth/nao/devtools/naoqi-sdk/doc/examples/core/wbredball/build-remote/CMakeFiles/CMakeTmp

Run Build Command:/usr/bin/make "cmTryCompileExec4125278781/fast"
/usr/bin/make -f CMakeFiles/cmTryCompileExec4125278781.dir/build.make CMakeFiles/cmTryCompileExec4125278781.dir/build
make[1]: Entering directory `/home/kenneth/nao/devtools/naoqi-sdk/doc/examples/core/wbredball/build-remote/CMakeFiles/CMakeTmp'
/usr/bin/cmake -E cmake_progress_report /home/kenneth/nao/devtools/naoqi-sdk/doc/examples/core/wbredball/build-remote/CMakeFiles/CMakeTmp/CMakeFiles 1
Building C object CMakeFiles/cmTryCompileExec4125278781.dir/CheckSymbolExists.c.o
/usr/bin/cc    -o CMakeFiles/cmTryCompileExec4125278781.dir/CheckSymbolExists.c.o   -c /home/kenneth/nao/devtools/naoqi-sdk/doc/examples/core/wbredball/build-remote/CMakeFiles/CMakeTmp/CheckSymbolExists.c
Linking C executable cmTryCompileExec4125278781
/usr/bin/cmake -E cmake_link_script CMakeFiles/cmTryCompileExec4125278781.dir/link.txt --verbose=1
/usr/bin/cc       CMakeFiles/cmTryCompileExec4125278781.dir/CheckSymbolExists.c.o  -o cmTryCompileExec4125278781 -rdynamic 
CMakeFiles/cmTryCompileExec4125278781.dir/CheckSymbolExists.c.o: In function `main':
CheckSymbolExists.c:(.text+0x16): undefined reference to `pthread_create'
collect2: error: ld returned 1 exit status
make[1]: *** [cmTryCompileExec4125278781] Error 1
make[1]: Leaving directory `/home/kenneth/nao/devtools/naoqi-sdk/doc/examples/core/wbredball/build-remote/CMakeFiles/CMakeTmp'
make: *** [cmTryCompileExec4125278781/fast] Error 2

File /home/kenneth/nao/devtools/naoqi-sdk/doc/examples/core/wbredball/build-remote/CMakeFiles/CMakeTmp/CheckSymbolExists.c:
/* */
#include <pthread.h>

int main(int argc, char** argv)
{
  (void)argv;
#ifndef pthread_create
  return ((int*)(&pthread_create))[argc];
#else
  (void)argc;
  return 0;
#endif
}

Determining if the function pthread_create exists in the pthreads failed with the following output:
Change Dir: /home/kenneth/nao/devtools/naoqi-sdk/doc/examples/core/wbredball/build-remote/CMakeFiles/CMakeTmp

Run Build Command:/usr/bin/make "cmTryCompileExec1247126902/fast"
/usr/bin/make -f CMakeFiles/cmTryCompileExec1247126902.dir/build.make CMakeFiles/cmTryCompileExec1247126902.dir/build
make[1]: Entering directory `/home/kenneth/nao/devtools/naoqi-sdk/doc/examples/core/wbredball/build-remote/CMakeFiles/CMakeTmp'
/usr/bin/cmake -E cmake_progress_report /home/kenneth/nao/devtools/naoqi-sdk/doc/examples/core/wbredball/build-remote/CMakeFiles/CMakeTmp/CMakeFiles 1
Building C object CMakeFiles/cmTryCompileExec1247126902.dir/CheckFunctionExists.c.o
/usr/bin/cc   -DCHECK_FUNCTION_EXISTS=pthread_create   -o CMakeFiles/cmTryCompileExec1247126902.dir/CheckFunctionExists.c.o   -c /usr/share/cmake-2.8/Modules/CheckFunctionExists.c
Linking C executable cmTryCompileExec1247126902
/usr/bin/cmake -E cmake_link_script CMakeFiles/cmTryCompileExec1247126902.dir/link.txt --verbose=1
/usr/bin/cc   -DCHECK_FUNCTION_EXISTS=pthread_create    CMakeFiles/cmTryCompileExec1247126902.dir/CheckFunctionExists.c.o  -o cmTryCompileExec1247126902 -rdynamic -lpthreads 
/usr/bin/ld: cannot find -lpthreads
collect2: error: ld returned 1 exit status
make[1]: *** [cmTryCompileExec1247126902] Error 1
make[1]: Leaving directory `/home/kenneth/nao/devtools/naoqi-sdk/doc/examples/core/wbredball/build-remote/CMakeFiles/CMakeTmp'
make: *** [cmTryCompileExec1247126902/fast] Error 2


Determining if the pthread_create exist failed with the following output:
Change Dir: /home/kenneth/nao/devtools/naoqi-sdk/doc/examples/core/wbredball/build-remote/CMakeFiles/CMakeTmp

Run Build Command:/usr/bin/make "cmTryCompileExec1710785066/fast"
/usr/bin/make -f CMakeFiles/cmTryCompileExec1710785066.dir/build.make CMakeFiles/cmTryCompileExec1710785066.dir/build
make[1]: Entering directory `/home/kenneth/nao/devtools/naoqi-sdk/doc/examples/core/wbredball/build-remote/CMakeFiles/CMakeTmp'
/usr/bin/cmake -E cmake_progress_report /home/kenneth/nao/devtools/naoqi-sdk/doc/examples/core/wbredball/build-remote/CMakeFiles/CMakeTmp/CMakeFiles 1
Building C object CMakeFiles/cmTryCompileExec1710785066.dir/CheckSymbolExists.c.o
/usr/bin/cc    -o CMakeFiles/cmTryCompileExec1710785066.dir/CheckSymbolExists.c.o   -c /home/kenneth/nao/devtools/naoqi-sdk/doc/examples/core/wbredball/build-remote/CMakeFiles/CMakeTmp/CheckSymbolExists.c
Linking C executable cmTryCompileExec1710785066
/usr/bin/cmake -E cmake_link_script CMakeFiles/cmTryCompileExec1710785066.dir/link.txt --verbose=1
/usr/bin/cc       CMakeFiles/cmTryCompileExec1710785066.dir/CheckSymbolExists.c.o  -o cmTryCompileExec1710785066 -rdynamic 
CMakeFiles/cmTryCompileExec1710785066.dir/CheckSymbolExists.c.o: In function `main':
CheckSymbolExists.c:(.text+0x16): undefined reference to `pthread_create'
collect2: error: ld returned 1 exit status
make[1]: *** [cmTryCompileExec1710785066] Error 1
make[1]: Leaving directory `/home/kenneth/nao/devtools/naoqi-sdk/doc/examples/core/wbredball/build-remote/CMakeFiles/CMakeTmp'
make: *** [cmTryCompileExec1710785066/fast] Error 2

File /home/kenneth/nao/devtools/naoqi-sdk/doc/examples/core/wbredball/build-remote/CMakeFiles/CMakeTmp/CheckSymbolExists.c:
/* */
#include <pthread.h>

int main(int argc, char** argv)
{
  (void)argv;
#ifndef pthread_create
  return ((int*)(&pthread_create))[argc];
#else
  (void)argc;
  return 0;
#endif
}

Determining if the function pthread_create exists in the pthreads failed with the following output:
Change Dir: /home/kenneth/nao/devtools/naoqi-sdk/doc/examples/core/wbredball/build-remote/CMakeFiles/CMakeTmp

Run Build Command:/usr/bin/make "cmTryCompileExec1782408178/fast"
/usr/bin/make -f CMakeFiles/cmTryCompileExec1782408178.dir/build.make CMakeFiles/cmTryCompileExec1782408178.dir/build
make[1]: Entering directory `/home/kenneth/nao/devtools/naoqi-sdk/doc/examples/core/wbredball/build-remote/CMakeFiles/CMakeTmp'
/usr/bin/cmake -E cmake_progress_report /home/kenneth/nao/devtools/naoqi-sdk/doc/examples/core/wbredball/build-remote/CMakeFiles/CMakeTmp/CMakeFiles 1
Building C object CMakeFiles/cmTryCompileExec1782408178.dir/CheckFunctionExists.c.o
/usr/bin/cc   -DCHECK_FUNCTION_EXISTS=pthread_create   -o CMakeFiles/cmTryCompileExec1782408178.dir/CheckFunctionExists.c.o   -c /usr/share/cmake-2.8/Modules/CheckFunctionExists.c
Linking C executable cmTryCompileExec1782408178
/usr/bin/cmake -E cmake_link_script CMakeFiles/cmTryCompileExec1782408178.dir/link.txt --verbose=1
/usr/bin/cc   -DCHECK_FUNCTION_EXISTS=pthread_create    CMakeFiles/cmTryCompileExec1782408178.dir/CheckFunctionExists.c.o  -o cmTryCompileExec1782408178 -rdynamic -lpthreads 
/usr/bin/ld: cannot find -lpthreads
collect2: error: ld returned 1 exit status
make[1]: *** [cmTryCompileExec1782408178] Error 1
make[1]: Leaving directory `/home/kenneth/nao/devtools/naoqi-sdk/doc/examples/core/wbredball/build-remote/CMakeFiles/CMakeTmp'
make: *** [cmTryCompileExec1782408178/fast] Error 2


Determining if the pthread_create exist failed with the following output:
Change Dir: /home/kenneth/nao/devtools/naoqi-sdk/doc/examples/core/wbredball/build-remote/CMakeFiles/CMakeTmp

Run Build Command:/usr/bin/make "cmTryCompileExec871551093/fast"
/usr/bin/make -f CMakeFiles/cmTryCompileExec871551093.dir/build.make CMakeFiles/cmTryCompileExec871551093.dir/build
make[1]: Entering directory `/home/kenneth/nao/devtools/naoqi-sdk/doc/examples/core/wbredball/build-remote/CMakeFiles/CMakeTmp'
/usr/bin/cmake -E cmake_progress_report /home/kenneth/nao/devtools/naoqi-sdk/doc/examples/core/wbredball/build-remote/CMakeFiles/CMakeTmp/CMakeFiles 1
Building C object CMakeFiles/cmTryCompileExec871551093.dir/CheckSymbolExists.c.o
/usr/bin/cc    -o CMakeFiles/cmTryCompileExec871551093.dir/CheckSymbolExists.c.o   -c /home/kenneth/nao/devtools/naoqi-sdk/doc/examples/core/wbredball/build-remote/CMakeFiles/CMakeTmp/CheckSymbolExists.c
Linking C executable cmTryCompileExec871551093
/usr/bin/cmake -E cmake_link_script CMakeFiles/cmTryCompileExec871551093.dir/link.txt --verbose=1
/usr/bin/cc       CMakeFiles/cmTryCompileExec871551093.dir/CheckSymbolExists.c.o  -o cmTryCompileExec871551093 -rdynamic 
CMakeFiles/cmTryCompileExec871551093.dir/CheckSymbolExists.c.o: In function `main':
CheckSymbolExists.c:(.text+0x16): undefined reference to `pthread_create'
collect2: error: ld returned 1 exit status
make[1]: *** [cmTryCompileExec871551093] Error 1
make[1]: Leaving directory `/home/kenneth/nao/devtools/naoqi-sdk/doc/examples/core/wbredball/build-remote/CMakeFiles/CMakeTmp'
make: *** [cmTryCompileExec871551093/fast] Error 2

File /home/kenneth/nao/devtools/naoqi-sdk/doc/examples/core/wbredball/build-remote/CMakeFiles/CMakeTmp/CheckSymbolExists.c:
/* */
#include <pthread.h>

int main(int argc, char** argv)
{
  (void)argv;
#ifndef pthread_create
  return ((int*)(&pthread_create))[argc];
#else
  (void)argc;
  return 0;
#endif
}

Determining if the function pthread_create exists in the pthreads failed with the following output:
Change Dir: /home/kenneth/nao/devtools/naoqi-sdk/doc/examples/core/wbredball/build-remote/CMakeFiles/CMakeTmp

Run Build Command:/usr/bin/make "cmTryCompileExec3824313453/fast"
/usr/bin/make -f CMakeFiles/cmTryCompileExec3824313453.dir/build.make CMakeFiles/cmTryCompileExec3824313453.dir/build
make[1]: Entering directory `/home/kenneth/nao/devtools/naoqi-sdk/doc/examples/core/wbredball/build-remote/CMakeFiles/CMakeTmp'
/usr/bin/cmake -E cmake_progress_report /home/kenneth/nao/devtools/naoqi-sdk/doc/examples/core/wbredball/build-remote/CMakeFiles/CMakeTmp/CMakeFiles 1
Building C object CMakeFiles/cmTryCompileExec3824313453.dir/CheckFunctionExists.c.o
/usr/bin/cc   -DCHECK_FUNCTION_EXISTS=pthread_create   -o CMakeFiles/cmTryCompileExec3824313453.dir/CheckFunctionExists.c.o   -c /usr/share/cmake-2.8/Modules/CheckFunctionExists.c
Linking C executable cmTryCompileExec3824313453
/usr/bin/cmake -E cmake_link_script CMakeFiles/cmTryCompileExec3824313453.dir/link.txt --verbose=1
/usr/bin/cc   -DCHECK_FUNCTION_EXISTS=pthread_create    CMakeFiles/cmTryCompileExec3824313453.dir/CheckFunctionExists.c.o  -o cmTryCompileExec3824313453 -rdynamic -lpthreads 
/usr/bin/ld: cannot find -lpthreads
collect2: error: ld returned 1 exit status
make[1]: *** [cmTryCompileExec3824313453] Error 1
make[1]: Leaving directory `/home/kenneth/nao/devtools/naoqi-sdk/doc/examples/core/wbredball/build-remote/CMakeFiles/CMakeTmp'
make: *** [cmTryCompileExec3824313453/fast] Error 2


Determining if the pthread_create exist failed with the following output:
Change Dir: /home/kenneth/nao/devtools/naoqi-sdk/doc/examples/core/wbredball/build-remote/CMakeFiles/CMakeTmp

Run Build Command:/usr/bin/make "cmTryCompileExec3163882177/fast"
/usr/bin/make -f CMakeFiles/cmTryCompileExec3163882177.dir/build.make CMakeFiles/cmTryCompileExec3163882177.dir/build
make[1]: Entering directory `/home/kenneth/nao/devtools/naoqi-sdk/doc/examples/core/wbredball/build-remote/CMakeFiles/CMakeTmp'
/usr/bin/cmake -E cmake_progress_report /home/kenneth/nao/devtools/naoqi-sdk/doc/examples/core/wbredball/build-remote/CMakeFiles/CMakeTmp/CMakeFiles 1
Building C object CMakeFiles/cmTryCompileExec3163882177.dir/CheckSymbolExists.c.o
/usr/bin/cc    -o CMakeFiles/cmTryCompileExec3163882177.dir/CheckSymbolExists.c.o   -c /home/kenneth/nao/devtools/naoqi-sdk/doc/examples/core/wbredball/build-remote/CMakeFiles/CMakeTmp/CheckSymbolExists.c
Linking C executable cmTryCompileExec3163882177
/usr/bin/cmake -E cmake_link_script CMakeFiles/cmTryCompileExec3163882177.dir/link.txt --verbose=1
/usr/bin/cc       CMakeFiles/cmTryCompileExec3163882177.dir/CheckSymbolExists.c.o  -o cmTryCompileExec3163882177 -rdynamic 
CMakeFiles/cmTryCompileExec3163882177.dir/CheckSymbolExists.c.o: In function `main':
CheckSymbolExists.c:(.text+0x16): undefined reference to `pthread_create'
collect2: error: ld returned 1 exit status
make[1]: *** [cmTryCompileExec3163882177] Error 1
make[1]: Leaving directory `/home/kenneth/nao/devtools/naoqi-sdk/doc/examples/core/wbredball/build-remote/CMakeFiles/CMakeTmp'
make: *** [cmTryCompileExec3163882177/fast] Error 2

File /home/kenneth/nao/devtools/naoqi-sdk/doc/examples/core/wbredball/build-remote/CMakeFiles/CMakeTmp/CheckSymbolExists.c:
/* */
#include <pthread.h>

int main(int argc, char** argv)
{
  (void)argv;
#ifndef pthread_create
  return ((int*)(&pthread_create))[argc];
#else
  (void)argc;
  return 0;
#endif
}

Determining if the function pthread_create exists in the pthreads failed with the following output:
Change Dir: /home/kenneth/nao/devtools/naoqi-sdk/doc/examples/core/wbredball/build-remote/CMakeFiles/CMakeTmp

Run Build Command:/usr/bin/make "cmTryCompileExec3387489866/fast"
/usr/bin/make -f CMakeFiles/cmTryCompileExec3387489866.dir/build.make CMakeFiles/cmTryCompileExec3387489866.dir/build
make[1]: Entering directory `/home/kenneth/nao/devtools/naoqi-sdk/doc/examples/core/wbredball/build-remote/CMakeFiles/CMakeTmp'
/usr/bin/cmake -E cmake_progress_report /home/kenneth/nao/devtools/naoqi-sdk/doc/examples/core/wbredball/build-remote/CMakeFiles/CMakeTmp/CMakeFiles 1
Building C object CMakeFiles/cmTryCompileExec3387489866.dir/CheckFunctionExists.c.o
/usr/bin/cc   -DCHECK_FUNCTION_EXISTS=pthread_create   -o CMakeFiles/cmTryCompileExec3387489866.dir/CheckFunctionExists.c.o   -c /usr/share/cmake-2.8/Modules/CheckFunctionExists.c
Linking C executable cmTryCompileExec3387489866
/usr/bin/cmake -E cmake_link_script CMakeFiles/cmTryCompileExec3387489866.dir/link.txt --verbose=1
/usr/bin/cc   -DCHECK_FUNCTION_EXISTS=pthread_create    CMakeFiles/cmTryCompileExec3387489866.dir/CheckFunctionExists.c.o  -o cmTryCompileExec3387489866 -rdynamic -lpthreads 
/usr/bin/ld: cannot find -lpthreads
collect2: error: ld returned 1 exit status
make[1]: *** [cmTryCompileExec3387489866] Error 1
make[1]: Leaving directory `/home/kenneth/nao/devtools/naoqi-sdk/doc/examples/core/wbredball/build-remote/CMakeFiles/CMakeTmp'
make: *** [cmTryCompileExec3387489866/fast] Error 2


Determining if the pthread_create exist failed with the following output:
Change Dir: /home/kenneth/nao/devtools/naoqi-sdk/doc/examples/core/wbredball/build-remote/CMakeFiles/CMakeTmp

Run Build Command:/usr/bin/make "cmTryCompileExec1877635532/fast"
/usr/bin/make -f CMakeFiles/cmTryCompileExec1877635532.dir/build.make CMakeFiles/cmTryCompileExec1877635532.dir/build
make[1]: Entering directory `/home/kenneth/nao/devtools/naoqi-sdk/doc/examples/core/wbredball/build-remote/CMakeFiles/CMakeTmp'
/usr/bin/cmake -E cmake_progress_report /home/kenneth/nao/devtools/naoqi-sdk/doc/examples/core/wbredball/build-remote/CMakeFiles/CMakeTmp/CMakeFiles 1
Building C object CMakeFiles/cmTryCompileExec1877635532.dir/CheckSymbolExists.c.o
/usr/bin/cc    -o CMakeFiles/cmTryCompileExec1877635532.dir/CheckSymbolExists.c.o   -c /home/kenneth/nao/devtools/naoqi-sdk/doc/examples/core/wbredball/build-remote/CMakeFiles/CMakeTmp/CheckSymbolExists.c
Linking C executable cmTryCompileExec1877635532
/usr/bin/cmake -E cmake_link_script CMakeFiles/cmTryCompileExec1877635532.dir/link.txt --verbose=1
/usr/bin/cc       CMakeFiles/cmTryCompileExec1877635532.dir/CheckSymbolExists.c.o  -o cmTryCompileExec1877635532 -rdynamic 
CMakeFiles/cmTryCompileExec1877635532.dir/CheckSymbolExists.c.o: In function `main':
CheckSymbolExists.c:(.text+0x16): undefined reference to `pthread_create'
collect2: error: ld returned 1 exit status
make[1]: *** [cmTryCompileExec1877635532] Error 1
make[1]: Leaving directory `/home/kenneth/nao/devtools/naoqi-sdk/doc/examples/core/wbredball/build-remote/CMakeFiles/CMakeTmp'
make: *** [cmTryCompileExec1877635532/fast] Error 2

File /home/kenneth/nao/devtools/naoqi-sdk/doc/examples/core/wbredball/build-remote/CMakeFiles/CMakeTmp/CheckSymbolExists.c:
/* */
#include <pthread.h>

int main(int argc, char** argv)
{
  (void)argv;
#ifndef pthread_create
  return ((int*)(&pthread_create))[argc];
#else
  (void)argc;
  return 0;
#endif
}

Determining if the function pthread_create exists in the pthreads failed with the following output:
Change Dir: /home/kenneth/nao/devtools/naoqi-sdk/doc/examples/core/wbredball/build-remote/CMakeFiles/CMakeTmp

Run Build Command:/usr/bin/make "cmTryCompileExec3625391682/fast"
/usr/bin/make -f CMakeFiles/cmTryCompileExec3625391682.dir/build.make CMakeFiles/cmTryCompileExec3625391682.dir/build
make[1]: Entering directory `/home/kenneth/nao/devtools/naoqi-sdk/doc/examples/core/wbredball/build-remote/CMakeFiles/CMakeTmp'
/usr/bin/cmake -E cmake_progress_report /home/kenneth/nao/devtools/naoqi-sdk/doc/examples/core/wbredball/build-remote/CMakeFiles/CMakeTmp/CMakeFiles 1
Building C object CMakeFiles/cmTryCompileExec3625391682.dir/CheckFunctionExists.c.o
/usr/bin/cc   -DCHECK_FUNCTION_EXISTS=pthread_create   -o CMakeFiles/cmTryCompileExec3625391682.dir/CheckFunctionExists.c.o   -c /usr/share/cmake-2.8/Modules/CheckFunctionExists.c
Linking C executable cmTryCompileExec3625391682
/usr/bin/cmake -E cmake_link_script CMakeFiles/cmTryCompileExec3625391682.dir/link.txt --verbose=1
/usr/bin/cc   -DCHECK_FUNCTION_EXISTS=pthread_create    CMakeFiles/cmTryCompileExec3625391682.dir/CheckFunctionExists.c.o  -o cmTryCompileExec3625391682 -rdynamic -lpthreads 
/usr/bin/ld: cannot find -lpthreads
collect2: error: ld returned 1 exit status
make[1]: *** [cmTryCompileExec3625391682] Error 1
make[1]: Leaving directory `/home/kenneth/nao/devtools/naoqi-sdk/doc/examples/core/wbredball/build-remote/CMakeFiles/CMakeTmp'
make: *** [cmTryCompileExec3625391682/fast] Error 2


Determining if the pthread_create exist failed with the following output:
Change Dir: /home/kenneth/nao/devtools/naoqi-sdk/doc/examples/core/wbredball/build-remote/CMakeFiles/CMakeTmp

Run Build Command:/usr/bin/make "cmTryCompileExec962795041/fast"
/usr/bin/make -f CMakeFiles/cmTryCompileExec962795041.dir/build.make CMakeFiles/cmTryCompileExec962795041.dir/build
make[1]: Entering directory `/home/kenneth/nao/devtools/naoqi-sdk/doc/examples/core/wbredball/build-remote/CMakeFiles/CMakeTmp'
/usr/bin/cmake -E cmake_progress_report /home/kenneth/nao/devtools/naoqi-sdk/doc/examples/core/wbredball/build-remote/CMakeFiles/CMakeTmp/CMakeFiles 1
Building C object CMakeFiles/cmTryCompileExec962795041.dir/CheckSymbolExists.c.o
/usr/bin/cc    -o CMakeFiles/cmTryCompileExec962795041.dir/CheckSymbolExists.c.o   -c /home/kenneth/nao/devtools/naoqi-sdk/doc/examples/core/wbredball/build-remote/CMakeFiles/CMakeTmp/CheckSymbolExists.c
Linking C executable cmTryCompileExec962795041
/usr/bin/cmake -E cmake_link_script CMakeFiles/cmTryCompileExec962795041.dir/link.txt --verbose=1
/usr/bin/cc       CMakeFiles/cmTryCompileExec962795041.dir/CheckSymbolExists.c.o  -o cmTryCompileExec962795041 -rdynamic 
CMakeFiles/cmTryCompileExec962795041.dir/CheckSymbolExists.c.o: In function `main':
CheckSymbolExists.c:(.text+0x16): undefined reference to `pthread_create'
collect2: error: ld returned 1 exit status
make[1]: *** [cmTryCompileExec962795041] Error 1
make[1]: Leaving directory `/home/kenneth/nao/devtools/naoqi-sdk/doc/examples/core/wbredball/build-remote/CMakeFiles/CMakeTmp'
make: *** [cmTryCompileExec962795041/fast] Error 2

File /home/kenneth/nao/devtools/naoqi-sdk/doc/examples/core/wbredball/build-remote/CMakeFiles/CMakeTmp/CheckSymbolExists.c:
/* */
#include <pthread.h>

int main(int argc, char** argv)
{
  (void)argv;
#ifndef pthread_create
  return ((int*)(&pthread_create))[argc];
#else
  (void)argc;
  return 0;
#endif
}

Determining if the function pthread_create exists in the pthreads failed with the following output:
Change Dir: /home/kenneth/nao/devtools/naoqi-sdk/doc/examples/core/wbredball/build-remote/CMakeFiles/CMakeTmp

Run Build Command:/usr/bin/make "cmTryCompileExec2326468768/fast"
/usr/bin/make -f CMakeFiles/cmTryCompileExec2326468768.dir/build.make CMakeFiles/cmTryCompileExec2326468768.dir/build
make[1]: Entering directory `/home/kenneth/nao/devtools/naoqi-sdk/doc/examples/core/wbredball/build-remote/CMakeFiles/CMakeTmp'
/usr/bin/cmake -E cmake_progress_report /home/kenneth/nao/devtools/naoqi-sdk/doc/examples/core/wbredball/build-remote/CMakeFiles/CMakeTmp/CMakeFiles 1
Building C object CMakeFiles/cmTryCompileExec2326468768.dir/CheckFunctionExists.c.o
/usr/bin/cc   -DCHECK_FUNCTION_EXISTS=pthread_create   -o CMakeFiles/cmTryCompileExec2326468768.dir/CheckFunctionExists.c.o   -c /usr/share/cmake-2.8/Modules/CheckFunctionExists.c
Linking C executable cmTryCompileExec2326468768
/usr/bin/cmake -E cmake_link_script CMakeFiles/cmTryCompileExec2326468768.dir/link.txt --verbose=1
/usr/bin/cc   -DCHECK_FUNCTION_EXISTS=pthread_create    CMakeFiles/cmTryCompileExec2326468768.dir/CheckFunctionExists.c.o  -o cmTryCompileExec2326468768 -rdynamic -lpthreads 
/usr/bin/ld: cannot find -lpthreads
collect2: error: ld returned 1 exit status
make[1]: *** [cmTryCompileExec2326468768] Error 1
make[1]: Leaving directory `/home/kenneth/nao/devtools/naoqi-sdk/doc/examples/core/wbredball/build-remote/CMakeFiles/CMakeTmp'
make: *** [cmTryCompileExec2326468768/fast] Error 2


Determining if the pthread_create exist failed with the following output:
Change Dir: /home/kenneth/nao/devtools/naoqi-sdk/doc/examples/core/wbredball/build-remote/CMakeFiles/CMakeTmp

Run Build Command:/usr/bin/make "cmTryCompileExec2906714996/fast"
/usr/bin/make -f CMakeFiles/cmTryCompileExec2906714996.dir/build.make CMakeFiles/cmTryCompileExec2906714996.dir/build
make[1]: Entering directory `/home/kenneth/nao/devtools/naoqi-sdk/doc/examples/core/wbredball/build-remote/CMakeFiles/CMakeTmp'
/usr/bin/cmake -E cmake_progress_report /home/kenneth/nao/devtools/naoqi-sdk/doc/examples/core/wbredball/build-remote/CMakeFiles/CMakeTmp/CMakeFiles 1
Building C object CMakeFiles/cmTryCompileExec2906714996.dir/CheckSymbolExists.c.o
/usr/bin/cc    -o CMakeFiles/cmTryCompileExec2906714996.dir/CheckSymbolExists.c.o   -c /home/kenneth/nao/devtools/naoqi-sdk/doc/examples/core/wbredball/build-remote/CMakeFiles/CMakeTmp/CheckSymbolExists.c
Linking C executable cmTryCompileExec2906714996
/usr/bin/cmake -E cmake_link_script CMakeFiles/cmTryCompileExec2906714996.dir/link.txt --verbose=1
/usr/bin/cc       CMakeFiles/cmTryCompileExec2906714996.dir/CheckSymbolExists.c.o  -o cmTryCompileExec2906714996 -rdynamic 
CMakeFiles/cmTryCompileExec2906714996.dir/CheckSymbolExists.c.o: In function `main':
CheckSymbolExists.c:(.text+0x16): undefined reference to `pthread_create'
collect2: error: ld returned 1 exit status
make[1]: *** [cmTryCompileExec2906714996] Error 1
make[1]: Leaving directory `/home/kenneth/nao/devtools/naoqi-sdk/doc/examples/core/wbredball/build-remote/CMakeFiles/CMakeTmp'
make: *** [cmTryCompileExec2906714996/fast] Error 2

File /home/kenneth/nao/devtools/naoqi-sdk/doc/examples/core/wbredball/build-remote/CMakeFiles/CMakeTmp/CheckSymbolExists.c:
/* */
#include <pthread.h>

int main(int argc, char** argv)
{
  (void)argv;
#ifndef pthread_create
  return ((int*)(&pthread_create))[argc];
#else
  (void)argc;
  return 0;
#endif
}

Determining if the function pthread_create exists in the pthreads failed with the following output:
Change Dir: /home/kenneth/nao/devtools/naoqi-sdk/doc/examples/core/wbredball/build-remote/CMakeFiles/CMakeTmp

Run Build Command:/usr/bin/make "cmTryCompileExec61527094/fast"
/usr/bin/make -f CMakeFiles/cmTryCompileExec61527094.dir/build.make CMakeFiles/cmTryCompileExec61527094.dir/build
make[1]: Entering directory `/home/kenneth/nao/devtools/naoqi-sdk/doc/examples/core/wbredball/build-remote/CMakeFiles/CMakeTmp'
/usr/bin/cmake -E cmake_progress_report /home/kenneth/nao/devtools/naoqi-sdk/doc/examples/core/wbredball/build-remote/CMakeFiles/CMakeTmp/CMakeFiles 1
Building C object CMakeFiles/cmTryCompileExec61527094.dir/CheckFunctionExists.c.o
/usr/bin/cc   -DCHECK_FUNCTION_EXISTS=pthread_create   -o CMakeFiles/cmTryCompileExec61527094.dir/CheckFunctionExists.c.o   -c /usr/share/cmake-2.8/Modules/CheckFunctionExists.c
Linking C executable cmTryCompileExec61527094
/usr/bin/cmake -E cmake_link_script CMakeFiles/cmTryCompileExec61527094.dir/link.txt --verbose=1
/usr/bin/cc   -DCHECK_FUNCTION_EXISTS=pthread_create    CMakeFiles/cmTryCompileExec61527094.dir/CheckFunctionExists.c.o  -o cmTryCompileExec61527094 -rdynamic -lpthreads 
/usr/bin/ld: cannot find -lpthreads
collect2: error: ld returned 1 exit status
make[1]: *** [cmTryCompileExec61527094] Error 1
make[1]: Leaving directory `/home/kenneth/nao/devtools/naoqi-sdk/doc/examples/core/wbredball/build-remote/CMakeFiles/CMakeTmp'
make: *** [cmTryCompileExec61527094/fast] Error 2


Determining if the pthread_create exist failed with the following output:
Change Dir: /home/kenneth/nao/devtools/naoqi-sdk/doc/examples/core/wbredball/build-remote/CMakeFiles/CMakeTmp

Run Build Command:/usr/bin/make "cmTryCompileExec2291531302/fast"
/usr/bin/make -f CMakeFiles/cmTryCompileExec2291531302.dir/build.make CMakeFiles/cmTryCompileExec2291531302.dir/build
make[1]: Entering directory `/home/kenneth/nao/devtools/naoqi-sdk/doc/examples/core/wbredball/build-remote/CMakeFiles/CMakeTmp'
/usr/bin/cmake -E cmake_progress_report /home/kenneth/nao/devtools/naoqi-sdk/doc/examples/core/wbredball/build-remote/CMakeFiles/CMakeTmp/CMakeFiles 1
Building C object CMakeFiles/cmTryCompileExec2291531302.dir/CheckSymbolExists.c.o
/usr/bin/cc    -o CMakeFiles/cmTryCompileExec2291531302.dir/CheckSymbolExists.c.o   -c /home/kenneth/nao/devtools/naoqi-sdk/doc/examples/core/wbredball/build-remote/CMakeFiles/CMakeTmp/CheckSymbolExists.c
Linking C executable cmTryCompileExec2291531302
/usr/bin/cmake -E cmake_link_script CMakeFiles/cmTryCompileExec2291531302.dir/link.txt --verbose=1
/usr/bin/cc       CMakeFiles/cmTryCompileExec2291531302.dir/CheckSymbolExists.c.o  -o cmTryCompileExec2291531302 -rdynamic 
CMakeFiles/cmTryCompileExec2291531302.dir/CheckSymbolExists.c.o: In function `main':
CheckSymbolExists.c:(.text+0x16): undefined reference to `pthread_create'
collect2: error: ld returned 1 exit status
make[1]: *** [cmTryCompileExec2291531302] Error 1
make[1]: Leaving directory `/home/kenneth/nao/devtools/naoqi-sdk/doc/examples/core/wbredball/build-remote/CMakeFiles/CMakeTmp'
make: *** [cmTryCompileExec2291531302/fast] Error 2

File /home/kenneth/nao/devtools/naoqi-sdk/doc/examples/core/wbredball/build-remote/CMakeFiles/CMakeTmp/CheckSymbolExists.c:
/* */
#include <pthread.h>

int main(int argc, char** argv)
{
  (void)argv;
#ifndef pthread_create
  return ((int*)(&pthread_create))[argc];
#else
  (void)argc;
  return 0;
#endif
}

Determining if the function pthread_create exists in the pthreads failed with the following output:
Change Dir: /home/kenneth/nao/devtools/naoqi-sdk/doc/examples/core/wbredball/build-remote/CMakeFiles/CMakeTmp

Run Build Command:/usr/bin/make "cmTryCompileExec1258705661/fast"
/usr/bin/make -f CMakeFiles/cmTryCompileExec1258705661.dir/build.make CMakeFiles/cmTryCompileExec1258705661.dir/build
make[1]: Entering directory `/home/kenneth/nao/devtools/naoqi-sdk/doc/examples/core/wbredball/build-remote/CMakeFiles/CMakeTmp'
/usr/bin/cmake -E cmake_progress_report /home/kenneth/nao/devtools/naoqi-sdk/doc/examples/core/wbredball/build-remote/CMakeFiles/CMakeTmp/CMakeFiles 1
Building C object CMakeFiles/cmTryCompileExec1258705661.dir/CheckFunctionExists.c.o
/usr/bin/cc   -DCHECK_FUNCTION_EXISTS=pthread_create   -o CMakeFiles/cmTryCompileExec1258705661.dir/CheckFunctionExists.c.o   -c /usr/share/cmake-2.8/Modules/CheckFunctionExists.c
Linking C executable cmTryCompileExec1258705661
/usr/bin/cmake -E cmake_link_script CMakeFiles/cmTryCompileExec1258705661.dir/link.txt --verbose=1
/usr/bin/cc   -DCHECK_FUNCTION_EXISTS=pthread_create    CMakeFiles/cmTryCompileExec1258705661.dir/CheckFunctionExists.c.o  -o cmTryCompileExec1258705661 -rdynamic -lpthreads 
/usr/bin/ld: cannot find -lpthreads
collect2: error: ld returned 1 exit status
make[1]: *** [cmTryCompileExec1258705661] Error 1
make[1]: Leaving directory `/home/kenneth/nao/devtools/naoqi-sdk/doc/examples/core/wbredball/build-remote/CMakeFiles/CMakeTmp'
make: *** [cmTryCompileExec1258705661/fast] Error 2


Determining if the pthread_create exist failed with the following output:
Change Dir: /home/kenneth/nao/devtools/naoqi-sdk/doc/examples/core/wbredball/build-remote/CMakeFiles/CMakeTmp

Run Build Command:/usr/bin/make "cmTryCompileExec2661255953/fast"
/usr/bin/make -f CMakeFiles/cmTryCompileExec2661255953.dir/build.make CMakeFiles/cmTryCompileExec2661255953.dir/build
make[1]: Entering directory `/home/kenneth/nao/devtools/naoqi-sdk/doc/examples/core/wbredball/build-remote/CMakeFiles/CMakeTmp'
/usr/bin/cmake -E cmake_progress_report /home/kenneth/nao/devtools/naoqi-sdk/doc/examples/core/wbredball/build-remote/CMakeFiles/CMakeTmp/CMakeFiles 1
Building C object CMakeFiles/cmTryCompileExec2661255953.dir/CheckSymbolExists.c.o
/usr/bin/cc    -o CMakeFiles/cmTryCompileExec2661255953.dir/CheckSymbolExists.c.o   -c /home/kenneth/nao/devtools/naoqi-sdk/doc/examples/core/wbredball/build-remote/CMakeFiles/CMakeTmp/CheckSymbolExists.c
Linking C executable cmTryCompileExec2661255953
/usr/bin/cmake -E cmake_link_script CMakeFiles/cmTryCompileExec2661255953.dir/link.txt --verbose=1
/usr/bin/cc       CMakeFiles/cmTryCompileExec2661255953.dir/CheckSymbolExists.c.o  -o cmTryCompileExec2661255953 -rdynamic 
CMakeFiles/cmTryCompileExec2661255953.dir/CheckSymbolExists.c.o: In function `main':
CheckSymbolExists.c:(.text+0x16): undefined reference to `pthread_create'
collect2: error: ld returned 1 exit status
make[1]: *** [cmTryCompileExec2661255953] Error 1
make[1]: Leaving directory `/home/kenneth/nao/devtools/naoqi-sdk/doc/examples/core/wbredball/build-remote/CMakeFiles/CMakeTmp'
make: *** [cmTryCompileExec2661255953/fast] Error 2

File /home/kenneth/nao/devtools/naoqi-sdk/doc/examples/core/wbredball/build-remote/CMakeFiles/CMakeTmp/CheckSymbolExists.c:
/* */
#include <pthread.h>

int main(int argc, char** argv)
{
  (void)argv;
#ifndef pthread_create
  return ((int*)(&pthread_create))[argc];
#else
  (void)argc;
  return 0;
#endif
}

Determining if the function pthread_create exists in the pthreads failed with the following output:
Change Dir: /home/kenneth/nao/devtools/naoqi-sdk/doc/examples/core/wbredball/build-remote/CMakeFiles/CMakeTmp

Run Build Command:/usr/bin/make "cmTryCompileExec3114946696/fast"
/usr/bin/make -f CMakeFiles/cmTryCompileExec3114946696.dir/build.make CMakeFiles/cmTryCompileExec3114946696.dir/build
make[1]: Entering directory `/home/kenneth/nao/devtools/naoqi-sdk/doc/examples/core/wbredball/build-remote/CMakeFiles/CMakeTmp'
/usr/bin/cmake -E cmake_progress_report /home/kenneth/nao/devtools/naoqi-sdk/doc/examples/core/wbredball/build-remote/CMakeFiles/CMakeTmp/CMakeFiles 1
Building C object CMakeFiles/cmTryCompileExec3114946696.dir/CheckFunctionExists.c.o
/usr/bin/cc   -DCHECK_FUNCTION_EXISTS=pthread_create   -o CMakeFiles/cmTryCompileExec3114946696.dir/CheckFunctionExists.c.o   -c /usr/share/cmake-2.8/Modules/CheckFunctionExists.c
Linking C executable cmTryCompileExec3114946696
/usr/bin/cmake -E cmake_link_script CMakeFiles/cmTryCompileExec3114946696.dir/link.txt --verbose=1
/usr/bin/cc   -DCHECK_FUNCTION_EXISTS=pthread_create    CMakeFiles/cmTryCompileExec3114946696.dir/CheckFunctionExists.c.o  -o cmTryCompileExec3114946696 -rdynamic -lpthreads 
/usr/bin/ld: cannot find -lpthreads
collect2: error: ld returned 1 exit status
make[1]: *** [cmTryCompileExec3114946696] Error 1
make[1]: Leaving directory `/home/kenneth/nao/devtools/naoqi-sdk/doc/examples/core/wbredball/build-remote/CMakeFiles/CMakeTmp'
make: *** [cmTryCompileExec3114946696/fast] Error 2


Determining if the pthread_create exist failed with the following output:
Change Dir: /home/kenneth/nao/devtools/naoqi-sdk/doc/examples/core/wbredball/build-remote/CMakeFiles/CMakeTmp

Run Build Command:/usr/bin/make "cmTryCompileExec706347698/fast"
/usr/bin/make -f CMakeFiles/cmTryCompileExec706347698.dir/build.make CMakeFiles/cmTryCompileExec706347698.dir/build
make[1]: Entering directory `/home/kenneth/nao/devtools/naoqi-sdk/doc/examples/core/wbredball/build-remote/CMakeFiles/CMakeTmp'
/usr/bin/cmake -E cmake_progress_report /home/kenneth/nao/devtools/naoqi-sdk/doc/examples/core/wbredball/build-remote/CMakeFiles/CMakeTmp/CMakeFiles 1
Building C object CMakeFiles/cmTryCompileExec706347698.dir/CheckSymbolExists.c.o
/usr/bin/cc    -o CMakeFiles/cmTryCompileExec706347698.dir/CheckSymbolExists.c.o   -c /home/kenneth/nao/devtools/naoqi-sdk/doc/examples/core/wbredball/build-remote/CMakeFiles/CMakeTmp/CheckSymbolExists.c
Linking C executable cmTryCompileExec706347698
/usr/bin/cmake -E cmake_link_script CMakeFiles/cmTryCompileExec706347698.dir/link.txt --verbose=1
/usr/bin/cc       CMakeFiles/cmTryCompileExec706347698.dir/CheckSymbolExists.c.o  -o cmTryCompileExec706347698 -rdynamic 
CMakeFiles/cmTryCompileExec706347698.dir/CheckSymbolExists.c.o: In function `main':
CheckSymbolExists.c:(.text+0x16): undefined reference to `pthread_create'
collect2: error: ld returned 1 exit status
make[1]: *** [cmTryCompileExec706347698] Error 1
make[1]: Leaving directory `/home/kenneth/nao/devtools/naoqi-sdk/doc/examples/core/wbredball/build-remote/CMakeFiles/CMakeTmp'
make: *** [cmTryCompileExec706347698/fast] Error 2

File /home/kenneth/nao/devtools/naoqi-sdk/doc/examples/core/wbredball/build-remote/CMakeFiles/CMakeTmp/CheckSymbolExists.c:
/* */
#include <pthread.h>

int main(int argc, char** argv)
{
  (void)argv;
#ifndef pthread_create
  return ((int*)(&pthread_create))[argc];
#else
  (void)argc;
  return 0;
#endif
}

Determining if the function pthread_create exists in the pthreads failed with the following output:
Change Dir: /home/kenneth/nao/devtools/naoqi-sdk/doc/examples/core/wbredball/build-remote/CMakeFiles/CMakeTmp

Run Build Command:/usr/bin/make "cmTryCompileExec717194292/fast"
/usr/bin/make -f CMakeFiles/cmTryCompileExec717194292.dir/build.make CMakeFiles/cmTryCompileExec717194292.dir/build
make[1]: Entering directory `/home/kenneth/nao/devtools/naoqi-sdk/doc/examples/core/wbredball/build-remote/CMakeFiles/CMakeTmp'
/usr/bin/cmake -E cmake_progress_report /home/kenneth/nao/devtools/naoqi-sdk/doc/examples/core/wbredball/build-remote/CMakeFiles/CMakeTmp/CMakeFiles 1
Building C object CMakeFiles/cmTryCompileExec717194292.dir/CheckFunctionExists.c.o
/usr/bin/cc   -DCHECK_FUNCTION_EXISTS=pthread_create   -o CMakeFiles/cmTryCompileExec717194292.dir/CheckFunctionExists.c.o   -c /usr/share/cmake-2.8/Modules/CheckFunctionExists.c
Linking C executable cmTryCompileExec717194292
/usr/bin/cmake -E cmake_link_script CMakeFiles/cmTryCompileExec717194292.dir/link.txt --verbose=1
/usr/bin/cc   -DCHECK_FUNCTION_EXISTS=pthread_create    CMakeFiles/cmTryCompileExec717194292.dir/CheckFunctionExists.c.o  -o cmTryCompileExec717194292 -rdynamic -lpthreads 
/usr/bin/ld: cannot find -lpthreads
collect2: error: ld returned 1 exit status
make[1]: *** [cmTryCompileExec717194292] Error 1
make[1]: Leaving directory `/home/kenneth/nao/devtools/naoqi-sdk/doc/examples/core/wbredball/build-remote/CMakeFiles/CMakeTmp'
make: *** [cmTryCompileExec717194292/fast] Error 2


Determining if the pthread_create exist failed with the following output:
Change Dir: /home/kenneth/nao/devtools/naoqi-sdk/doc/examples/core/wbredball/build-remote/CMakeFiles/CMakeTmp

Run Build Command:/usr/bin/make "cmTryCompileExec3890877768/fast"
/usr/bin/make -f CMakeFiles/cmTryCompileExec3890877768.dir/build.make CMakeFiles/cmTryCompileExec3890877768.dir/build
make[1]: Entering directory `/home/kenneth/nao/devtools/naoqi-sdk/doc/examples/core/wbredball/build-remote/CMakeFiles/CMakeTmp'
/usr/bin/cmake -E cmake_progress_report /home/kenneth/nao/devtools/naoqi-sdk/doc/examples/core/wbredball/build-remote/CMakeFiles/CMakeTmp/CMakeFiles 1
Building C object CMakeFiles/cmTryCompileExec3890877768.dir/CheckSymbolExists.c.o
/usr/bin/cc    -o CMakeFiles/cmTryCompileExec3890877768.dir/CheckSymbolExists.c.o   -c /home/kenneth/nao/devtools/naoqi-sdk/doc/examples/core/wbredball/build-remote/CMakeFiles/CMakeTmp/CheckSymbolExists.c
Linking C executable cmTryCompileExec3890877768
/usr/bin/cmake -E cmake_link_script CMakeFiles/cmTryCompileExec3890877768.dir/link.txt --verbose=1
/usr/bin/cc       CMakeFiles/cmTryCompileExec3890877768.dir/CheckSymbolExists.c.o  -o cmTryCompileExec3890877768 -rdynamic 
CMakeFiles/cmTryCompileExec3890877768.dir/CheckSymbolExists.c.o: In function `main':
CheckSymbolExists.c:(.text+0x16): undefined reference to `pthread_create'
collect2: error: ld returned 1 exit status
make[1]: *** [cmTryCompileExec3890877768] Error 1
make[1]: Leaving directory `/home/kenneth/nao/devtools/naoqi-sdk/doc/examples/core/wbredball/build-remote/CMakeFiles/CMakeTmp'
make: *** [cmTryCompileExec3890877768/fast] Error 2

File /home/kenneth/nao/devtools/naoqi-sdk/doc/examples/core/wbredball/build-remote/CMakeFiles/CMakeTmp/CheckSymbolExists.c:
/* */
#include <pthread.h>

int main(int argc, char** argv)
{
  (void)argv;
#ifndef pthread_create
  return ((int*)(&pthread_create))[argc];
#else
  (void)argc;
  return 0;
#endif
}

Determining if the function pthread_create exists in the pthreads failed with the following output:
Change Dir: /home/kenneth/nao/devtools/naoqi-sdk/doc/examples/core/wbredball/build-remote/CMakeFiles/CMakeTmp

Run Build Command:/usr/bin/make "cmTryCompileExec3486807505/fast"
/usr/bin/make -f CMakeFiles/cmTryCompileExec3486807505.dir/build.make CMakeFiles/cmTryCompileExec3486807505.dir/build
make[1]: Entering directory `/home/kenneth/nao/devtools/naoqi-sdk/doc/examples/core/wbredball/build-remote/CMakeFiles/CMakeTmp'
/usr/bin/cmake -E cmake_progress_report /home/kenneth/nao/devtools/naoqi-sdk/doc/examples/core/wbredball/build-remote/CMakeFiles/CMakeTmp/CMakeFiles 1
Building C object CMakeFiles/cmTryCompileExec3486807505.dir/CheckFunctionExists.c.o
/usr/bin/cc   -DCHECK_FUNCTION_EXISTS=pthread_create   -o CMakeFiles/cmTryCompileExec3486807505.dir/CheckFunctionExists.c.o   -c /usr/share/cmake-2.8/Modules/CheckFunctionExists.c
Linking C executable cmTryCompileExec3486807505
/usr/bin/cmake -E cmake_link_script CMakeFiles/cmTryCompileExec3486807505.dir/link.txt --verbose=1
/usr/bin/cc   -DCHECK_FUNCTION_EXISTS=pthread_create    CMakeFiles/cmTryCompileExec3486807505.dir/CheckFunctionExists.c.o  -o cmTryCompileExec3486807505 -rdynamic -lpthreads 
/usr/bin/ld: cannot find -lpthreads
collect2: error: ld returned 1 exit status
make[1]: *** [cmTryCompileExec3486807505] Error 1
make[1]: Leaving directory `/home/kenneth/nao/devtools/naoqi-sdk/doc/examples/core/wbredball/build-remote/CMakeFiles/CMakeTmp'
make: *** [cmTryCompileExec3486807505/fast] Error 2


Determining if the pthread_create exist failed with the following output:
Change Dir: /home/kenneth/nao/devtools/naoqi-sdk/doc/examples/core/wbredball/build-remote/CMakeFiles/CMakeTmp

Run Build Command:/usr/bin/make "cmTryCompileExec3256172424/fast"
/usr/bin/make -f CMakeFiles/cmTryCompileExec3256172424.dir/build.make CMakeFiles/cmTryCompileExec3256172424.dir/build
make[1]: Entering directory `/home/kenneth/nao/devtools/naoqi-sdk/doc/examples/core/wbredball/build-remote/CMakeFiles/CMakeTmp'
/usr/bin/cmake -E cmake_progress_report /home/kenneth/nao/devtools/naoqi-sdk/doc/examples/core/wbredball/build-remote/CMakeFiles/CMakeTmp/CMakeFiles 1
Building C object CMakeFiles/cmTryCompileExec3256172424.dir/CheckSymbolExists.c.o
/usr/bin/cc    -o CMakeFiles/cmTryCompileExec3256172424.dir/CheckSymbolExists.c.o   -c /home/kenneth/nao/devtools/naoqi-sdk/doc/examples/core/wbredball/build-remote/CMakeFiles/CMakeTmp/CheckSymbolExists.c
Linking C executable cmTryCompileExec3256172424
/usr/bin/cmake -E cmake_link_script CMakeFiles/cmTryCompileExec3256172424.dir/link.txt --verbose=1
/usr/bin/cc       CMakeFiles/cmTryCompileExec3256172424.dir/CheckSymbolExists.c.o  -o cmTryCompileExec3256172424 -rdynamic 
CMakeFiles/cmTryCompileExec3256172424.dir/CheckSymbolExists.c.o: In function `main':
CheckSymbolExists.c:(.text+0x16): undefined reference to `pthread_create'
collect2: error: ld returned 1 exit status
make[1]: *** [cmTryCompileExec3256172424] Error 1
make[1]: Leaving directory `/home/kenneth/nao/devtools/naoqi-sdk/doc/examples/core/wbredball/build-remote/CMakeFiles/CMakeTmp'
make: *** [cmTryCompileExec3256172424/fast] Error 2

File /home/kenneth/nao/devtools/naoqi-sdk/doc/examples/core/wbredball/build-remote/CMakeFiles/CMakeTmp/CheckSymbolExists.c:
/* */
#include <pthread.h>

int main(int argc, char** argv)
{
  (void)argv;
#ifndef pthread_create
  return ((int*)(&pthread_create))[argc];
#else
  (void)argc;
  return 0;
#endif
}

Determining if the function pthread_create exists in the pthreads failed with the following output:
Change Dir: /home/kenneth/nao/devtools/naoqi-sdk/doc/examples/core/wbredball/build-remote/CMakeFiles/CMakeTmp

Run Build Command:/usr/bin/make "cmTryCompileExec2247853950/fast"
/usr/bin/make -f CMakeFiles/cmTryCompileExec2247853950.dir/build.make CMakeFiles/cmTryCompileExec2247853950.dir/build
make[1]: Entering directory `/home/kenneth/nao/devtools/naoqi-sdk/doc/examples/core/wbredball/build-remote/CMakeFiles/CMakeTmp'
/usr/bin/cmake -E cmake_progress_report /home/kenneth/nao/devtools/naoqi-sdk/doc/examples/core/wbredball/build-remote/CMakeFiles/CMakeTmp/CMakeFiles 1
Building C object CMakeFiles/cmTryCompileExec2247853950.dir/CheckFunctionExists.c.o
/usr/bin/cc   -DCHECK_FUNCTION_EXISTS=pthread_create   -o CMakeFiles/cmTryCompileExec2247853950.dir/CheckFunctionExists.c.o   -c /usr/share/cmake-2.8/Modules/CheckFunctionExists.c
Linking C executable cmTryCompileExec2247853950
/usr/bin/cmake -E cmake_link_script CMakeFiles/cmTryCompileExec2247853950.dir/link.txt --verbose=1
/usr/bin/cc   -DCHECK_FUNCTION_EXISTS=pthread_create    CMakeFiles/cmTryCompileExec2247853950.dir/CheckFunctionExists.c.o  -o cmTryCompileExec2247853950 -rdynamic -lpthreads 
/usr/bin/ld: cannot find -lpthreads
collect2: error: ld returned 1 exit status
make[1]: *** [cmTryCompileExec2247853950] Error 1
make[1]: Leaving directory `/home/kenneth/nao/devtools/naoqi-sdk/doc/examples/core/wbredball/build-remote/CMakeFiles/CMakeTmp'
make: *** [cmTryCompileExec2247853950/fast] Error 2


Determining if the pthread_create exist failed with the following output:
Change Dir: /home/kenneth/nao/devtools/naoqi-sdk/doc/examples/core/wbredball/build-remote/CMakeFiles/CMakeTmp

Run Build Command:/usr/bin/make "cmTryCompileExec2880573698/fast"
/usr/bin/make -f CMakeFiles/cmTryCompileExec2880573698.dir/build.make CMakeFiles/cmTryCompileExec2880573698.dir/build
make[1]: Entering directory `/home/kenneth/nao/devtools/naoqi-sdk/doc/examples/core/wbredball/build-remote/CMakeFiles/CMakeTmp'
/usr/bin/cmake -E cmake_progress_report /home/kenneth/nao/devtools/naoqi-sdk/doc/examples/core/wbredball/build-remote/CMakeFiles/CMakeTmp/CMakeFiles 1
Building C object CMakeFiles/cmTryCompileExec2880573698.dir/CheckSymbolExists.c.o
/usr/bin/cc    -o CMakeFiles/cmTryCompileExec2880573698.dir/CheckSymbolExists.c.o   -c /home/kenneth/nao/devtools/naoqi-sdk/doc/examples/core/wbredball/build-remote/CMakeFiles/CMakeTmp/CheckSymbolExists.c
Linking C executable cmTryCompileExec2880573698
/usr/bin/cmake -E cmake_link_script CMakeFiles/cmTryCompileExec2880573698.dir/link.txt --verbose=1
/usr/bin/cc       CMakeFiles/cmTryCompileExec2880573698.dir/CheckSymbolExists.c.o  -o cmTryCompileExec2880573698 -rdynamic 
CMakeFiles/cmTryCompileExec2880573698.dir/CheckSymbolExists.c.o: In function `main':
CheckSymbolExists.c:(.text+0x16): undefined reference to `pthread_create'
collect2: error: ld returned 1 exit status
make[1]: *** [cmTryCompileExec2880573698] Error 1
make[1]: Leaving directory `/home/kenneth/nao/devtools/naoqi-sdk/doc/examples/core/wbredball/build-remote/CMakeFiles/CMakeTmp'
make: *** [cmTryCompileExec2880573698/fast] Error 2

File /home/kenneth/nao/devtools/naoqi-sdk/doc/examples/core/wbredball/build-remote/CMakeFiles/CMakeTmp/CheckSymbolExists.c:
/* */
#include <pthread.h>

int main(int argc, char** argv)
{
  (void)argv;
#ifndef pthread_create
  return ((int*)(&pthread_create))[argc];
#else
  (void)argc;
  return 0;
#endif
}

Determining if the function pthread_create exists in the pthreads failed with the following output:
Change Dir: /home/kenneth/nao/devtools/naoqi-sdk/doc/examples/core/wbredball/build-remote/CMakeFiles/CMakeTmp

Run Build Command:/usr/bin/make "cmTryCompileExec2749575930/fast"
/usr/bin/make -f CMakeFiles/cmTryCompileExec2749575930.dir/build.make CMakeFiles/cmTryCompileExec2749575930.dir/build
make[1]: Entering directory `/home/kenneth/nao/devtools/naoqi-sdk/doc/examples/core/wbredball/build-remote/CMakeFiles/CMakeTmp'
/usr/bin/cmake -E cmake_progress_report /home/kenneth/nao/devtools/naoqi-sdk/doc/examples/core/wbredball/build-remote/CMakeFiles/CMakeTmp/CMakeFiles 1
Building C object CMakeFiles/cmTryCompileExec2749575930.dir/CheckFunctionExists.c.o
/usr/bin/cc   -DCHECK_FUNCTION_EXISTS=pthread_create   -o CMakeFiles/cmTryCompileExec2749575930.dir/CheckFunctionExists.c.o   -c /usr/share/cmake-2.8/Modules/CheckFunctionExists.c
Linking C executable cmTryCompileExec2749575930
/usr/bin/cmake -E cmake_link_script CMakeFiles/cmTryCompileExec2749575930.dir/link.txt --verbose=1
/usr/bin/cc   -DCHECK_FUNCTION_EXISTS=pthread_create    CMakeFiles/cmTryCompileExec2749575930.dir/CheckFunctionExists.c.o  -o cmTryCompileExec2749575930 -rdynamic -lpthreads 
/usr/bin/ld: cannot find -lpthreads
collect2: error: ld returned 1 exit status
make[1]: *** [cmTryCompileExec2749575930] Error 1
make[1]: Leaving directory `/home/kenneth/nao/devtools/naoqi-sdk/doc/examples/core/wbredball/build-remote/CMakeFiles/CMakeTmp'
make: *** [cmTryCompileExec2749575930/fast] Error 2


Determining if the pthread_create exist failed with the following output:
Change Dir: /home/kenneth/nao/devtools/naoqi-sdk/doc/examples/core/wbredball/build-remote/CMakeFiles/CMakeTmp

Run Build Command:/usr/bin/make "cmTryCompileExec2249241891/fast"
/usr/bin/make -f CMakeFiles/cmTryCompileExec2249241891.dir/build.make CMakeFiles/cmTryCompileExec2249241891.dir/build
make[1]: Entering directory `/home/kenneth/nao/devtools/naoqi-sdk/doc/examples/core/wbredball/build-remote/CMakeFiles/CMakeTmp'
/usr/bin/cmake -E cmake_progress_report /home/kenneth/nao/devtools/naoqi-sdk/doc/examples/core/wbredball/build-remote/CMakeFiles/CMakeTmp/CMakeFiles 1
Building C object CMakeFiles/cmTryCompileExec2249241891.dir/CheckSymbolExists.c.o
/usr/bin/cc    -o CMakeFiles/cmTryCompileExec2249241891.dir/CheckSymbolExists.c.o   -c /home/kenneth/nao/devtools/naoqi-sdk/doc/examples/core/wbredball/build-remote/CMakeFiles/CMakeTmp/CheckSymbolExists.c
Linking C executable cmTryCompileExec2249241891
/usr/bin/cmake -E cmake_link_script CMakeFiles/cmTryCompileExec2249241891.dir/link.txt --verbose=1
/usr/bin/cc       CMakeFiles/cmTryCompileExec2249241891.dir/CheckSymbolExists.c.o  -o cmTryCompileExec2249241891 -rdynamic 
CMakeFiles/cmTryCompileExec2249241891.dir/CheckSymbolExists.c.o: In function `main':
CheckSymbolExists.c:(.text+0x16): undefined reference to `pthread_create'
collect2: error: ld returned 1 exit status
make[1]: *** [cmTryCompileExec2249241891] Error 1
make[1]: Leaving directory `/home/kenneth/nao/devtools/naoqi-sdk/doc/examples/core/wbredball/build-remote/CMakeFiles/CMakeTmp'
make: *** [cmTryCompileExec2249241891/fast] Error 2

File /home/kenneth/nao/devtools/naoqi-sdk/doc/examples/core/wbredball/build-remote/CMakeFiles/CMakeTmp/CheckSymbolExists.c:
/* */
#include <pthread.h>

int main(int argc, char** argv)
{
  (void)argv;
#ifndef pthread_create
  return ((int*)(&pthread_create))[argc];
#else
  (void)argc;
  return 0;
#endif
}

Determining if the function pthread_create exists in the pthreads failed with the following output:
Change Dir: /home/kenneth/nao/devtools/naoqi-sdk/doc/examples/core/wbredball/build-remote/CMakeFiles/CMakeTmp

Run Build Command:/usr/bin/make "cmTryCompileExec308429659/fast"
/usr/bin/make -f CMakeFiles/cmTryCompileExec308429659.dir/build.make CMakeFiles/cmTryCompileExec308429659.dir/build
make[1]: Entering directory `/home/kenneth/nao/devtools/naoqi-sdk/doc/examples/core/wbredball/build-remote/CMakeFiles/CMakeTmp'
/usr/bin/cmake -E cmake_progress_report /home/kenneth/nao/devtools/naoqi-sdk/doc/examples/core/wbredball/build-remote/CMakeFiles/CMakeTmp/CMakeFiles 1
Building C object CMakeFiles/cmTryCompileExec308429659.dir/CheckFunctionExists.c.o
/usr/bin/cc   -DCHECK_FUNCTION_EXISTS=pthread_create   -o CMakeFiles/cmTryCompileExec308429659.dir/CheckFunctionExists.c.o   -c /usr/share/cmake-2.8/Modules/CheckFunctionExists.c
Linking C executable cmTryCompileExec308429659
/usr/bin/cmake -E cmake_link_script CMakeFiles/cmTryCompileExec308429659.dir/link.txt --verbose=1
/usr/bin/cc   -DCHECK_FUNCTION_EXISTS=pthread_create    CMakeFiles/cmTryCompileExec308429659.dir/CheckFunctionExists.c.o  -o cmTryCompileExec308429659 -rdynamic -lpthreads 
/usr/bin/ld: cannot find -lpthreads
collect2: error: ld returned 1 exit status
make[1]: *** [cmTryCompileExec308429659] Error 1
make[1]: Leaving directory `/home/kenneth/nao/devtools/naoqi-sdk/doc/examples/core/wbredball/build-remote/CMakeFiles/CMakeTmp'
make: *** [cmTryCompileExec308429659/fast] Error 2


Determining if the pthread_create exist failed with the following output:
Change Dir: /home/kenneth/nao/devtools/naoqi-sdk/doc/examples/core/wbredball/build-remote/CMakeFiles/CMakeTmp

Run Build Command:/usr/bin/make "cmTryCompileExec169472581/fast"
/usr/bin/make -f CMakeFiles/cmTryCompileExec169472581.dir/build.make CMakeFiles/cmTryCompileExec169472581.dir/build
make[1]: Entering directory `/home/kenneth/nao/devtools/naoqi-sdk/doc/examples/core/wbredball/build-remote/CMakeFiles/CMakeTmp'
/usr/bin/cmake -E cmake_progress_report /home/kenneth/nao/devtools/naoqi-sdk/doc/examples/core/wbredball/build-remote/CMakeFiles/CMakeTmp/CMakeFiles 1
Building C object CMakeFiles/cmTryCompileExec169472581.dir/CheckSymbolExists.c.o
/usr/bin/cc    -o CMakeFiles/cmTryCompileExec169472581.dir/CheckSymbolExists.c.o   -c /home/kenneth/nao/devtools/naoqi-sdk/doc/examples/core/wbredball/build-remote/CMakeFiles/CMakeTmp/CheckSymbolExists.c
Linking C executable cmTryCompileExec169472581
/usr/bin/cmake -E cmake_link_script CMakeFiles/cmTryCompileExec169472581.dir/link.txt --verbose=1
/usr/bin/cc       CMakeFiles/cmTryCompileExec169472581.dir/CheckSymbolExists.c.o  -o cmTryCompileExec169472581 -rdynamic 
CMakeFiles/cmTryCompileExec169472581.dir/CheckSymbolExists.c.o: In function `main':
CheckSymbolExists.c:(.text+0x16): undefined reference to `pthread_create'
collect2: error: ld returned 1 exit status
make[1]: *** [cmTryCompileExec169472581] Error 1
make[1]: Leaving directory `/home/kenneth/nao/devtools/naoqi-sdk/doc/examples/core/wbredball/build-remote/CMakeFiles/CMakeTmp'
make: *** [cmTryCompileExec169472581/fast] Error 2

File /home/kenneth/nao/devtools/naoqi-sdk/doc/examples/core/wbredball/build-remote/CMakeFiles/CMakeTmp/CheckSymbolExists.c:
/* */
#include <pthread.h>

int main(int argc, char** argv)
{
  (void)argv;
#ifndef pthread_create
  return ((int*)(&pthread_create))[argc];
#else
  (void)argc;
  return 0;
#endif
}

Determining if the function pthread_create exists in the pthreads failed with the following output:
Change Dir: /home/kenneth/nao/devtools/naoqi-sdk/doc/examples/core/wbredball/build-remote/CMakeFiles/CMakeTmp

Run Build Command:/usr/bin/make "cmTryCompileExec330571955/fast"
/usr/bin/make -f CMakeFiles/cmTryCompileExec330571955.dir/build.make CMakeFiles/cmTryCompileExec330571955.dir/build
make[1]: Entering directory `/home/kenneth/nao/devtools/naoqi-sdk/doc/examples/core/wbredball/build-remote/CMakeFiles/CMakeTmp'
/usr/bin/cmake -E cmake_progress_report /home/kenneth/nao/devtools/naoqi-sdk/doc/examples/core/wbredball/build-remote/CMakeFiles/CMakeTmp/CMakeFiles 1
Building C object CMakeFiles/cmTryCompileExec330571955.dir/CheckFunctionExists.c.o
/usr/bin/cc   -DCHECK_FUNCTION_EXISTS=pthread_create   -o CMakeFiles/cmTryCompileExec330571955.dir/CheckFunctionExists.c.o   -c /usr/share/cmake-2.8/Modules/CheckFunctionExists.c
Linking C executable cmTryCompileExec330571955
/usr/bin/cmake -E cmake_link_script CMakeFiles/cmTryCompileExec330571955.dir/link.txt --verbose=1
/usr/bin/cc   -DCHECK_FUNCTION_EXISTS=pthread_create    CMakeFiles/cmTryCompileExec330571955.dir/CheckFunctionExists.c.o  -o cmTryCompileExec330571955 -rdynamic -lpthreads 
/usr/bin/ld: cannot find -lpthreads
collect2: error: ld returned 1 exit status
make[1]: *** [cmTryCompileExec330571955] Error 1
make[1]: Leaving directory `/home/kenneth/nao/devtools/naoqi-sdk/doc/examples/core/wbredball/build-remote/CMakeFiles/CMakeTmp'
make: *** [cmTryCompileExec330571955/fast] Error 2


Determining if the pthread_create exist failed with the following output:
Change Dir: /home/kenneth/nao/devtools/naoqi-sdk/doc/examples/core/wbredball/build-remote/CMakeFiles/CMakeTmp

Run Build Command:/usr/bin/make "cmTryCompileExec807981454/fast"
/usr/bin/make -f CMakeFiles/cmTryCompileExec807981454.dir/build.make CMakeFiles/cmTryCompileExec807981454.dir/build
make[1]: Entering directory `/home/kenneth/nao/devtools/naoqi-sdk/doc/examples/core/wbredball/build-remote/CMakeFiles/CMakeTmp'
/usr/bin/cmake -E cmake_progress_report /home/kenneth/nao/devtools/naoqi-sdk/doc/examples/core/wbredball/build-remote/CMakeFiles/CMakeTmp/CMakeFiles 1
Building C object CMakeFiles/cmTryCompileExec807981454.dir/CheckSymbolExists.c.o
/usr/bin/cc    -o CMakeFiles/cmTryCompileExec807981454.dir/CheckSymbolExists.c.o   -c /home/kenneth/nao/devtools/naoqi-sdk/doc/examples/core/wbredball/build-remote/CMakeFiles/CMakeTmp/CheckSymbolExists.c
Linking C executable cmTryCompileExec807981454
/usr/bin/cmake -E cmake_link_script CMakeFiles/cmTryCompileExec807981454.dir/link.txt --verbose=1
/usr/bin/cc       CMakeFiles/cmTryCompileExec807981454.dir/CheckSymbolExists.c.o  -o cmTryCompileExec807981454 -rdynamic 
CMakeFiles/cmTryCompileExec807981454.dir/CheckSymbolExists.c.o: In function `main':
CheckSymbolExists.c:(.text+0x16): undefined reference to `pthread_create'
collect2: error: ld returned 1 exit status
make[1]: *** [cmTryCompileExec807981454] Error 1
make[1]: Leaving directory `/home/kenneth/nao/devtools/naoqi-sdk/doc/examples/core/wbredball/build-remote/CMakeFiles/CMakeTmp'
make: *** [cmTryCompileExec807981454/fast] Error 2

File /home/kenneth/nao/devtools/naoqi-sdk/doc/examples/core/wbredball/build-remote/CMakeFiles/CMakeTmp/CheckSymbolExists.c:
/* */
#include <pthread.h>

int main(int argc, char** argv)
{
  (void)argv;
#ifndef pthread_create
  return ((int*)(&pthread_create))[argc];
#else
  (void)argc;
  return 0;
#endif
}

Determining if the function pthread_create exists in the pthreads failed with the following output:
Change Dir: /home/kenneth/nao/devtools/naoqi-sdk/doc/examples/core/wbredball/build-remote/CMakeFiles/CMakeTmp

Run Build Command:/usr/bin/make "cmTryCompileExec2620869632/fast"
/usr/bin/make -f CMakeFiles/cmTryCompileExec2620869632.dir/build.make CMakeFiles/cmTryCompileExec2620869632.dir/build
make[1]: Entering directory `/home/kenneth/nao/devtools/naoqi-sdk/doc/examples/core/wbredball/build-remote/CMakeFiles/CMakeTmp'
/usr/bin/cmake -E cmake_progress_report /home/kenneth/nao/devtools/naoqi-sdk/doc/examples/core/wbredball/build-remote/CMakeFiles/CMakeTmp/CMakeFiles 1
Building C object CMakeFiles/cmTryCompileExec2620869632.dir/CheckFunctionExists.c.o
/usr/bin/cc   -DCHECK_FUNCTION_EXISTS=pthread_create   -o CMakeFiles/cmTryCompileExec2620869632.dir/CheckFunctionExists.c.o   -c /usr/share/cmake-2.8/Modules/CheckFunctionExists.c
Linking C executable cmTryCompileExec2620869632
/usr/bin/cmake -E cmake_link_script CMakeFiles/cmTryCompileExec2620869632.dir/link.txt --verbose=1
/usr/bin/cc   -DCHECK_FUNCTION_EXISTS=pthread_create    CMakeFiles/cmTryCompileExec2620869632.dir/CheckFunctionExists.c.o  -o cmTryCompileExec2620869632 -rdynamic -lpthreads 
/usr/bin/ld: cannot find -lpthreads
collect2: error: ld returned 1 exit status
make[1]: *** [cmTryCompileExec2620869632] Error 1
make[1]: Leaving directory `/home/kenneth/nao/devtools/naoqi-sdk/doc/examples/core/wbredball/build-remote/CMakeFiles/CMakeTmp'
make: *** [cmTryCompileExec2620869632/fast] Error 2


Determining if the pthread_create exist failed with the following output:
Change Dir: /home/kenneth/nao/devtools/naoqi-sdk/doc/examples/core/wbredball/build-remote/CMakeFiles/CMakeTmp

Run Build Command:/usr/bin/make "cmTryCompileExec3565616468/fast"
/usr/bin/make -f CMakeFiles/cmTryCompileExec3565616468.dir/build.make CMakeFiles/cmTryCompileExec3565616468.dir/build
make[1]: Entering directory `/home/kenneth/nao/devtools/naoqi-sdk/doc/examples/core/wbredball/build-remote/CMakeFiles/CMakeTmp'
/usr/bin/cmake -E cmake_progress_report /home/kenneth/nao/devtools/naoqi-sdk/doc/examples/core/wbredball/build-remote/CMakeFiles/CMakeTmp/CMakeFiles 1
Building C object CMakeFiles/cmTryCompileExec3565616468.dir/CheckSymbolExists.c.o
/usr/bin/cc    -o CMakeFiles/cmTryCompileExec3565616468.dir/CheckSymbolExists.c.o   -c /home/kenneth/nao/devtools/naoqi-sdk/doc/examples/core/wbredball/build-remote/CMakeFiles/CMakeTmp/CheckSymbolExists.c
Linking C executable cmTryCompileExec3565616468
/usr/bin/cmake -E cmake_link_script CMakeFiles/cmTryCompileExec3565616468.dir/link.txt --verbose=1
/usr/bin/cc       CMakeFiles/cmTryCompileExec3565616468.dir/CheckSymbolExists.c.o  -o cmTryCompileExec3565616468 -rdynamic 
CMakeFiles/cmTryCompileExec3565616468.dir/CheckSymbolExists.c.o: In function `main':
CheckSymbolExists.c:(.text+0x16): undefined reference to `pthread_create'
collect2: error: ld returned 1 exit status
make[1]: *** [cmTryCompileExec3565616468] Error 1
make[1]: Leaving directory `/home/kenneth/nao/devtools/naoqi-sdk/doc/examples/core/wbredball/build-remote/CMakeFiles/CMakeTmp'
make: *** [cmTryCompileExec3565616468/fast] Error 2

File /home/kenneth/nao/devtools/naoqi-sdk/doc/examples/core/wbredball/build-remote/CMakeFiles/CMakeTmp/CheckSymbolExists.c:
/* */
#include <pthread.h>

int main(int argc, char** argv)
{
  (void)argv;
#ifndef pthread_create
  return ((int*)(&pthread_create))[argc];
#else
  (void)argc;
  return 0;
#endif
}

Determining if the function pthread_create exists in the pthreads failed with the following output:
Change Dir: /home/kenneth/nao/devtools/naoqi-sdk/doc/examples/core/wbredball/build-remote/CMakeFiles/CMakeTmp

Run Build Command:/usr/bin/make "cmTryCompileExec4193924408/fast"
/usr/bin/make -f CMakeFiles/cmTryCompileExec4193924408.dir/build.make CMakeFiles/cmTryCompileExec4193924408.dir/build
make[1]: Entering directory `/home/kenneth/nao/devtools/naoqi-sdk/doc/examples/core/wbredball/build-remote/CMakeFiles/CMakeTmp'
/usr/bin/cmake -E cmake_progress_report /home/kenneth/nao/devtools/naoqi-sdk/doc/examples/core/wbredball/build-remote/CMakeFiles/CMakeTmp/CMakeFiles 1
Building C object CMakeFiles/cmTryCompileExec4193924408.dir/CheckFunctionExists.c.o
/usr/bin/cc   -DCHECK_FUNCTION_EXISTS=pthread_create   -o CMakeFiles/cmTryCompileExec4193924408.dir/CheckFunctionExists.c.o   -c /usr/share/cmake-2.8/Modules/CheckFunctionExists.c
Linking C executable cmTryCompileExec4193924408
/usr/bin/cmake -E cmake_link_script CMakeFiles/cmTryCompileExec4193924408.dir/link.txt --verbose=1
/usr/bin/cc   -DCHECK_FUNCTION_EXISTS=pthread_create    CMakeFiles/cmTryCompileExec4193924408.dir/CheckFunctionExists.c.o  -o cmTryCompileExec4193924408 -rdynamic -lpthreads 
/usr/bin/ld: cannot find -lpthreads
collect2: error: ld returned 1 exit status
make[1]: *** [cmTryCompileExec4193924408] Error 1
make[1]: Leaving directory `/home/kenneth/nao/devtools/naoqi-sdk/doc/examples/core/wbredball/build-remote/CMakeFiles/CMakeTmp'
make: *** [cmTryCompileExec4193924408/fast] Error 2


Determining if the pthread_create exist failed with the following output:
Change Dir: /home/kenneth/nao/devtools/naoqi-sdk/doc/examples/core/wbredball/build-remote/CMakeFiles/CMakeTmp

Run Build Command:/usr/bin/make "cmTryCompileExec2810202779/fast"
/usr/bin/make -f CMakeFiles/cmTryCompileExec2810202779.dir/build.make CMakeFiles/cmTryCompileExec2810202779.dir/build
make[1]: Entering directory `/home/kenneth/nao/devtools/naoqi-sdk/doc/examples/core/wbredball/build-remote/CMakeFiles/CMakeTmp'
/usr/bin/cmake -E cmake_progress_report /home/kenneth/nao/devtools/naoqi-sdk/doc/examples/core/wbredball/build-remote/CMakeFiles/CMakeTmp/CMakeFiles 1
Building C object CMakeFiles/cmTryCompileExec2810202779.dir/CheckSymbolExists.c.o
/usr/bin/cc    -o CMakeFiles/cmTryCompileExec2810202779.dir/CheckSymbolExists.c.o   -c /home/kenneth/nao/devtools/naoqi-sdk/doc/examples/core/wbredball/build-remote/CMakeFiles/CMakeTmp/CheckSymbolExists.c
Linking C executable cmTryCompileExec2810202779
/usr/bin/cmake -E cmake_link_script CMakeFiles/cmTryCompileExec2810202779.dir/link.txt --verbose=1
/usr/bin/cc       CMakeFiles/cmTryCompileExec2810202779.dir/CheckSymbolExists.c.o  -o cmTryCompileExec2810202779 -rdynamic 
CMakeFiles/cmTryCompileExec2810202779.dir/CheckSymbolExists.c.o: In function `main':
CheckSymbolExists.c:(.text+0x16): undefined reference to `pthread_create'
collect2: error: ld returned 1 exit status
make[1]: *** [cmTryCompileExec2810202779] Error 1
make[1]: Leaving directory `/home/kenneth/nao/devtools/naoqi-sdk/doc/examples/core/wbredball/build-remote/CMakeFiles/CMakeTmp'
make: *** [cmTryCompileExec2810202779/fast] Error 2

File /home/kenneth/nao/devtools/naoqi-sdk/doc/examples/core/wbredball/build-remote/CMakeFiles/CMakeTmp/CheckSymbolExists.c:
/* */
#include <pthread.h>

int main(int argc, char** argv)
{
  (void)argv;
#ifndef pthread_create
  return ((int*)(&pthread_create))[argc];
#else
  (void)argc;
  return 0;
#endif
}

Determining if the function pthread_create exists in the pthreads failed with the following output:
Change Dir: /home/kenneth/nao/devtools/naoqi-sdk/doc/examples/core/wbredball/build-remote/CMakeFiles/CMakeTmp

Run Build Command:/usr/bin/make "cmTryCompileExec1469553731/fast"
/usr/bin/make -f CMakeFiles/cmTryCompileExec1469553731.dir/build.make CMakeFiles/cmTryCompileExec1469553731.dir/build
make[1]: Entering directory `/home/kenneth/nao/devtools/naoqi-sdk/doc/examples/core/wbredball/build-remote/CMakeFiles/CMakeTmp'
/usr/bin/cmake -E cmake_progress_report /home/kenneth/nao/devtools/naoqi-sdk/doc/examples/core/wbredball/build-remote/CMakeFiles/CMakeTmp/CMakeFiles 1
Building C object CMakeFiles/cmTryCompileExec1469553731.dir/CheckFunctionExists.c.o
/usr/bin/cc   -DCHECK_FUNCTION_EXISTS=pthread_create   -o CMakeFiles/cmTryCompileExec1469553731.dir/CheckFunctionExists.c.o   -c /usr/share/cmake-2.8/Modules/CheckFunctionExists.c
Linking C executable cmTryCompileExec1469553731
/usr/bin/cmake -E cmake_link_script CMakeFiles/cmTryCompileExec1469553731.dir/link.txt --verbose=1
/usr/bin/cc   -DCHECK_FUNCTION_EXISTS=pthread_create    CMakeFiles/cmTryCompileExec1469553731.dir/CheckFunctionExists.c.o  -o cmTryCompileExec1469553731 -rdynamic -lpthreads 
/usr/bin/ld: cannot find -lpthreads
collect2: error: ld returned 1 exit status
make[1]: *** [cmTryCompileExec1469553731] Error 1
make[1]: Leaving directory `/home/kenneth/nao/devtools/naoqi-sdk/doc/examples/core/wbredball/build-remote/CMakeFiles/CMakeTmp'
make: *** [cmTryCompileExec1469553731/fast] Error 2


Determining if the pthread_create exist failed with the following output:
Change Dir: /home/kenneth/nao/devtools/naoqi-sdk/doc/examples/core/wbredball/build-remote/CMakeFiles/CMakeTmp

Run Build Command:/usr/bin/make "cmTryCompileExec1751570610/fast"
/usr/bin/make -f CMakeFiles/cmTryCompileExec1751570610.dir/build.make CMakeFiles/cmTryCompileExec1751570610.dir/build
make[1]: Entering directory `/home/kenneth/nao/devtools/naoqi-sdk/doc/examples/core/wbredball/build-remote/CMakeFiles/CMakeTmp'
/usr/bin/cmake -E cmake_progress_report /home/kenneth/nao/devtools/naoqi-sdk/doc/examples/core/wbredball/build-remote/CMakeFiles/CMakeTmp/CMakeFiles 1
Building C object CMakeFiles/cmTryCompileExec1751570610.dir/CheckSymbolExists.c.o
/usr/bin/cc    -o CMakeFiles/cmTryCompileExec1751570610.dir/CheckSymbolExists.c.o   -c /home/kenneth/nao/devtools/naoqi-sdk/doc/examples/core/wbredball/build-remote/CMakeFiles/CMakeTmp/CheckSymbolExists.c
Linking C executable cmTryCompileExec1751570610
/usr/bin/cmake -E cmake_link_script CMakeFiles/cmTryCompileExec1751570610.dir/link.txt --verbose=1
/usr/bin/cc       CMakeFiles/cmTryCompileExec1751570610.dir/CheckSymbolExists.c.o  -o cmTryCompileExec1751570610 -rdynamic 
CMakeFiles/cmTryCompileExec1751570610.dir/CheckSymbolExists.c.o: In function `main':
CheckSymbolExists.c:(.text+0x16): undefined reference to `pthread_create'
collect2: error: ld returned 1 exit status
make[1]: *** [cmTryCompileExec1751570610] Error 1
make[1]: Leaving directory `/home/kenneth/nao/devtools/naoqi-sdk/doc/examples/core/wbredball/build-remote/CMakeFiles/CMakeTmp'
make: *** [cmTryCompileExec1751570610/fast] Error 2

File /home/kenneth/nao/devtools/naoqi-sdk/doc/examples/core/wbredball/build-remote/CMakeFiles/CMakeTmp/CheckSymbolExists.c:
/* */
#include <pthread.h>

int main(int argc, char** argv)
{
  (void)argv;
#ifndef pthread_create
  return ((int*)(&pthread_create))[argc];
#else
  (void)argc;
  return 0;
#endif
}

Determining if the function pthread_create exists in the pthreads failed with the following output:
Change Dir: /home/kenneth/nao/devtools/naoqi-sdk/doc/examples/core/wbredball/build-remote/CMakeFiles/CMakeTmp

Run Build Command:/usr/bin/make "cmTryCompileExec2539320916/fast"
/usr/bin/make -f CMakeFiles/cmTryCompileExec2539320916.dir/build.make CMakeFiles/cmTryCompileExec2539320916.dir/build
make[1]: Entering directory `/home/kenneth/nao/devtools/naoqi-sdk/doc/examples/core/wbredball/build-remote/CMakeFiles/CMakeTmp'
/usr/bin/cmake -E cmake_progress_report /home/kenneth/nao/devtools/naoqi-sdk/doc/examples/core/wbredball/build-remote/CMakeFiles/CMakeTmp/CMakeFiles 1
Building C object CMakeFiles/cmTryCompileExec2539320916.dir/CheckFunctionExists.c.o
/usr/bin/cc   -DCHECK_FUNCTION_EXISTS=pthread_create   -o CMakeFiles/cmTryCompileExec2539320916.dir/CheckFunctionExists.c.o   -c /usr/share/cmake-2.8/Modules/CheckFunctionExists.c
Linking C executable cmTryCompileExec2539320916
/usr/bin/cmake -E cmake_link_script CMakeFiles/cmTryCompileExec2539320916.dir/link.txt --verbose=1
/usr/bin/cc   -DCHECK_FUNCTION_EXISTS=pthread_create    CMakeFiles/cmTryCompileExec2539320916.dir/CheckFunctionExists.c.o  -o cmTryCompileExec2539320916 -rdynamic -lpthreads 
/usr/bin/ld: cannot find -lpthreads
collect2: error: ld returned 1 exit status
make[1]: *** [cmTryCompileExec2539320916] Error 1
make[1]: Leaving directory `/home/kenneth/nao/devtools/naoqi-sdk/doc/examples/core/wbredball/build-remote/CMakeFiles/CMakeTmp'
make: *** [cmTryCompileExec2539320916/fast] Error 2


Determining if the pthread_create exist failed with the following output:
Change Dir: /home/kenneth/nao/devtools/naoqi-sdk/doc/examples/core/wbredball/build-remote/CMakeFiles/CMakeTmp

Run Build Command:/usr/bin/make "cmTryCompileExec1061161562/fast"
/usr/bin/make -f CMakeFiles/cmTryCompileExec1061161562.dir/build.make CMakeFiles/cmTryCompileExec1061161562.dir/build
make[1]: Entering directory `/home/kenneth/nao/devtools/naoqi-sdk/doc/examples/core/wbredball/build-remote/CMakeFiles/CMakeTmp'
/usr/bin/cmake -E cmake_progress_report /home/kenneth/nao/devtools/naoqi-sdk/doc/examples/core/wbredball/build-remote/CMakeFiles/CMakeTmp/CMakeFiles 1
Building C object CMakeFiles/cmTryCompileExec1061161562.dir/CheckSymbolExists.c.o
/usr/bin/cc    -o CMakeFiles/cmTryCompileExec1061161562.dir/CheckSymbolExists.c.o   -c /home/kenneth/nao/devtools/naoqi-sdk/doc/examples/core/wbredball/build-remote/CMakeFiles/CMakeTmp/CheckSymbolExists.c
Linking C executable cmTryCompileExec1061161562
/usr/bin/cmake -E cmake_link_script CMakeFiles/cmTryCompileExec1061161562.dir/link.txt --verbose=1
/usr/bin/cc       CMakeFiles/cmTryCompileExec1061161562.dir/CheckSymbolExists.c.o  -o cmTryCompileExec1061161562 -rdynamic 
CMakeFiles/cmTryCompileExec1061161562.dir/CheckSymbolExists.c.o: In function `main':
CheckSymbolExists.c:(.text+0x16): undefined reference to `pthread_create'
collect2: error: ld returned 1 exit status
make[1]: *** [cmTryCompileExec1061161562] Error 1
make[1]: Leaving directory `/home/kenneth/nao/devtools/naoqi-sdk/doc/examples/core/wbredball/build-remote/CMakeFiles/CMakeTmp'
make: *** [cmTryCompileExec1061161562/fast] Error 2

File /home/kenneth/nao/devtools/naoqi-sdk/doc/examples/core/wbredball/build-remote/CMakeFiles/CMakeTmp/CheckSymbolExists.c:
/* */
#include <pthread.h>

int main(int argc, char** argv)
{
  (void)argv;
#ifndef pthread_create
  return ((int*)(&pthread_create))[argc];
#else
  (void)argc;
  return 0;
#endif
}

Determining if the function pthread_create exists in the pthreads failed with the following output:
Change Dir: /home/kenneth/nao/devtools/naoqi-sdk/doc/examples/core/wbredball/build-remote/CMakeFiles/CMakeTmp

Run Build Command:/usr/bin/make "cmTryCompileExec3076758076/fast"
/usr/bin/make -f CMakeFiles/cmTryCompileExec3076758076.dir/build.make CMakeFiles/cmTryCompileExec3076758076.dir/build
make[1]: Entering directory `/home/kenneth/nao/devtools/naoqi-sdk/doc/examples/core/wbredball/build-remote/CMakeFiles/CMakeTmp'
/usr/bin/cmake -E cmake_progress_report /home/kenneth/nao/devtools/naoqi-sdk/doc/examples/core/wbredball/build-remote/CMakeFiles/CMakeTmp/CMakeFiles 1
Building C object CMakeFiles/cmTryCompileExec3076758076.dir/CheckFunctionExists.c.o
/usr/bin/cc   -DCHECK_FUNCTION_EXISTS=pthread_create   -o CMakeFiles/cmTryCompileExec3076758076.dir/CheckFunctionExists.c.o   -c /usr/share/cmake-2.8/Modules/CheckFunctionExists.c
Linking C executable cmTryCompileExec3076758076
/usr/bin/cmake -E cmake_link_script CMakeFiles/cmTryCompileExec3076758076.dir/link.txt --verbose=1
/usr/bin/cc   -DCHECK_FUNCTION_EXISTS=pthread_create    CMakeFiles/cmTryCompileExec3076758076.dir/CheckFunctionExists.c.o  -o cmTryCompileExec3076758076 -rdynamic -lpthreads 
/usr/bin/ld: cannot find -lpthreads
collect2: error: ld returned 1 exit status
make[1]: *** [cmTryCompileExec3076758076] Error 1
make[1]: Leaving directory `/home/kenneth/nao/devtools/naoqi-sdk/doc/examples/core/wbredball/build-remote/CMakeFiles/CMakeTmp'
make: *** [cmTryCompileExec3076758076/fast] Error 2


Determining if the pthread_create exist failed with the following output:
Change Dir: /home/kenneth/nao/devtools/naoqi-sdk/doc/examples/core/wbredball/build-remote/CMakeFiles/CMakeTmp

Run Build Command:/usr/bin/make "cmTryCompileExec4058985445/fast"
/usr/bin/make -f CMakeFiles/cmTryCompileExec4058985445.dir/build.make CMakeFiles/cmTryCompileExec4058985445.dir/build
make[1]: Entering directory `/home/kenneth/nao/devtools/naoqi-sdk/doc/examples/core/wbredball/build-remote/CMakeFiles/CMakeTmp'
/usr/bin/cmake -E cmake_progress_report /home/kenneth/nao/devtools/naoqi-sdk/doc/examples/core/wbredball/build-remote/CMakeFiles/CMakeTmp/CMakeFiles 1
Building C object CMakeFiles/cmTryCompileExec4058985445.dir/CheckSymbolExists.c.o
/usr/bin/cc    -o CMakeFiles/cmTryCompileExec4058985445.dir/CheckSymbolExists.c.o   -c /home/kenneth/nao/devtools/naoqi-sdk/doc/examples/core/wbredball/build-remote/CMakeFiles/CMakeTmp/CheckSymbolExists.c
Linking C executable cmTryCompileExec4058985445
/usr/bin/cmake -E cmake_link_script CMakeFiles/cmTryCompileExec4058985445.dir/link.txt --verbose=1
/usr/bin/cc       CMakeFiles/cmTryCompileExec4058985445.dir/CheckSymbolExists.c.o  -o cmTryCompileExec4058985445 -rdynamic 
CMakeFiles/cmTryCompileExec4058985445.dir/CheckSymbolExists.c.o: In function `main':
CheckSymbolExists.c:(.text+0x16): undefined reference to `pthread_create'
collect2: error: ld returned 1 exit status
make[1]: *** [cmTryCompileExec4058985445] Error 1
make[1]: Leaving directory `/home/kenneth/nao/devtools/naoqi-sdk/doc/examples/core/wbredball/build-remote/CMakeFiles/CMakeTmp'
make: *** [cmTryCompileExec4058985445/fast] Error 2

File /home/kenneth/nao/devtools/naoqi-sdk/doc/examples/core/wbredball/build-remote/CMakeFiles/CMakeTmp/CheckSymbolExists.c:
/* */
#include <pthread.h>

int main(int argc, char** argv)
{
  (void)argv;
#ifndef pthread_create
  return ((int*)(&pthread_create))[argc];
#else
  (void)argc;
  return 0;
#endif
}

Determining if the function pthread_create exists in the pthreads failed with the following output:
Change Dir: /home/kenneth/nao/devtools/naoqi-sdk/doc/examples/core/wbredball/build-remote/CMakeFiles/CMakeTmp

Run Build Command:/usr/bin/make "cmTryCompileExec1155513266/fast"
/usr/bin/make -f CMakeFiles/cmTryCompileExec1155513266.dir/build.make CMakeFiles/cmTryCompileExec1155513266.dir/build
make[1]: Entering directory `/home/kenneth/nao/devtools/naoqi-sdk/doc/examples/core/wbredball/build-remote/CMakeFiles/CMakeTmp'
/usr/bin/cmake -E cmake_progress_report /home/kenneth/nao/devtools/naoqi-sdk/doc/examples/core/wbredball/build-remote/CMakeFiles/CMakeTmp/CMakeFiles 1
Building C object CMakeFiles/cmTryCompileExec1155513266.dir/CheckFunctionExists.c.o
/usr/bin/cc   -DCHECK_FUNCTION_EXISTS=pthread_create   -o CMakeFiles/cmTryCompileExec1155513266.dir/CheckFunctionExists.c.o   -c /usr/share/cmake-2.8/Modules/CheckFunctionExists.c
Linking C executable cmTryCompileExec1155513266
/usr/bin/cmake -E cmake_link_script CMakeFiles/cmTryCompileExec1155513266.dir/link.txt --verbose=1
/usr/bin/cc   -DCHECK_FUNCTION_EXISTS=pthread_create    CMakeFiles/cmTryCompileExec1155513266.dir/CheckFunctionExists.c.o  -o cmTryCompileExec1155513266 -rdynamic -lpthreads 
/usr/bin/ld: cannot find -lpthreads
collect2: error: ld returned 1 exit status
make[1]: *** [cmTryCompileExec1155513266] Error 1
make[1]: Leaving directory `/home/kenneth/nao/devtools/naoqi-sdk/doc/examples/core/wbredball/build-remote/CMakeFiles/CMakeTmp'
make: *** [cmTryCompileExec1155513266/fast] Error 2


